Log file open, 05/27/23 07:41:28
LogWindows: Failed to load 'aqProf.dll' (GetLastError=126)
LogWindows: File 'aqProf.dll' does not exist
LogWindows: Failed to load 'VtuneApi.dll' (GetLastError=126)
LogWindows: File 'VtuneApi.dll' does not exist
LogWindows: Failed to load 'VtuneApi32e.dll' (GetLastError=126)
LogWindows: File 'VtuneApi32e.dll' does not exist
LogConsoleResponse: Display: Failed to find resolution value strings in scalability ini. Falling back to default.
LogConsoleResponse: Display: Failed to find resolution value strings in scalability ini. Falling back to default.
LogInit: Display: Running engine for game: Car
LogPlatformFile: Not using cached read wrapper
LogTaskGraph: Started task graph with 5 named threads and 11 total threads with 3 sets of task threads.
LogStats: Stats thread started at 0.784364
LogICUInternationalization: ICU TimeZone Detection - Raw Offset: -8:00, Platform Override: ''
LogInit: Display: Loading text-based GConfig....
LogPluginManager: Mounting plugin MeshPainting
LogPluginManager: Mounting plugin XGEController
LogPluginManager: Mounting plugin Paper2D
LogPluginManager: Mounting plugin LiveLink
LogPluginManager: Mounting plugin AISupport
LogPluginManager: Mounting plugin EnvironmentQueryEditor
LogPluginManager: Mounting plugin LightPropagationVolume
LogPluginManager: Mounting plugin CameraShakePreviewer
LogPluginManager: Mounting plugin GameplayCameras
LogPluginManager: Mounting plugin OodleData
LogPluginManager: Mounting plugin OodleNetwork
LogPluginManager: Mounting plugin AnimationSharing
LogPluginManager: Mounting plugin CLionSourceCodeAccess
LogPluginManager: Mounting plugin CodeLiteSourceCodeAccess
LogPluginManager: Mounting plugin GitSourceControl
LogPluginManager: Mounting plugin KDevelopSourceCodeAccess
LogPluginManager: Mounting plugin NullSourceCodeAccess
LogPluginManager: Mounting plugin PerforceSourceControl
LogPluginManager: Mounting plugin PixWinPlugin
LogPluginManager: Mounting plugin PlasticSourceControl
LogPluginManager: Mounting plugin PluginUtils
LogPluginManager: Mounting plugin PropertyAccessNode
LogPluginManager: Mounting plugin RiderSourceCodeAccess
LogPluginManager: Mounting plugin SubversionSourceControl
LogPluginManager: Mounting plugin TextureFormatOodle
LogPluginManager: Mounting plugin UObjectPlugin
LogPluginManager: Mounting plugin VisualStudioCodeSourceCodeAccess
LogPluginManager: Mounting plugin VisualStudioSourceCodeAccess
LogPluginManager: Mounting plugin XCodeSourceCodeAccess
LogPluginManager: Mounting plugin DatasmithContent
LogPluginManager: Mounting plugin VariantManagerContent
LogPluginManager: Mounting plugin AlembicImporter
LogPluginManager: Mounting plugin BackChannel
LogPluginManager: Mounting plugin ChaosCloth
LogPluginManager: Mounting plugin ChaosClothEditor
LogPluginManager: Mounting plugin ChaosEditor
LogPluginManager: Mounting plugin ChaosNiagara
LogPluginManager: Mounting plugin ChaosSolverPlugin
LogPluginManager: Mounting plugin CharacterAI
LogPluginManager: Mounting plugin GeometryCache
LogPluginManager: Mounting plugin GeometryCollectionPlugin
LogPluginManager: Mounting plugin GeometryProcessing
LogPluginManager: Mounting plugin MotoSynth
LogPluginManager: Mounting plugin OpenImageDenoise
LogPluginManager: Mounting plugin PlanarCut
LogPluginManager: Mounting plugin PlatformCrypto
LogPluginManager: Mounting plugin ProxyLODPlugin
LogPluginManager: Mounting plugin PythonScriptPlugin
LogPluginManager: Mounting plugin SkeletalReduction
LogPluginManager: Mounting plugin Niagara
LogPluginManager: Mounting plugin LuminPlatformFeatures
LogPluginManager: Mounting plugin MagicLeap
LogPluginManager: Mounting plugin MagicLeapLightEstimation
LogPluginManager: Mounting plugin MagicLeapMedia
LogPluginManager: Mounting plugin MagicLeapPassableWorld
LogPluginManager: Mounting plugin MLSDK
LogPluginManager: Mounting plugin AndroidMedia
LogPluginManager: Mounting plugin AvfMedia
LogPluginManager: Mounting plugin ImgMedia
LogPluginManager: Mounting plugin MediaCompositing
LogPluginManager: Mounting plugin MediaPlayerEditor
LogPluginManager: Mounting plugin WebMMedia
LogPluginManager: Mounting plugin WmfMedia
LogPluginManager: Mounting plugin TcpMessaging
LogPluginManager: Mounting plugin UdpMessaging
LogPluginManager: Mounting plugin ActorSequence
LogPluginManager: Mounting plugin LevelSequenceEditor
LogPluginManager: Mounting plugin MatineeToLevelSequence
LogPluginManager: Mounting plugin TemplateSequence
LogPluginManager: Mounting plugin OnlineSubsystem
LogPluginManager: Mounting plugin OnlineSubsystemNull
LogPluginManager: Mounting plugin OnlineSubsystemUtils
LogPluginManager: Mounting plugin ActorLayerUtilities
LogPluginManager: Mounting plugin LauncherChunkInstaller
LogPluginManager: Mounting plugin AndroidDeviceProfileSelector
LogPluginManager: Mounting plugin AndroidMoviePlayer
LogPluginManager: Mounting plugin AndroidPermission
LogPluginManager: Mounting plugin AppleMoviePlayer
LogPluginManager: Mounting plugin AppleImageUtils
LogPluginManager: Mounting plugin ArchVisCharacter
LogPluginManager: Mounting plugin AssetTags
LogPluginManager: Mounting plugin AudioCapture
LogPluginManager: Mounting plugin AudioSynesthesia
LogPluginManager: Mounting plugin CableComponent
LogPluginManager: Mounting plugin ChunkDownloader
LogPluginManager: Mounting plugin CustomMeshComponent
LogPluginManager: Mounting plugin AutomationUtils
LogPluginManager: Mounting plugin ExampleDeviceProfileSelector
LogPluginManager: Mounting plugin GoogleCloudMessaging
LogPluginManager: Mounting plugin GooglePAD
LogPluginManager: Mounting plugin IOSDeviceProfileSelector
LogPluginManager: Mounting plugin LinuxDeviceProfileSelector
LogPluginManager: Mounting plugin LocationServicesBPLibrary
LogPluginManager: Mounting plugin MobilePatchingUtils
LogPluginManager: Mounting plugin OpenXR
LogPluginManager: Mounting plugin OpenXRHandTracking
LogPluginManager: Mounting plugin OpenXREyeTracker
LogPluginManager: Mounting plugin PhysXVehicles
LogPluginManager: Mounting plugin PostSplashScreen
LogPluginManager: Mounting plugin ProceduralMeshComponent
LogPluginManager: Mounting plugin PropertyAccessEditor
LogPluginManager: Mounting plugin RuntimePhysXCooking
LogPluginManager: Mounting plugin SignificanceManager
LogPluginManager: Mounting plugin SoundFields
LogPluginManager: Mounting plugin Synthesis
LogPluginManager: Mounting plugin WebMMoviePlayer
LogPluginManager: Mounting plugin WindowsMoviePlayer
LogPluginManager: Mounting plugin EditableMesh
LogPluginManager: Mounting plugin ScreenshotTools
LogPluginManager: Mounting plugin Takes
LogPluginManager: Mounting plugin AssetManagerEditor
LogPluginManager: Mounting plugin CryptoKeys
LogPluginManager: Mounting plugin DataValidation
LogPluginManager: Mounting plugin CurveEditorTools
LogPluginManager: Mounting plugin FacialAnimation
LogPluginManager: Mounting plugin GameplayTagsEditor
LogPluginManager: Mounting plugin GeometryMode
LogPluginManager: Mounting plugin MacGraphicsSwitching
LogPluginManager: Mounting plugin MaterialAnalyzer
LogPluginManager: Mounting plugin MobileLauncherProfileWizard
LogPluginManager: Mounting plugin PluginBrowser
LogPluginManager: Mounting plugin SpeedTreeImporter
LogPluginManager: Mounting plugin OnlineSubsystemGooglePlay
LogPluginManager: Mounting plugin OnlineSubsystemIOS
LogPluginManager: Mounting plugin OculusVR
LogPluginManager: Mounting plugin SteamVR
LogPluginManager: Mounting plugin ContentBrowserAssetDataSource
LogPluginManager: Mounting plugin ContentBrowserClassDataSource
LogPluginManager: Mounting plugin ContentBrowserFileDataSource
PixWinPlugin: PIX capture plugin failed to initialize! Check that the process is launched from PIX.
LogInit: Using libcurl 7.55.1-DEV
LogInit:  - built for x86_64-pc-win32
LogInit:  - supports SSL with OpenSSL/1.1.1
LogInit:  - supports HTTP deflate (compression) using libz 1.2.8
LogInit:  - other features:
LogInit:      CURL_VERSION_SSL
LogInit:      CURL_VERSION_LIBZ
LogInit:      CURL_VERSION_IPV6
LogInit:      CURL_VERSION_ASYNCHDNS
LogInit:      CURL_VERSION_LARGEFILE
LogInit:      CURL_VERSION_IDN
LogInit:  CurlRequestOptions (configurable via config and command line):
LogInit:  - bVerifyPeer = true  - Libcurl will verify peer certificate
LogInit:  - bUseHttpProxy = false  - Libcurl will NOT use HTTP proxy
LogInit:  - bDontReuseConnections = false  - Libcurl will reuse connections
LogInit:  - MaxHostConnections = 16  - Libcurl will limit the number of connections to a host
LogInit:  - LocalHostAddr = Default
LogInit:  - BufferSize = 65536
LogOnline: OSS: Creating online subsystem instance for: NULL
LogInit: WinSock: version 1.1 (2.2), MaxSocks=32767, MaxUdp=65467
LogOnline: OSS: TryLoadSubsystemAndSetDefault: Loaded subsystem for module [NULL]
LogOculusPluginWrapper: OculusPlugin initialized successfully
LogHMD: Failed initializing OVRPlugin 1.59.0
LogInit: Build: ++UE4+Release-4.27-CL-17155196
LogInit: Engine Version: 4.27.0-17155196+++UE4+Release-4.27
LogInit: Compatible Engine Version: 4.27.0-17155196+++UE4+Release-4.27
LogInit: Net CL: 17155196
LogInit: OS: Windows 10 (Release 2009) (), CPU: AMD A6-9225 RADEON R4, 5 COMPUTE CORES 2C+3G   , GPU: AMD Radeon(TM) R4 Graphics
LogInit: Compiled (64-bit): Aug 13 2021 06:13:13
LogInit: Compiled with Visual C++: 19.24.28315.00
LogInit: Build Configuration: Development
LogInit: Branch Name: ++UE4+Release-4.27
LogInit: Command Line: 
LogInit: Base Directory: E:/UE4/Unreal Engine v4.27 Compiled/Engine/Binaries/Win64/
LogInit: Allocator: TBB
LogInit: Installed Engine Build: 1
LogDevObjectVersion: Number of dev versions registered: 29
LogDevObjectVersion:   Dev-Blueprints (B0D832E4-1F89-4F0D-ACCF-7EB736FD4AA2): 10
LogDevObjectVersion:   Dev-Build (E1C64328-A22C-4D53-A36C-8E866417BD8C): 0
LogDevObjectVersion:   Dev-Core (375EC13C-06E4-48FB-B500-84F0262A717E): 4
LogDevObjectVersion:   Dev-Editor (E4B068ED-F494-42E9-A231-DA0B2E46BB41): 40
LogDevObjectVersion:   Dev-Framework (CFFC743F-43B0-4480-9391-14DF171D2073): 37
LogDevObjectVersion:   Dev-Mobile (B02B49B5-BB20-44E9-A304-32B752E40360): 3
LogDevObjectVersion:   Dev-Networking (A4E4105C-59A1-49B5-A7C5-40C4547EDFEE): 0
LogDevObjectVersion:   Dev-Online (39C831C9-5AE6-47DC-9A44-9C173E1C8E7C): 0
LogDevObjectVersion:   Dev-Physics (78F01B33-EBEA-4F98-B9B4-84EACCB95AA2): 14
LogDevObjectVersion:   Dev-Platform (6631380F-2D4D-43E0-8009-CF276956A95A): 0
LogDevObjectVersion:   Dev-Rendering (12F88B9F-8875-4AFC-A67C-D90C383ABD29): 45
LogDevObjectVersion:   Dev-Sequencer (7B5AE74C-D270-4C10-A958-57980B212A5A): 13
LogDevObjectVersion:   Dev-VR (D7296918-1DD6-4BDD-9DE2-64A83CC13884): 3
LogDevObjectVersion:   Dev-LoadTimes (C2A15278-BFE7-4AFE-6C17-90FF531DF755): 1
LogDevObjectVersion:   Private-Geometry (6EACA3D4-40EC-4CC1-B786-8BED09428FC5): 3
LogDevObjectVersion:   Dev-AnimPhys (29E575DD-E0A3-4627-9D10-D276232CDCEA): 17
LogDevObjectVersion:   Dev-Anim (AF43A65D-7FD3-4947-9873-3E8ED9C1BB05): 15
LogDevObjectVersion:   Dev-ReflectionCapture (6B266CEC-1EC7-4B8F-A30B-E4D90942FC07): 1
LogDevObjectVersion:   Dev-Automation (0DF73D61-A23F-47EA-B727-89E90C41499A): 1
LogDevObjectVersion:   FortniteMain (601D1886-AC64-4F84-AA16-D3DE0DEAC7D6): 47
LogDevObjectVersion:   FortniteRelease (E7086368-6B23-4C58-8439-1B7016265E91): 1
LogDevObjectVersion:   Dev-Enterprise (9DFFBCD6-494F-0158-E221-12823C92A888): 10
LogDevObjectVersion:   Dev-Niagara (F2AED0AC-9AFE-416F-8664-AA7FFA26D6FC): 1
LogDevObjectVersion:   Dev-Destruction (174F1F0B-B4C6-45A5-B13F-2EE8D0FB917D): 10
LogDevObjectVersion:   Dev-Physics-Ext (35F94A83-E258-406C-A318-09F59610247C): 41
LogDevObjectVersion:   Dev-PhysicsMaterial-Chaos (B68FC16E-8B1B-42E2-B453-215C058844FE): 1
LogDevObjectVersion:   Dev-CineCamera (B2E18506-4273-CFC2-A54E-F4BB758BBA07): 1
LogDevObjectVersion:   Dev-VirtualProduction (64F58936-FD1B-42BA-BA96-7289D5D0FA4E): 1
LogDevObjectVersion:   Dev-MediaFramework (6F0ED827-A609-4895-9C91-998D90180EA4): 2
LogInit: Presizing for max 25165824 objects, including 0 objects not considered by GC, pre-allocating 0 bytes for permanent pool.
LogConfig: Applying CVar settings from Section [/Script/Engine.StreamingSettings] File [C:/Users/pardazsh/Desktop/project1/project1/Car/Saved/Config/Windows/Engine.ini]
LogConfig: Setting CVar [[s.MinBulkDataSizeForAsyncLoading:131072]]
LogConfig: Setting CVar [[s.AsyncLoadingThreadEnabled:0]]
LogConfig: Setting CVar [[s.EventDrivenLoaderEnabled:1]]
LogConfig: Setting CVar [[s.WarnIfTimeLimitExceeded:0]]
LogConfig: Setting CVar [[s.TimeLimitExceededMultiplier:1.5]]
LogConfig: Setting CVar [[s.TimeLimitExceededMinTime:0.005]]
LogConfig: Setting CVar [[s.UseBackgroundLevelStreaming:1]]
LogConfig: Setting CVar [[s.PriorityAsyncLoadingExtraTime:15.0]]
LogConfig: Setting CVar [[s.LevelStreamingActorsUpdateTimeLimit:5.0]]
LogConfig: Setting CVar [[s.PriorityLevelStreamingActorsUpdateExtraTime:5.0]]
LogConfig: Setting CVar [[s.LevelStreamingComponentsRegistrationGranularity:10]]
LogConfig: Setting CVar [[s.UnregisterComponentsTimeLimit:1.0]]
LogConfig: Setting CVar [[s.LevelStreamingComponentsUnregistrationGranularity:5]]
LogConfig: Setting CVar [[s.FlushStreamingOnExit:1]]
LogInit: Object subsystem initialized
LogConfig: Setting CVar [[con.DebugEarlyDefault:1]]
LogConfig: Setting CVar [[r.setres:1280x720]]
[2023.05.27-14.41.31:906][  0]LogConfig: Setting CVar [[r.VSync:0]]
[2023.05.27-14.41.31:906][  0]LogConfig: Setting CVar [[r.RHICmdBypass:0]]
[2023.05.27-14.41.31:906][  0]LogConfig: Applying CVar settings from Section [/Script/Engine.RendererSettings] File [C:/Users/pardazsh/Desktop/project1/project1/Car/Saved/Config/Windows/Engine.ini]
[2023.05.27-14.41.31:906][  0]LogConfig: Setting CVar [[r.GPUCrashDebugging:0]]
[2023.05.27-14.41.31:906][  0]LogConfig: Applying CVar settings from Section [/Script/Engine.RendererOverrideSettings] File [C:/Users/pardazsh/Desktop/project1/project1/Car/Saved/Config/Windows/Engine.ini]
[2023.05.27-14.41.31:906][  0]LogConfig: Applying CVar settings from Section [/Script/Engine.StreamingSettings] File [C:/Users/pardazsh/Desktop/project1/project1/Car/Saved/Config/Windows/Engine.ini]
[2023.05.27-14.41.31:906][  0]LogConfig: Setting CVar [[s.MinBulkDataSizeForAsyncLoading:131072]]
[2023.05.27-14.41.31:906][  0]LogConfig: Setting CVar [[s.AsyncLoadingThreadEnabled:0]]
[2023.05.27-14.41.31:906][  0]LogConfig: Setting CVar [[s.EventDrivenLoaderEnabled:1]]
[2023.05.27-14.41.31:906][  0]LogConfig: Setting CVar [[s.WarnIfTimeLimitExceeded:0]]
[2023.05.27-14.41.31:906][  0]LogConfig: Setting CVar [[s.TimeLimitExceededMultiplier:1.5]]
[2023.05.27-14.41.31:906][  0]LogConfig: Setting CVar [[s.TimeLimitExceededMinTime:0.005]]
[2023.05.27-14.41.31:906][  0]LogConfig: Setting CVar [[s.UseBackgroundLevelStreaming:1]]
[2023.05.27-14.41.31:906][  0]LogConfig: Setting CVar [[s.PriorityAsyncLoadingExtraTime:15.0]]
[2023.05.27-14.41.31:906][  0]LogConfig: Setting CVar [[s.LevelStreamingActorsUpdateTimeLimit:5.0]]
[2023.05.27-14.41.31:906][  0]LogConfig: Setting CVar [[s.PriorityLevelStreamingActorsUpdateExtraTime:5.0]]
[2023.05.27-14.41.31:906][  0]LogConfig: Setting CVar [[s.LevelStreamingComponentsRegistrationGranularity:10]]
[2023.05.27-14.41.31:906][  0]LogConfig: Setting CVar [[s.UnregisterComponentsTimeLimit:1.0]]
[2023.05.27-14.41.31:907][  0]LogConfig: Setting CVar [[s.LevelStreamingComponentsUnregistrationGranularity:5]]
[2023.05.27-14.41.31:907][  0]LogConfig: Setting CVar [[s.FlushStreamingOnExit:1]]
[2023.05.27-14.41.31:907][  0]LogConfig: Applying CVar settings from Section [/Script/Engine.GarbageCollectionSettings] File [C:/Users/pardazsh/Desktop/project1/project1/Car/Saved/Config/Windows/Engine.ini]
[2023.05.27-14.41.31:907][  0]LogConfig: Setting CVar [[gc.MaxObjectsNotConsideredByGC:1]]
[2023.05.27-14.41.31:907][  0]LogConfig: Setting CVar [[gc.SizeOfPermanentObjectPool:0]]
[2023.05.27-14.41.31:907][  0]LogConfig: Setting CVar [[gc.FlushStreamingOnGC:0]]
[2023.05.27-14.41.31:907][  0]LogConfig: Setting CVar [[gc.NumRetriesBeforeForcingGC:10]]
[2023.05.27-14.41.31:907][  0]LogConfig: Setting CVar [[gc.AllowParallelGC:1]]
[2023.05.27-14.41.31:907][  0]LogConfig: Setting CVar [[gc.TimeBetweenPurgingPendingKillObjects:61.1]]
[2023.05.27-14.41.31:907][  0]LogConfig: Setting CVar [[gc.MaxObjectsInEditor:25165824]]
[2023.05.27-14.41.31:907][  0]LogConfig: Setting CVar [[gc.IncrementalBeginDestroyEnabled:1]]
[2023.05.27-14.41.31:907][  0]LogConfig: Setting CVar [[gc.CreateGCClusters:1]]
[2023.05.27-14.41.31:907][  0]LogConfig: Setting CVar [[gc.MinGCClusterSize:5]]
[2023.05.27-14.41.31:907][  0]LogConfig: Setting CVar [[gc.ActorClusteringEnabled:0]]
[2023.05.27-14.41.31:907][  0]LogConfig: Setting CVar [[gc.BlueprintClusteringEnabled:0]]
[2023.05.27-14.41.31:907][  0]LogConfig: Setting CVar [[gc.UseDisregardForGCOnDedicatedServers:0]]
[2023.05.27-14.41.31:907][  0]LogConfig: Setting CVar [[gc.MultithreadedDestructionEnabled:1]]
[2023.05.27-14.41.31:907][  0]LogConfig: Applying CVar settings from Section [/Script/Engine.NetworkSettings] File [C:/Users/pardazsh/Desktop/project1/project1/Car/Saved/Config/Windows/Engine.ini]
[2023.05.27-14.41.31:907][  0]LogConfig: Applying CVar settings from Section [/Script/UnrealEd.CookerSettings] File [C:/Users/pardazsh/Desktop/project1/project1/Car/Saved/Config/Windows/Engine.ini]
[2023.05.27-14.41.31:913][  0]LogConfig: Applying CVar settings from Section [ViewDistanceQuality@3] File [C:/Users/pardazsh/Desktop/project1/project1/Car/Saved/Config/Windows/Scalability.ini]
[2023.05.27-14.41.31:913][  0]LogConfig: Setting CVar [[r.SkeletalMeshLODBias:0]]
[2023.05.27-14.41.31:913][  0]LogConfig: Setting CVar [[r.ViewDistanceScale:1.0]]
[2023.05.27-14.41.31:913][  0]LogConfig: Applying CVar settings from Section [AntiAliasingQuality@3] File [C:/Users/pardazsh/Desktop/project1/project1/Car/Saved/Config/Windows/Scalability.ini]
[2023.05.27-14.41.31:913][  0]LogConfig: Setting CVar [[r.PostProcessAAQuality:4]]
[2023.05.27-14.41.31:913][  0]LogConfig: Applying CVar settings from Section [ShadowQuality@3] File [C:/Users/pardazsh/Desktop/project1/project1/Car/Saved/Config/Windows/Scalability.ini]
[2023.05.27-14.41.31:913][  0]LogConfig: Setting CVar [[r.LightFunctionQuality:1]]
[2023.05.27-14.41.31:913][  0]LogConfig: Setting CVar [[r.ShadowQuality:5]]
[2023.05.27-14.41.31:913][  0]LogConfig: Setting CVar [[r.Shadow.CSM.MaxCascades:10]]
[2023.05.27-14.41.31:913][  0]LogConfig: Setting CVar [[r.Shadow.MaxResolution:2048]]
[2023.05.27-14.41.31:913][  0]LogConfig: Setting CVar [[r.Shadow.MaxCSMResolution:2048]]
[2023.05.27-14.41.31:913][  0]LogConfig: Setting CVar [[r.Shadow.RadiusThreshold:0.01]]
[2023.05.27-14.41.31:913][  0]LogConfig: Setting CVar [[r.Shadow.DistanceScale:1.0]]
[2023.05.27-14.41.31:913][  0]LogConfig: Setting CVar [[r.Shadow.CSM.TransitionScale:1.0]]
[2023.05.27-14.41.31:913][  0]LogConfig: Setting CVar [[r.Shadow.PreShadowResolutionFactor:1.0]]
[2023.05.27-14.41.31:913][  0]LogConfig: Setting CVar [[r.DistanceFieldShadowing:1]]
[2023.05.27-14.41.31:913][  0]LogConfig: Setting CVar [[r.DistanceFieldAO:1]]
[2023.05.27-14.41.31:913][  0]LogConfig: Setting CVar [[r.AOQuality:2]]
[2023.05.27-14.41.31:913][  0]LogConfig: Setting CVar [[r.VolumetricFog:1]]
[2023.05.27-14.41.31:913][  0]LogConfig: Setting CVar [[r.VolumetricFog.GridPixelSize:8]]
[2023.05.27-14.41.31:913][  0]LogConfig: Setting CVar [[r.VolumetricFog.GridSizeZ:128]]
[2023.05.27-14.41.31:913][  0]LogConfig: Setting CVar [[r.VolumetricFog.HistoryMissSupersampleCount:4]]
[2023.05.27-14.41.31:913][  0]LogConfig: Setting CVar [[r.LightMaxDrawDistanceScale:1]]
[2023.05.27-14.41.31:913][  0]LogConfig: Setting CVar [[r.CapsuleShadows:1]]
[2023.05.27-14.41.31:913][  0]LogConfig: Applying CVar settings from Section [PostProcessQuality@3] File [C:/Users/pardazsh/Desktop/project1/project1/Car/Saved/Config/Windows/Scalability.ini]
[2023.05.27-14.41.31:913][  0]LogConfig: Setting CVar [[r.MotionBlurQuality:4]]
[2023.05.27-14.41.31:913][  0]LogConfig: Setting CVar [[r.AmbientOcclusionMipLevelFactor:0.4]]
[2023.05.27-14.41.31:913][  0]LogConfig: Setting CVar [[r.AmbientOcclusionMaxQuality:100]]
[2023.05.27-14.41.31:913][  0]LogConfig: Setting CVar [[r.AmbientOcclusionLevels:-1]]
[2023.05.27-14.41.31:913][  0]LogConfig: Setting CVar [[r.AmbientOcclusionRadiusScale:1.0]]
[2023.05.27-14.41.31:913][  0]LogConfig: Setting CVar [[r.DepthOfFieldQuality:2]]
[2023.05.27-14.41.31:913][  0]LogConfig: Setting CVar [[r.RenderTargetPoolMin:400]]
[2023.05.27-14.41.31:914][  0]LogConfig: Setting CVar [[r.LensFlareQuality:2]]
[2023.05.27-14.41.31:914][  0]LogConfig: Setting CVar [[r.SceneColorFringeQuality:1]]
[2023.05.27-14.41.31:914][  0]LogConfig: Setting CVar [[r.EyeAdaptationQuality:2]]
[2023.05.27-14.41.31:914][  0]LogConfig: Setting CVar [[r.BloomQuality:5]]
[2023.05.27-14.41.31:914][  0]LogConfig: Setting CVar [[r.FastBlurThreshold:100]]
[2023.05.27-14.41.31:914][  0]LogConfig: Setting CVar [[r.Upscale.Quality:3]]
[2023.05.27-14.41.31:914][  0]LogConfig: Setting CVar [[r.Tonemapper.GrainQuantization:1]]
[2023.05.27-14.41.31:914][  0]LogConfig: Setting CVar [[r.LightShaftQuality:1]]
[2023.05.27-14.41.31:914][  0]LogConfig: Setting CVar [[r.Filter.SizeScale:1]]
[2023.05.27-14.41.31:914][  0]LogConfig: Setting CVar [[r.Tonemapper.Quality:5]]
[2023.05.27-14.41.31:914][  0]LogConfig: Setting CVar [[r.DOF.Gather.AccumulatorQuality:1        ; higher gathering accumulator quality]]
[2023.05.27-14.41.31:914][  0]LogConfig: Setting CVar [[r.DOF.Gather.PostfilterMethod:1          ; Median3x3 postfilering method]]
[2023.05.27-14.41.31:914][  0]LogConfig: Setting CVar [[r.DOF.Gather.EnableBokehSettings:0       ; no bokeh simulation when gathering]]
[2023.05.27-14.41.31:914][  0]LogConfig: Setting CVar [[r.DOF.Gather.RingCount:4                 ; medium number of samples when gathering]]
[2023.05.27-14.41.31:914][  0]LogConfig: Setting CVar [[r.DOF.Scatter.ForegroundCompositing:1    ; additive foreground scattering]]
[2023.05.27-14.41.31:914][  0]LogConfig: Setting CVar [[r.DOF.Scatter.BackgroundCompositing:2    ; additive background scattering]]
[2023.05.27-14.41.31:914][  0]LogConfig: Setting CVar [[r.DOF.Scatter.EnableBokehSettings:1      ; bokeh simulation when scattering]]
[2023.05.27-14.41.31:914][  0]LogConfig: Setting CVar [[r.DOF.Scatter.MaxSpriteRatio:0.1         ; only a maximum of 10% of scattered bokeh]]
[2023.05.27-14.41.31:914][  0]LogConfig: Setting CVar [[r.DOF.Recombine.Quality:1                ; cheap slight out of focus]]
[2023.05.27-14.41.31:914][  0]LogConfig: Setting CVar [[r.DOF.Recombine.EnableBokehSettings:0    ; no bokeh simulation on slight out of focus]]
[2023.05.27-14.41.31:914][  0]LogConfig: Setting CVar [[r.DOF.TemporalAAQuality:1                ; more stable temporal accumulation]]
[2023.05.27-14.41.31:914][  0]LogConfig: Setting CVar [[r.DOF.Kernel.MaxForegroundRadius:0.025]]
[2023.05.27-14.41.31:914][  0]LogConfig: Setting CVar [[r.DOF.Kernel.MaxBackgroundRadius:0.025]]
[2023.05.27-14.41.31:914][  0]LogConfig: Applying CVar settings from Section [TextureQuality@3] File [C:/Users/pardazsh/Desktop/project1/project1/Car/Saved/Config/Windows/Scalability.ini]
[2023.05.27-14.41.31:914][  0]LogConfig: Setting CVar [[r.Streaming.MipBias:0]]
[2023.05.27-14.41.31:914][  0]LogConfig: Setting CVar [[r.Streaming.AmortizeCPUToGPUCopy:0]]
[2023.05.27-14.41.31:914][  0]LogConfig: Setting CVar [[r.Streaming.MaxNumTexturesToStreamPerFrame:0]]
[2023.05.27-14.41.31:914][  0]LogConfig: Setting CVar [[r.Streaming.Boost:1]]
[2023.05.27-14.41.31:914][  0]LogConfig: Setting CVar [[r.MaxAnisotropy:8]]
[2023.05.27-14.41.31:914][  0]LogConfig: Setting CVar [[r.VT.MaxAnisotropy:8]]
[2023.05.27-14.41.31:914][  0]LogConfig: Setting CVar [[r.Streaming.LimitPoolSizeToVRAM:0]]
[2023.05.27-14.41.31:914][  0]LogConfig: Setting CVar [[r.Streaming.PoolSize:1000]]
[2023.05.27-14.41.31:914][  0]LogConfig: Setting CVar [[r.Streaming.MaxEffectiveScreenSize:0]]
[2023.05.27-14.41.31:914][  0]LogConfig: Applying CVar settings from Section [EffectsQuality@3] File [C:/Users/pardazsh/Desktop/project1/project1/Car/Saved/Config/Windows/Scalability.ini]
[2023.05.27-14.41.31:914][  0]LogConfig: Setting CVar [[r.TranslucencyLightingVolumeDim:64]]
[2023.05.27-14.41.31:914][  0]LogConfig: Setting CVar [[r.RefractionQuality:2]]
[2023.05.27-14.41.31:914][  0]LogConfig: Setting CVar [[r.SSR.Quality:3]]
[2023.05.27-14.41.31:914][  0]LogConfig: Setting CVar [[r.SSR.HalfResSceneColor:0]]
[2023.05.27-14.41.31:914][  0]LogConfig: Setting CVar [[r.SceneColorFormat:4]]
[2023.05.27-14.41.31:914][  0]LogConfig: Setting CVar [[r.DetailMode:2]]
[2023.05.27-14.41.31:914][  0]LogConfig: Setting CVar [[r.TranslucencyVolumeBlur:1]]
[2023.05.27-14.41.31:914][  0]LogConfig: Setting CVar [[r.MaterialQualityLevel:1 ; High quality]]
[2023.05.27-14.41.31:914][  0]LogConfig: Setting CVar [[r.AnisotropicMaterials:1]]
[2023.05.27-14.41.31:914][  0]LogConfig: Setting CVar [[r.SSS.Scale:1]]
[2023.05.27-14.41.31:915][  0]LogConfig: Setting CVar [[r.SSS.SampleSet:2]]
[2023.05.27-14.41.31:915][  0]LogConfig: Setting CVar [[r.SSS.Quality:1]]
[2023.05.27-14.41.31:915][  0]LogConfig: Setting CVar [[r.SSS.HalfRes:0]]
[2023.05.27-14.41.31:915][  0]LogConfig: Setting CVar [[r.SSGI.Quality:3]]
[2023.05.27-14.41.31:915][  0]LogConfig: Setting CVar [[r.EmitterSpawnRateScale:1.0]]
[2023.05.27-14.41.31:915][  0]LogConfig: Setting CVar [[r.ParticleLightQuality:2]]
[2023.05.27-14.41.31:915][  0]LogConfig: Setting CVar [[r.SkyAtmosphere.AerialPerspectiveLUT.FastApplyOnOpaque:1 ; Always have FastSkyLUT 1 in this case to avoid wrong sky]]
[2023.05.27-14.41.31:915][  0]LogConfig: Setting CVar [[r.SkyAtmosphere.AerialPerspectiveLUT.SampleCountMaxPerSlice:4]]
[2023.05.27-14.41.31:915][  0]LogConfig: Setting CVar [[r.SkyAtmosphere.AerialPerspectiveLUT.DepthResolution:16.0]]
[2023.05.27-14.41.31:915][  0]LogConfig: Setting CVar [[r.SkyAtmosphere.FastSkyLUT:1]]
[2023.05.27-14.41.31:915][  0]LogConfig: Setting CVar [[r.SkyAtmosphere.FastSkyLUT.SampleCountMin:4.0]]
[2023.05.27-14.41.31:915][  0]LogConfig: Setting CVar [[r.SkyAtmosphere.FastSkyLUT.SampleCountMax:128.0]]
[2023.05.27-14.41.31:915][  0]LogConfig: Setting CVar [[r.SkyAtmosphere.SampleCountMin:4.0]]
[2023.05.27-14.41.31:915][  0]LogConfig: Setting CVar [[r.SkyAtmosphere.SampleCountMax:128.0]]
[2023.05.27-14.41.31:915][  0]LogConfig: Setting CVar [[r.SkyAtmosphere.TransmittanceLUT.UseSmallFormat:0]]
[2023.05.27-14.41.31:915][  0]LogConfig: Setting CVar [[r.SkyAtmosphere.TransmittanceLUT.SampleCount:10.0]]
[2023.05.27-14.41.31:915][  0]LogConfig: Setting CVar [[r.SkyAtmosphere.MultiScatteringLUT.SampleCount:15.0]]
[2023.05.27-14.41.31:915][  0]LogConfig: Setting CVar [[r.SkyLight.RealTimeReflectionCapture:1]]
[2023.05.27-14.41.31:915][  0]LogConfig: Applying CVar settings from Section [FoliageQuality@3] File [C:/Users/pardazsh/Desktop/project1/project1/Car/Saved/Config/Windows/Scalability.ini]
[2023.05.27-14.41.31:915][  0]LogConfig: Setting CVar [[foliage.DensityScale:1.0]]
[2023.05.27-14.41.31:915][  0]LogConfig: Setting CVar [[grass.DensityScale:1.0]]
[2023.05.27-14.41.31:915][  0]LogConfig: Applying CVar settings from Section [ShadingQuality@3] File [C:/Users/pardazsh/Desktop/project1/project1/Car/Saved/Config/Windows/Scalability.ini]
[2023.05.27-14.41.31:915][  0]LogConfig: Setting CVar [[r.HairStrands.SkyLighting.IntegrationType:2]]
[2023.05.27-14.41.31:915][  0]LogConfig: Setting CVar [[r.HairStrands.SkyAO.SampleCount:4]]
[2023.05.27-14.41.31:915][  0]LogConfig: Setting CVar [[r.HairStrands.Visibility.MSAA.SamplePerPixel:4]]
[2023.05.27-14.41.31:915][  0]LogInit: Selected Device Profile: [Windows]
[2023.05.27-14.41.31:915][  0]LogInit: Applying CVar settings loaded from the selected device profile: [Windows]
[2023.05.27-14.41.31:915][  0]LogHAL: Display: Platform has ~ 8 GB [8018751488 / 8589934592 / 8], which maps to Default [LargestMinGB=32, LargerMinGB=12, DefaultMinGB=8, SmallerMinGB=6, SmallestMinGB=0)
[2023.05.27-14.41.31:915][  0]LogInit: Going up to parent DeviceProfile []
[2023.05.27-14.41.31:915][  0]LogConfig: Applying CVar settings from Section [ViewDistanceQuality@3] File [C:/Users/pardazsh/Desktop/project1/project1/Car/Saved/Config/Windows/Scalability.ini]
[2023.05.27-14.41.31:915][  0]LogConfig: Setting CVar [[r.SkeletalMeshLODBias:0]]
[2023.05.27-14.41.31:915][  0]LogConfig: Setting CVar [[r.ViewDistanceScale:1.0]]
[2023.05.27-14.41.31:915][  0]LogConfig: Applying CVar settings from Section [AntiAliasingQuality@3] File [C:/Users/pardazsh/Desktop/project1/project1/Car/Saved/Config/Windows/Scalability.ini]
[2023.05.27-14.41.31:915][  0]LogConfig: Setting CVar [[r.PostProcessAAQuality:4]]
[2023.05.27-14.41.31:915][  0]LogConfig: Applying CVar settings from Section [ShadowQuality@3] File [C:/Users/pardazsh/Desktop/project1/project1/Car/Saved/Config/Windows/Scalability.ini]
[2023.05.27-14.41.31:915][  0]LogConfig: Setting CVar [[r.LightFunctionQuality:1]]
[2023.05.27-14.41.31:915][  0]LogConfig: Setting CVar [[r.ShadowQuality:5]]
[2023.05.27-14.41.31:915][  0]LogConfig: Setting CVar [[r.Shadow.CSM.MaxCascades:10]]
[2023.05.27-14.41.31:916][  0]LogConfig: Setting CVar [[r.Shadow.MaxResolution:2048]]
[2023.05.27-14.41.31:916][  0]LogConfig: Setting CVar [[r.Shadow.MaxCSMResolution:2048]]
[2023.05.27-14.41.31:916][  0]LogConfig: Setting CVar [[r.Shadow.RadiusThreshold:0.01]]
[2023.05.27-14.41.31:916][  0]LogConfig: Setting CVar [[r.Shadow.DistanceScale:1.0]]
[2023.05.27-14.41.31:916][  0]LogConfig: Setting CVar [[r.Shadow.CSM.TransitionScale:1.0]]
[2023.05.27-14.41.31:916][  0]LogConfig: Setting CVar [[r.Shadow.PreShadowResolutionFactor:1.0]]
[2023.05.27-14.41.31:916][  0]LogConfig: Setting CVar [[r.DistanceFieldShadowing:1]]
[2023.05.27-14.41.31:916][  0]LogConfig: Setting CVar [[r.DistanceFieldAO:1]]
[2023.05.27-14.41.31:916][  0]LogConfig: Setting CVar [[r.AOQuality:2]]
[2023.05.27-14.41.31:916][  0]LogConfig: Setting CVar [[r.VolumetricFog:1]]
[2023.05.27-14.41.31:916][  0]LogConfig: Setting CVar [[r.VolumetricFog.GridPixelSize:8]]
[2023.05.27-14.41.31:916][  0]LogConfig: Setting CVar [[r.VolumetricFog.GridSizeZ:128]]
[2023.05.27-14.41.31:916][  0]LogConfig: Setting CVar [[r.VolumetricFog.HistoryMissSupersampleCount:4]]
[2023.05.27-14.41.31:916][  0]LogConfig: Setting CVar [[r.LightMaxDrawDistanceScale:1]]
[2023.05.27-14.41.31:916][  0]LogConfig: Setting CVar [[r.CapsuleShadows:1]]
[2023.05.27-14.41.31:916][  0]LogConfig: Applying CVar settings from Section [PostProcessQuality@3] File [C:/Users/pardazsh/Desktop/project1/project1/Car/Saved/Config/Windows/Scalability.ini]
[2023.05.27-14.41.31:916][  0]LogConfig: Setting CVar [[r.MotionBlurQuality:4]]
[2023.05.27-14.41.31:916][  0]LogConfig: Setting CVar [[r.AmbientOcclusionMipLevelFactor:0.4]]
[2023.05.27-14.41.31:916][  0]LogConfig: Setting CVar [[r.AmbientOcclusionMaxQuality:100]]
[2023.05.27-14.41.31:916][  0]LogConfig: Setting CVar [[r.AmbientOcclusionLevels:-1]]
[2023.05.27-14.41.31:916][  0]LogConfig: Setting CVar [[r.AmbientOcclusionRadiusScale:1.0]]
[2023.05.27-14.41.31:916][  0]LogConfig: Setting CVar [[r.DepthOfFieldQuality:2]]
[2023.05.27-14.41.31:916][  0]LogConfig: Setting CVar [[r.RenderTargetPoolMin:400]]
[2023.05.27-14.41.31:916][  0]LogConfig: Setting CVar [[r.LensFlareQuality:2]]
[2023.05.27-14.41.31:916][  0]LogConfig: Setting CVar [[r.SceneColorFringeQuality:1]]
[2023.05.27-14.41.31:916][  0]LogConfig: Setting CVar [[r.EyeAdaptationQuality:2]]
[2023.05.27-14.41.31:916][  0]LogConfig: Setting CVar [[r.BloomQuality:5]]
[2023.05.27-14.41.31:916][  0]LogConfig: Setting CVar [[r.FastBlurThreshold:100]]
[2023.05.27-14.41.31:916][  0]LogConfig: Setting CVar [[r.Upscale.Quality:3]]
[2023.05.27-14.41.31:916][  0]LogConfig: Setting CVar [[r.Tonemapper.GrainQuantization:1]]
[2023.05.27-14.41.31:916][  0]LogConfig: Setting CVar [[r.LightShaftQuality:1]]
[2023.05.27-14.41.31:916][  0]LogConfig: Setting CVar [[r.Filter.SizeScale:1]]
[2023.05.27-14.41.31:916][  0]LogConfig: Setting CVar [[r.Tonemapper.Quality:5]]
[2023.05.27-14.41.31:916][  0]LogConfig: Setting CVar [[r.DOF.Gather.AccumulatorQuality:1        ; higher gathering accumulator quality]]
[2023.05.27-14.41.31:916][  0]LogConfig: Setting CVar [[r.DOF.Gather.PostfilterMethod:1          ; Median3x3 postfilering method]]
[2023.05.27-14.41.31:916][  0]LogConfig: Setting CVar [[r.DOF.Gather.EnableBokehSettings:0       ; no bokeh simulation when gathering]]
[2023.05.27-14.41.31:916][  0]LogConfig: Setting CVar [[r.DOF.Gather.RingCount:4                 ; medium number of samples when gathering]]
[2023.05.27-14.41.31:916][  0]LogConfig: Setting CVar [[r.DOF.Scatter.ForegroundCompositing:1    ; additive foreground scattering]]
[2023.05.27-14.41.31:916][  0]LogConfig: Setting CVar [[r.DOF.Scatter.BackgroundCompositing:2    ; additive background scattering]]
[2023.05.27-14.41.31:916][  0]LogConfig: Setting CVar [[r.DOF.Scatter.EnableBokehSettings:1      ; bokeh simulation when scattering]]
[2023.05.27-14.41.31:916][  0]LogConfig: Setting CVar [[r.DOF.Scatter.MaxSpriteRatio:0.1         ; only a maximum of 10% of scattered bokeh]]
[2023.05.27-14.41.31:916][  0]LogConfig: Setting CVar [[r.DOF.Recombine.Quality:1                ; cheap slight out of focus]]
[2023.05.27-14.41.31:916][  0]LogConfig: Setting CVar [[r.DOF.Recombine.EnableBokehSettings:0    ; no bokeh simulation on slight out of focus]]
[2023.05.27-14.41.31:916][  0]LogConfig: Setting CVar [[r.DOF.TemporalAAQuality:1                ; more stable temporal accumulation]]
[2023.05.27-14.41.31:916][  0]LogConfig: Setting CVar [[r.DOF.Kernel.MaxForegroundRadius:0.025]]
[2023.05.27-14.41.31:916][  0]LogConfig: Setting CVar [[r.DOF.Kernel.MaxBackgroundRadius:0.025]]
[2023.05.27-14.41.31:916][  0]LogConfig: Applying CVar settings from Section [TextureQuality@3] File [C:/Users/pardazsh/Desktop/project1/project1/Car/Saved/Config/Windows/Scalability.ini]
[2023.05.27-14.41.31:916][  0]LogConfig: Setting CVar [[r.Streaming.MipBias:0]]
[2023.05.27-14.41.31:917][  0]LogConfig: Setting CVar [[r.Streaming.AmortizeCPUToGPUCopy:0]]
[2023.05.27-14.41.31:917][  0]LogConfig: Setting CVar [[r.Streaming.MaxNumTexturesToStreamPerFrame:0]]
[2023.05.27-14.41.31:917][  0]LogConfig: Setting CVar [[r.Streaming.Boost:1]]
[2023.05.27-14.41.31:917][  0]LogConfig: Setting CVar [[r.MaxAnisotropy:8]]
[2023.05.27-14.41.31:917][  0]LogConfig: Setting CVar [[r.VT.MaxAnisotropy:8]]
[2023.05.27-14.41.31:917][  0]LogConfig: Setting CVar [[r.Streaming.LimitPoolSizeToVRAM:0]]
[2023.05.27-14.41.31:917][  0]LogConfig: Setting CVar [[r.Streaming.PoolSize:1000]]
[2023.05.27-14.41.31:917][  0]LogConfig: Setting CVar [[r.Streaming.MaxEffectiveScreenSize:0]]
[2023.05.27-14.41.31:917][  0]LogConfig: Applying CVar settings from Section [EffectsQuality@3] File [C:/Users/pardazsh/Desktop/project1/project1/Car/Saved/Config/Windows/Scalability.ini]
[2023.05.27-14.41.31:917][  0]LogConfig: Setting CVar [[r.TranslucencyLightingVolumeDim:64]]
[2023.05.27-14.41.31:917][  0]LogConfig: Setting CVar [[r.RefractionQuality:2]]
[2023.05.27-14.41.31:917][  0]LogConfig: Setting CVar [[r.SSR.Quality:3]]
[2023.05.27-14.41.31:917][  0]LogConfig: Setting CVar [[r.SSR.HalfResSceneColor:0]]
[2023.05.27-14.41.31:917][  0]LogConfig: Setting CVar [[r.SceneColorFormat:4]]
[2023.05.27-14.41.31:917][  0]LogConfig: Setting CVar [[r.DetailMode:2]]
[2023.05.27-14.41.31:917][  0]LogConfig: Setting CVar [[r.TranslucencyVolumeBlur:1]]
[2023.05.27-14.41.31:917][  0]LogConfig: Setting CVar [[r.MaterialQualityLevel:1 ; High quality]]
[2023.05.27-14.41.31:917][  0]LogConfig: Setting CVar [[r.AnisotropicMaterials:1]]
[2023.05.27-14.41.31:917][  0]LogConfig: Setting CVar [[r.SSS.Scale:1]]
[2023.05.27-14.41.31:917][  0]LogConfig: Setting CVar [[r.SSS.SampleSet:2]]
[2023.05.27-14.41.31:917][  0]LogConfig: Setting CVar [[r.SSS.Quality:1]]
[2023.05.27-14.41.31:917][  0]LogConfig: Setting CVar [[r.SSS.HalfRes:0]]
[2023.05.27-14.41.31:917][  0]LogConfig: Setting CVar [[r.SSGI.Quality:3]]
[2023.05.27-14.41.31:917][  0]LogConfig: Setting CVar [[r.EmitterSpawnRateScale:1.0]]
[2023.05.27-14.41.31:917][  0]LogConfig: Setting CVar [[r.ParticleLightQuality:2]]
[2023.05.27-14.41.31:917][  0]LogConfig: Setting CVar [[r.SkyAtmosphere.AerialPerspectiveLUT.FastApplyOnOpaque:1 ; Always have FastSkyLUT 1 in this case to avoid wrong sky]]
[2023.05.27-14.41.31:917][  0]LogConfig: Setting CVar [[r.SkyAtmosphere.AerialPerspectiveLUT.SampleCountMaxPerSlice:4]]
[2023.05.27-14.41.31:917][  0]LogConfig: Setting CVar [[r.SkyAtmosphere.AerialPerspectiveLUT.DepthResolution:16.0]]
[2023.05.27-14.41.31:917][  0]LogConfig: Setting CVar [[r.SkyAtmosphere.FastSkyLUT:1]]
[2023.05.27-14.41.31:917][  0]LogConfig: Setting CVar [[r.SkyAtmosphere.FastSkyLUT.SampleCountMin:4.0]]
[2023.05.27-14.41.31:917][  0]LogConfig: Setting CVar [[r.SkyAtmosphere.FastSkyLUT.SampleCountMax:128.0]]
[2023.05.27-14.41.31:917][  0]LogConfig: Setting CVar [[r.SkyAtmosphere.SampleCountMin:4.0]]
[2023.05.27-14.41.31:917][  0]LogConfig: Setting CVar [[r.SkyAtmosphere.SampleCountMax:128.0]]
[2023.05.27-14.41.31:917][  0]LogConfig: Setting CVar [[r.SkyAtmosphere.TransmittanceLUT.UseSmallFormat:0]]
[2023.05.27-14.41.31:917][  0]LogConfig: Setting CVar [[r.SkyAtmosphere.TransmittanceLUT.SampleCount:10.0]]
[2023.05.27-14.41.31:917][  0]LogConfig: Setting CVar [[r.SkyAtmosphere.MultiScatteringLUT.SampleCount:15.0]]
[2023.05.27-14.41.31:917][  0]LogConfig: Setting CVar [[r.SkyLight.RealTimeReflectionCapture:1]]
[2023.05.27-14.41.31:917][  0]LogConfig: Applying CVar settings from Section [FoliageQuality@3] File [C:/Users/pardazsh/Desktop/project1/project1/Car/Saved/Config/Windows/Scalability.ini]
[2023.05.27-14.41.31:917][  0]LogConfig: Setting CVar [[foliage.DensityScale:1.0]]
[2023.05.27-14.41.31:917][  0]LogConfig: Setting CVar [[grass.DensityScale:1.0]]
[2023.05.27-14.41.31:917][  0]LogConfig: Applying CVar settings from Section [ShadingQuality@3] File [C:/Users/pardazsh/Desktop/project1/project1/Car/Saved/Config/Windows/Scalability.ini]
[2023.05.27-14.41.31:917][  0]LogConfig: Setting CVar [[r.HairStrands.SkyLighting.IntegrationType:2]]
[2023.05.27-14.41.31:917][  0]LogConfig: Setting CVar [[r.HairStrands.SkyAO.SampleCount:4]]
[2023.05.27-14.41.31:917][  0]LogConfig: Setting CVar [[r.HairStrands.Visibility.MSAA.SamplePerPixel:4]]
[2023.05.27-14.41.31:917][  0]LogConfig: Applying CVar settings from Section [Startup] File [../../../Engine/Config/ConsoleVariables.ini]
[2023.05.27-14.41.31:918][  0]LogConfig: Setting CVar [[net.UseAdaptiveNetUpdateFrequency:0]]
[2023.05.27-14.41.31:918][  0]LogConfig: Setting CVar [[p.chaos.AllowCreatePhysxBodies:1]]
[2023.05.27-14.41.31:918][  0]LogConfig: Setting CVar [[fx.SkipVectorVMBackendOptimizations:1]]
[2023.05.27-14.41.31:918][  0]LogConfig: Applying CVar settings from Section [ConsoleVariables] File [C:/Users/pardazsh/Desktop/project1/project1/Car/Saved/Config/Windows/Engine.ini]
[2023.05.27-14.41.31:918][  0]LogConfig: Applying CVar settings from Section [ConsoleVariables] File [C:/Users/pardazsh/Desktop/project1/project1/Car/Saved/Config/Windows/Editor.ini]
[2023.05.27-14.41.31:918][  0]LogInit: Computer: DESKTOP-6OOUU3I
[2023.05.27-14.41.31:918][  0]LogInit: User: pardazsh
[2023.05.27-14.41.31:918][  0]LogInit: CPU Page size=4096, Cores=2
[2023.05.27-14.41.31:918][  0]LogInit: High frequency timer resolution =10.000000 MHz
[2023.05.27-14.41.31:918][  0]LogMemory: Memory total: Physical=7.5GB (8GB approx)
[2023.05.27-14.41.31:918][  0]LogMemory: Platform Memory Stats for Windows
[2023.05.27-14.41.31:918][  0]LogMemory: Process Physical Memory: 142.75 MB used, 142.75 MB peak
[2023.05.27-14.41.31:918][  0]LogMemory: Process Virtual Memory: 120.76 MB used, 120.76 MB peak
[2023.05.27-14.41.31:918][  0]LogMemory: Physical Memory: 3410.65 MB used,  4236.63 MB free, 7647.28 MB total
[2023.05.27-14.41.31:918][  0]LogMemory: Virtual Memory: 134212344.00 MB used,  5384.89 MB free, 134217728.00 MB total
[2023.05.27-14.41.31:928][  0]LogWindows: WindowsPlatformFeatures enabled
[2023.05.27-14.41.31:971][  0]LogInit: Physics initialised using underlying interface: PhysX
[2023.05.27-14.41.31:972][  0]LogInit: Using OS detected language (en-US).
[2023.05.27-14.41.31:972][  0]LogInit: Using OS detected locale (fa-IR).
[2023.05.27-14.41.31:976][  0]LogTextLocalizationManager: No specific localization for 'en-US' exists, so the 'en' localization will be used.
[2023.05.27-14.41.32:396][  0]LogInit: Setting process to per monitor DPI aware
[2023.05.27-14.41.32:421][  0]LogWindowsTextInputMethodSystem: Display: IME system deactivated.
[2023.05.27-14.41.32:443][  0]LogSlate: New Slate User Created.  User Index 0, Is Virtual User: 0
[2023.05.27-14.41.32:443][  0]LogSlate: Slate User Registered.  User Index 0, Is Virtual User: 0
[2023.05.27-14.41.32:702][  0]LogD3D11RHI: Loaded GFSDK_Aftermath_Lib.x64.dll
[2023.05.27-14.41.32:712][  0]LogHMD: Failed to initialize OpenVR with code 110
[2023.05.27-14.41.32:712][  0]LogD3D11RHI: D3D11 min allowed feature level: 11_0
[2023.05.27-14.41.32:712][  0]LogD3D11RHI: D3D11 max allowed feature level: 11_0
[2023.05.27-14.41.32:712][  0]LogD3D11RHI: D3D11 adapters:
[2023.05.27-14.41.32:769][  0]LogD3D11RHI:    0. 'AMD Radeon(TM) R4 Graphics' (Feature Level 11_0)
[2023.05.27-14.41.32:769][  0]LogD3D11RHI:       504/0/3823 MB DedicatedVideo/DedicatedSystem/SharedSystem, Outputs:1, VendorId:0x1002
[2023.05.27-14.41.32:774][  0]LogD3D11RHI:    1. 'Microsoft Basic Render Driver' (Feature Level 11_0)
[2023.05.27-14.41.32:774][  0]LogD3D11RHI:       0/0/3823 MB DedicatedVideo/DedicatedSystem/SharedSystem, Outputs:0, VendorId:0x1414
[2023.05.27-14.41.32:774][  0]LogD3D11RHI: Chosen D3D11 Adapter: 0
[2023.05.27-14.41.32:784][  0]LogD3D11RHI: Creating new Direct3DDevice
[2023.05.27-14.41.32:784][  0]LogD3D11RHI:     GPU DeviceId: 0x98e4 (for the marketing name, search the web for "GPU Device Id")
[2023.05.27-14.41.32:784][  0]LogWindows: EnumDisplayDevices:
[2023.05.27-14.41.32:784][  0]LogWindows:    0. 'AMD Radeon(TM) R4 Graphics' (P:1 D:1)
[2023.05.27-14.41.32:785][  0]LogWindows:    1. 'AMD Radeon(TM) R4 Graphics' (P:0 D:0)
[2023.05.27-14.41.32:786][  0]LogWindows:    2. 'AMD Radeon(TM) R4 Graphics' (P:0 D:0)
[2023.05.27-14.41.32:786][  0]LogWindows:    3. 'AMD Radeon(TM) R4 Graphics' (P:0 D:0)
[2023.05.27-14.41.32:787][  0]LogWindows: DebugString: FoundDriverCount:4 
[2023.05.27-14.41.32:787][  0]LogD3D11RHI:     Adapter Name: AMD Radeon(TM) R4 Graphics
[2023.05.27-14.41.32:787][  0]LogD3D11RHI:   Driver Version: Adrenalin 19.20.36.08 (internal:26.20.12036.8001, unified:26.20.12036.8001)
[2023.05.27-14.41.32:787][  0]LogD3D11RHI:      Driver Date: 3-30-2020
[2023.05.27-14.41.32:787][  0]LogRHI: Texture pool is 2726 MB (70% of 3895 MB)
[2023.05.27-14.41.32:836][  0]LogD3D11RHI: Created device via AGS, feature level 11_0, supported extensions ffffbf.
[2023.05.27-14.41.32:836][  0]LogD3D11RHI: RHI does not have support for 64 bit atomics
[2023.05.27-14.41.32:837][  0]LogD3D11RHI: Async texture creation enabled
[2023.05.27-14.41.32:837][  0]LogD3D11RHI: Array index from any shader is supported
[2023.05.27-14.41.32:859][  0]LogD3D11RHI: GPU Timing Frequency: 100.000000 (Debug: 2 1)
[2023.05.27-14.41.33:723][  0]LogTargetPlatformManager: Display: Loaded TargetPlatform 'AllDesktop'
[2023.05.27-14.41.33:773][  0]LogTargetPlatformManager: Display: Loaded TargetPlatform 'Android'
[2023.05.27-14.41.33:774][  0]LogTargetPlatformManager: Display: Loaded TargetPlatform 'Android_ASTC'
[2023.05.27-14.41.33:774][  0]LogTargetPlatformManager: Display: Loaded TargetPlatform 'Android_DXT'
[2023.05.27-14.41.33:774][  0]LogTargetPlatformManager: Display: Loaded TargetPlatform 'Android_ETC2'
[2023.05.27-14.41.33:774][  0]LogTargetPlatformManager: Display: Loaded TargetPlatform 'AndroidClient'
[2023.05.27-14.41.33:774][  0]LogTargetPlatformManager: Display: Loaded TargetPlatform 'Android_ASTCClient'
[2023.05.27-14.41.33:774][  0]LogTargetPlatformManager: Display: Loaded TargetPlatform 'Android_DXTClient'
[2023.05.27-14.41.33:774][  0]LogTargetPlatformManager: Display: Loaded TargetPlatform 'Android_ETC2Client'
[2023.05.27-14.41.33:774][  0]LogTargetPlatformManager: Display: Loaded TargetPlatform 'Android_Multi'
[2023.05.27-14.41.33:774][  0]LogTargetPlatformManager: Display: Loaded TargetPlatform 'Android_MultiClient'
[2023.05.27-14.41.33:810][  0]LogTargetPlatformManager: Display: Loaded TargetPlatform 'IOSClient'
[2023.05.27-14.41.33:810][  0]LogTargetPlatformManager: Display: Loaded TargetPlatform 'IOS'
[2023.05.27-14.41.33:830][  0]LogTargetPlatformManager: Display: Loaded TargetPlatform 'Linux'
[2023.05.27-14.41.33:839][  0]LogTargetPlatformManager: Display: Loaded TargetPlatform 'LinuxNoEditor'
[2023.05.27-14.41.33:848][  0]LogTargetPlatformManager: Display: Loaded TargetPlatform 'LinuxClient'
[2023.05.27-14.41.33:856][  0]LogTargetPlatformManager: Display: Loaded TargetPlatform 'LinuxServer'
[2023.05.27-14.41.33:875][  0]LogTargetPlatformManager: Display: Loaded TargetPlatform 'LinuxAArch64NoEditor'
[2023.05.27-14.41.33:885][  0]LogTargetPlatformManager: Display: Loaded TargetPlatform 'LinuxAArch64Client'
[2023.05.27-14.41.33:893][  0]LogTargetPlatformManager: Display: Loaded TargetPlatform 'LinuxAArch64Server'
[2023.05.27-14.41.33:945][  0]LogTargetPlatformManager: Display: Loaded TargetPlatform 'Lumin'
[2023.05.27-14.41.33:945][  0]LogTargetPlatformManager: Display: Loaded TargetPlatform 'LuminClient'
[2023.05.27-14.41.33:963][  0]LogTargetPlatformManager: Display: Loaded TargetPlatform 'MacNoEditor'
[2023.05.27-14.41.33:973][  0]LogTargetPlatformManager: Display: Loaded TargetPlatform 'Mac'
[2023.05.27-14.41.33:982][  0]LogTargetPlatformManager: Display: Loaded TargetPlatform 'MacClient'
[2023.05.27-14.41.33:990][  0]LogTargetPlatformManager: Display: Loaded TargetPlatform 'MacServer'
[2023.05.27-14.41.34:011][  0]LogTargetPlatformManager: Display: Loaded TargetPlatform 'TVOSClient'
[2023.05.27-14.41.34:011][  0]LogTargetPlatformManager: Display: Loaded TargetPlatform 'TVOS'
[2023.05.27-14.41.34:029][  0]LogTargetPlatformManager: Display: Loaded TargetPlatform 'WindowsNoEditor'
[2023.05.27-14.41.34:038][  0]LogTargetPlatformManager: Display: Loaded TargetPlatform 'Windows'
[2023.05.27-14.41.34:047][  0]LogTargetPlatformManager: Display: Loaded TargetPlatform 'WindowsClient'
[2023.05.27-14.41.34:056][  0]LogTargetPlatformManager: Display: Loaded TargetPlatform 'WindowsServer'
[2023.05.27-14.41.34:057][  0]LogTargetPlatformManager: Display: Building Assets For Windows
[2023.05.27-14.41.34:072][  0]LogAudioDebug: Display: Lib vorbis DLL was dynamically loaded.
[2023.05.27-14.41.34:135][  0]LogTextureFormatOodle: Display: Oodle Texture 2.9.0 init RDO Off
[2023.05.27-14.41.34:204][  0]LogRendererCore: Ray tracing is disabled. Reason: r.RayTracing=0.
[2023.05.27-14.41.34:204][  0]LogShaderCompilers: Guid format shader working directory is 2 characters bigger than the processId version (C:/Users/pardazsh/Desktop/project1/project1/Car/Intermediate/Shaders/WorkingDirectory/7972/).
[2023.05.27-14.41.34:205][  0]LogShaderCompilers: Cleaned the shader compiler working directory 'C:/Users/pardazsh/AppData/Local/Temp/UnrealShaderWorkingDir/635380D44548E6A6D5FDF6ABDF8A56AA/'.
[2023.05.27-14.41.34:205][  0]LogXGEController: Cannot use XGE Controller as Incredibuild is not installed on this machine.
[2023.05.27-14.41.34:205][  0]LogShaderCompilers: Cannot use XGE Shader Compiler as Incredibuild is not installed on this machine.
[2023.05.27-14.41.34:205][  0]LogShaderCompilers: Display: Using Local Shader Compiler.
[2023.05.27-14.41.36:086][  0]LogDerivedDataCache: Display: Max Cache Size: 512 MB
[2023.05.27-14.41.36:247][  0]LogDerivedDataCache: Loaded boot cache 0.16s 95MB C:/Users/pardazsh/AppData/Local/UnrealEngine/4.27/DerivedDataCache/Boot.ddc.
[2023.05.27-14.41.36:247][  0]LogDerivedDataCache: Display: Loaded Boot cache: C:/Users/pardazsh/AppData/Local/UnrealEngine/4.27/DerivedDataCache/Boot.ddc
[2023.05.27-14.41.36:248][  0]LogDerivedDataCache: FDerivedDataBackendGraph:  Pak pak cache file C:/Users/pardazsh/Desktop/project1/project1/Car/DerivedDataCache/DDC.ddp not found, will not use a pak cache.
[2023.05.27-14.41.36:248][  0]LogDerivedDataCache: Unable to find inner node Pak for hierarchical cache Hierarchy.
[2023.05.27-14.41.36:248][  0]LogDerivedDataCache: FDerivedDataBackendGraph:  CompressedPak pak cache file C:/Users/pardazsh/Desktop/project1/project1/Car/DerivedDataCache/Compressed.ddp not found, will not use a pak cache.
[2023.05.27-14.41.36:249][  0]LogDerivedDataCache: Unable to find inner node CompressedPak for hierarchical cache Hierarchy.
[2023.05.27-14.41.36:278][  0]LogDerivedDataCache: Display: Pak cache opened for reading ../../../Engine/DerivedDataCache/Compressed.ddp.
[2023.05.27-14.41.36:278][  0]LogDerivedDataCache: FDerivedDataBackendGraph:  EnterprisePak pak cache file ../../../Enterprise/DerivedDataCache/Compressed.ddp not found, will not use a pak cache.
[2023.05.27-14.41.36:278][  0]LogDerivedDataCache: Unable to find inner node EnterprisePak for hierarchical cache Hierarchy.
[2023.05.27-14.41.37:154][  0]LogDerivedDataCache: Speed tests for C:/Users/pardazsh/AppData/Local/UnrealEngine/Common/DerivedDataCache took 0.88 seconds
[2023.05.27-14.41.37:154][  0]LogDerivedDataCache: Display: Performance to C:/Users/pardazsh/AppData/Local/UnrealEngine/Common/DerivedDataCache: Latency=0.08ms. RandomReadSpeed=396.56MBs, RandomWriteSpeed=1.06MBs. Assigned SpeedClass 'Local'
[2023.05.27-14.41.37:161][  0]LogDerivedDataCache: Using Local data cache path C:/Users/pardazsh/AppData/Local/UnrealEngine/Common/DerivedDataCache: Writable
[2023.05.27-14.41.37:161][  0]LogDerivedDataCache: Shared data cache path not found in *engine.ini, will not use an Shared cache.
[2023.05.27-14.41.37:161][  0]LogDerivedDataCache: Unable to find inner node Shared for hierarchical cache Hierarchy.
[2023.05.27-14.41.37:270][  0]LogSlate: Using FreeType 2.10.0
[2023.05.27-14.41.37:271][  0]LogSlate: SlateFontServices - WITH_FREETYPE: 1, WITH_HARFBUZZ: 1
[2023.05.27-14.41.37:337][  0]LogAssetRegistry: FAssetRegistry took 0.0052 seconds to start up
[2023.05.27-14.41.37:981][  0]LogInit: Selected Device Profile: [Windows]
[2023.05.27-14.41.37:981][  0]LogInit: Active device profile: [0000022458D9AF00][00000224542EA900 49] Windows
[2023.05.27-14.41.37:981][  0]LogInit: Profiles: [0000022458D9AF00][00000224542EA900 49] Windows, [0000022458D4D300][0000022451E42A40 49] WindowsNoEditor, [0000022458D99300][0000022451E46B80 49] WindowsServer, [0000022458D4E500][0000022451BB8D00 49] WindowsClient, [0000022458D9A400][0000022451BBCE80 49] IOS, [0000022458D4FD00][0000022451BC1000 49] iPadAir, [0000022458D9AB00][0000022451BC5180 49] iPadAir2, [0000022458D06C00][0000022451BCD440 49] IPadPro, [0000022458D06D00][0000022451BC9480 49] iPadAir3, [0000022458D98700][0000022451BD1600 49] iPadAir4, [0000022458D07500][0000022451BD5780 49] iPadMini2, [0000022458D99900][0000022451BD9900 49] iPadMini3, [0000022458D04E00][0000022451BDDA80 49] iPadMini4, [0000022458D9A100][0000022451BE1C00 49] iPadMini5, [0000022458D46500][0000022451BE8340 49] iPhone6, [0000022458D46600][0000022451BE4380 49] iPodTouch6, [0000022458D06B00][0000022451BF0640 49] iPhone7, [0000022458D05E00][0000022451BEC680 49] iPodTouch7, [0000022458D46D00][0000022451BF4800 49] iPhone5S, [0000022458D04900][0000022451BB4940 49] iPhone6Plus, [0000022458D44E00][0000022451BF8A80 49] iPhone6S, [0000022458D05300][0000022451BFCBC0 49] iPhone6SPlus, [0000022458D47900][0000022451C00D00 49] iPhone7Plus, [0000022458D07600][0000022451C08E80 49] iPhoneSE, [0000022458D44400][0000022451C0D000 49] iPhone8, [0000022458D07700][0000022451C11180 49] iPhone8Plus, [0000022458D47000][0000022451C15300 49] iPhoneX, [0000022458D04700][0000022451C19480 49] iPhoneXS, [0000022458D45800][0000022451C1D600 49] iPhoneXSMax, [0000022458D07C00][00000224591CF780 49] iPhoneXR, [0000022458D44200][00000224591D3900 49] iPhone11, [0000022458D05100][00000224591D7A80 49] iPhone11Pro, [0000022458D47C00][00000224591DBC00 49] iPhone11ProMax, [0000022458D05A00][00000224591DE200 49] iPhoneSE2, [0000022458D46900][00000224591E2380 49] iPhone12Mini, [0000022458D07F00][00000224591E6500 49] iPhone12, [0000022458D46400][00000224591EA680 49] iPhone12Pro, [0000022458D04300][00000224591EE800 49] iPhone12ProMax, [0000022458D46A00][00000224591F2980 49] iPadPro105, [0000022458D06200][00000224591F6B00 49] iPadPro129, [0000022458D45200][0000022451C04C40 49] iPadPro97, [0000022458D05700][00000224591FAD80 49] iPadPro2_129, [0000022458D44D00][00000224591FEEC0 49] iPad5, [0000022458D04100][0000022459207040 49] iPad6, [0000022458D47100][000002245920B1C0 49] iPad7, [0000022458D05B00][000002245920F340 49] iPad8, [0000022458D44600][00000224592134C0 49] iPadPro11, [0000022458D05D00][0000022459217640 49] iPadPro2_11, [0000022458D44800][000002245921B7C0 49] iPadPro3_129, [0000022458D07E00][000002245921F940 49] iPadPro4_129, [0000022458D46800][0000022459223AC0 49] AppleTV, [0000022458D06800][00000224592260C0 49] AppleTV4K, [0000022458D44C00][000002245922A240 49] TVOS, [0000022458D04600][000002245922E3C0 49] Mac, [0000022458D4C500][0000022459232540 49] MacClient, [0000022458DE1600][00000224592366C0 49] MacNoEditor, [0000022458D4F000][000002245923A840 49] MacServer, [0000022458DE1400][000002245923E9C0 49] Linux, [0000022458D4C800][0000022459242B40 49] LinuxAArch64, [0000022458DE0300][0000022459246CC0 49] LinuxNoEditor, [0000022458D4D500][0000022459202E00 49] LinuxAArch64NoEditor, [0000022458DE1D00][000002245924AF40 49] LinuxClient, [0000022458D4F700][000002245924F080 49] LinuxAArch64Client, [0000022458DE1500][00000224592531C0 49] LinuxServer, [0000022458D4FE00][000002245925B340 49] LinuxAArch64Server, [0000022458DE1C00][000002245925F4C0 49] Android, [0000022458D4EF00][0000022459263640 49] Android_Low, [0000022458DE1A00][00000224592677C0 49] Android_Mid, [0000022458D4D600][000002245926B940 49] Android_High, [0000022458DE1100][000002245926FAC0 49] Android_Default, [0000022458D4DF00][00000224592720C0 49] Android_Adreno4xx, [0000022458DE1000][0000022459276240 49] Android_Adreno5xx_Low, [0000022458D07800][000002245927A3C0 49] Android_Adreno5xx, [0000022458D44F00][000002245927E540 49] Android_Adreno6xx, [0000022458D05000][00000224592826C0 49] Android_Adreno6xx_Vulkan, [0000022458D45D00][0000022459286840 49] Android_Mali_T6xx, [0000022458D07D00][000002245928A9C0 49] Android_Mali_T7xx, [0000022458D46100][000002245928EB40 49] Android_Mali_T8xx, [0000022458D06F00][0000022459292CC0 49] Android_Mali_G71, [0000022458D47400][0000022459296E40 49] Android_Mali_G72, [0000022458D06500][0000022459256F80 49] Android_Mali_G72_Vulkan, [0000022458D45000][000002245929B0C0 49] Android_Mali_G76, [0000022458DE0E00][000002245929F200 49] Android_Mali_G76_Vulkan, [0000022458D45C00][00000224592A3340 49] Android_Mali_G77, [0000022458DE1F00][00000224592AB4C0 49] Android_Mali_G77_Vulkan, [0000022458D44500][00000224592AF640 49] Android_Mali_G78, [0000022458DE1800][00000224592B37C0 49] Android_Mali_G78_Vulkan, [0000022458D45500][00000224592B7940 49] Android_Mali_G710, [0000022458DE0900][00000224592BBAC0 49] Android_Mali_G710_Vulkan, [0000022458D46E00][00000224592BE0C0 49] Android_Vulkan_SM5, [0000022458DE0100][00000224592C2240 49] Android_PowerVR_G6xxx, [0000022458D46B00][00000224592C63C0 49] Android_PowerVR_GT7xxx, [0000022458DE1200][00000224592CA540 49] Android_PowerVR_GE8xxx, [0000022458D44700][00000224592CE6C0 49] Android_PowerVR_GM9xxx, [0000022458D04800][00000224592D2840 49] Android_PowerVR_GM9xxx_Vulkan, [0000022458D47800][00000224592D69C0 49] Android_TegraK1, [0000022458D05900][00000224592DAB40 49] Android_Unknown_Vulkan, [0000022458D45400][00000224592DECC0 49] Lumin, [0000022458D06E00][00000224592E2E40 49] Lumin_Desktop, [0000022458D47300][00000224592E6FC0 49] HoloLens, 
[2023.05.27-14.41.38:228][  0]LogMeshReduction: Using QuadricMeshReduction for automatic static mesh reduction
[2023.05.27-14.41.38:228][  0]LogMeshReduction: Using SimplygonMeshReduction for automatic skeletal mesh reduction
[2023.05.27-14.41.38:228][  0]LogMeshReduction: Using ProxyLODMeshReduction for automatic mesh merging
[2023.05.27-14.41.38:228][  0]LogMeshReduction: No distributed automatic mesh merging module available
[2023.05.27-14.41.38:228][  0]LogMeshMerging: No distributed automatic mesh merging module available
[2023.05.27-14.41.38:261][  0]LogNetVersion: Car 1.0.0, NetCL: 17155196, EngineNetVer: 17, GameNetVer: 0 (Checksum: 4288448776)
[2023.05.27-14.41.39:507][  0]LogTexture: Default maximum texture size for cubemaps generated from long-lat sources has been changed from 512 to unlimited. In order to preserve old behaiour for '/Engine/MapTemplates/Sky/DaylightAmbientCubemap.DaylightAmbientCubemap', its maximum texture size has been explicitly set to 512.
[2023.05.27-14.41.39:614][  0]LogHMD: PokeAHoleMaterial loaded successfully
[2023.05.27-14.41.39:625][  0]LogUObjectArray: 17178 objects as part of root set at end of initial load.
[2023.05.27-14.41.39:625][  0]LogUObjectAllocator: 4301856 out of 0 bytes used by permanent object pool.
[2023.05.27-14.41.39:625][  0]LogUObjectArray: CloseDisregardForGC: 0/0 objects in disregard for GC pool
[2023.05.27-14.41.40:173][  0]LogPython: Using Python 3.7.7
[2023.05.27-14.41.41:443][  0]LogNiagaraDebuggerClient: Niagara Debugger Client Initialized | Session: 023DE215493A517128351CB94F5D29D5 | Instance: 8EF22C6F439B1CB52E75A7868C70B8EE (DESKTOP-6OOUU3I-7972).
[2023.05.27-14.41.41:487][  0]LogStreaming: Warning: Failed to read file '../../../Engine/Content/Editor/Slate/Niagara/MenuSeparator.png' error.
[2023.05.27-14.41.41:487][  0]LogSlate: Could not find file for Slate resource: ../../../Engine/Content/Editor/Slate/Niagara/MenuSeparator.png
[2023.05.27-14.41.41:490][  0]LogImageWrapper: Warning: PNG Warning: Duplicate iCCP chunk
[2023.05.27-14.41.41:490][  0]LogStreaming: Warning: Failed to read file '../../../Engine/Content/Editor/Slate/Niagara/Common/Selector.png' error.
[2023.05.27-14.41.41:490][  0]LogSlate: Could not find file for Slate resource: ../../../Engine/Content/Editor/Slate/Niagara/Common/Selector.png
[2023.05.27-14.41.41:490][  0]LogImageWrapper: Warning: PNG Warning: Duplicate iCCP chunk
[2023.05.27-14.41.41:490][  0]LogStreaming: Warning: Failed to read file '../../../Engine/Content/Editor/Slate/Niagara/Common/Selection.png' error.
[2023.05.27-14.41.41:490][  0]LogSlate: Could not find file for Slate resource: ../../../Engine/Content/Editor/Slate/Niagara/Common/Selection.png
[2023.05.27-14.41.41:490][  0]LogStreaming: Warning: Failed to read file '../../../Engine/Content/Editor/Slate/Niagara/Common/DropZoneIndicator_Above.png' error.
[2023.05.27-14.41.41:490][  0]LogSlate: Could not find file for Slate resource: ../../../Engine/Content/Editor/Slate/Niagara/Common/DropZoneIndicator_Above.png
[2023.05.27-14.41.41:490][  0]LogStreaming: Warning: Failed to read file '../../../Engine/Content/Editor/Slate/Niagara/Common/DropZoneIndicator_Onto.png' error.
[2023.05.27-14.41.41:490][  0]LogStreaming: Warning: Failed to read file '../../../Engine/Content/Editor/Slate/Niagara/Common/DropZoneIndicator_Below.png' error.
[2023.05.27-14.41.41:490][  0]LogSlate: Could not find file for Slate resource: ../../../Engine/Content/Editor/Slate/Niagara/Common/DropZoneIndicator_Below.png
[2023.05.27-14.41.41:490][  0]LogSlate: Could not find file for Slate resource: ../../../Engine/Content/Editor/Slate/Niagara/Common/DropZoneIndicator_Onto.png
[2023.05.27-14.41.41:797][  0]LogStreaming: Warning: Failed to read file '../../../Engine/Content/Editor/Slate/Niagara/Common/RoundedSelection_16x.png' error.
[2023.05.27-14.41.41:797][  0]LogSlate: Could not find file for Slate resource: ../../../Engine/Content/Editor/Slate/Niagara/Common/RoundedSelection_16x.png
[2023.05.27-14.41.41:797][  0]LogStreaming: Warning: Failed to read file '../../../Engine/Content/Editor/Slate/Niagara/Common/FlatButton.png' error.
[2023.05.27-14.41.41:797][  0]LogSlate: Could not find file for Slate resource: ../../../Engine/Content/Editor/Slate/Niagara/Common/FlatButton.png
[2023.05.27-14.41.41:797][  0]LogTcpMessaging: Initializing TcpMessaging bridge
[2023.05.27-14.41.41:806][  0]LogUdpMessaging: Initializing bridge on interface 0.0.0.0:0 to multicast group 230.0.0.1:6666.
[2023.05.27-14.41.42:573][  0]SourceControl: Source control is disabled
[2023.05.27-14.41.46:573][  0]LogUProjectInfo: Found projects:
[2023.05.27-14.41.46:592][  0]LogVSAccessor: Display: Unable to create Visual Studio setup instance: 80040154
[2023.05.27-14.41.46:594][  0]LogVSAccessor: Display: Unable to create Visual Studio setup instance: 80040154
[2023.05.27-14.41.46:595][  0]LogVSAccessor: Display: Unable to create Visual Studio setup instance: 80040154
[2023.05.27-14.41.46:912][  0]LogOpenImageDenoise: OIDN starting up
[2023.05.27-14.41.47:027][  0]LogAndroidPermission: UAndroidPermissionCallbackProxy::GetInstance
[2023.05.27-14.41.47:079][  0]LogAudioCaptureCore: Display: No Audio Capture implementations found. Audio input will be silent.
[2023.05.27-14.41.47:079][  0]LogAudioCaptureCore: Display: No Audio Capture implementations found. Audio input will be silent.
[2023.05.27-14.41.47:576][  0]LogOcInput: OculusInput pre-init called
[2023.05.27-14.41.48:209][  0]LogStreaming: Warning: Failed to read file '../../../Engine/Content/Editor/Slate/Niagara/MenuSeparator.png' error.
[2023.05.27-14.41.48:209][  0]LogSlate: Could not find file for Slate resource: ../../../Engine/Content/Editor/Slate/Niagara/MenuSeparator.png
[2023.05.27-14.41.48:212][  0]LogStreaming: Warning: Failed to read file '../../../Engine/Content/Editor/Slate/Niagara/Common/Selector.png' error.
[2023.05.27-14.41.48:212][  0]LogSlate: Could not find file for Slate resource: ../../../Engine/Content/Editor/Slate/Niagara/Common/Selector.png
[2023.05.27-14.41.48:212][  0]LogImageWrapper: Warning: PNG Warning: Duplicate iCCP chunk
[2023.05.27-14.41.48:212][  0]LogImageWrapper: Warning: PNG Warning: Duplicate iCCP chunk
[2023.05.27-14.41.48:212][  0]LogStreaming: Warning: Failed to read file '../../../Engine/Content/Editor/Slate/Niagara/Common/Selection.png' error.
[2023.05.27-14.41.48:212][  0]LogSlate: Could not find file for Slate resource: ../../../Engine/Content/Editor/Slate/Niagara/Common/Selection.png
[2023.05.27-14.41.48:212][  0]LogStreaming: Warning: Failed to read file '../../../Engine/Content/Editor/Slate/Niagara/Common/DropZoneIndicator_Onto.png' error.
[2023.05.27-14.41.48:212][  0]LogStreaming: Warning: Failed to read file '../../../Engine/Content/Editor/Slate/Niagara/Common/DropZoneIndicator_Above.png' error.
[2023.05.27-14.41.48:212][  0]LogSlate: Could not find file for Slate resource: ../../../Engine/Content/Editor/Slate/Niagara/Common/DropZoneIndicator_Above.png
[2023.05.27-14.41.48:212][  0]LogStreaming: Warning: Failed to read file '../../../Engine/Content/Editor/Slate/Niagara/Common/RoundedSelection_16x.png' error.
[2023.05.27-14.41.48:212][  0]LogSlate: Could not find file for Slate resource: ../../../Engine/Content/Editor/Slate/Niagara/Common/RoundedSelection_16x.png
[2023.05.27-14.41.48:212][  0]LogStreaming: Warning: Failed to read file '../../../Engine/Content/Editor/Slate/Niagara/Common/FlatButton.png' error.
[2023.05.27-14.41.48:212][  0]LogSlate: Could not find file for Slate resource: ../../../Engine/Content/Editor/Slate/Niagara/Common/FlatButton.png
[2023.05.27-14.41.48:212][  0]LogSlate: Could not find file for Slate resource: ../../../Engine/Content/Editor/Slate/Niagara/Common/DropZoneIndicator_Onto.png
[2023.05.27-14.41.48:287][  0]LogStreaming: Warning: Failed to read file '../../../Engine/Content/Editor/Slate/Niagara/Common/DropZoneIndicator_Below.png' error.
[2023.05.27-14.41.48:288][  0]LogSlate: Could not find file for Slate resource: ../../../Engine/Content/Editor/Slate/Niagara/Common/DropZoneIndicator_Below.png
[2023.05.27-14.41.48:306][  0]LogCollectionManager: Loaded 0 collections in 0.001778 seconds
[2023.05.27-14.41.48:441][  0]LogFileCache: Scanning file cache for directory 'C:/Users/pardazsh/Desktop/project1/project1/Car/Saved/Collections/' took 0.00s
[2023.05.27-14.41.48:441][  0]LogFileCache: Scanning file cache for directory 'C:/Users/pardazsh/Desktop/project1/project1/Car/Content/Developers/pardazsh/Collections/' took 0.00s
[2023.05.27-14.41.48:441][  0]LogFileCache: Scanning file cache for directory 'C:/Users/pardazsh/Desktop/project1/project1/Car/Content/Collections/' took 0.00s
[2023.05.27-14.41.48:442][  0]LogEngine: Initializing Engine...
[2023.05.27-14.41.48:971][  0]LogHMD: Failed to enumerate extensions. Please check that you have a valid OpenXR runtime installed.
[2023.05.27-14.41.48:996][  0]LogHMD: Failed to initialize OpenVR with code 110
[2023.05.27-14.41.48:997][  0]LogMagicLeap: Warning: VR disabled because ZI is not enabled.  To enable, in the editor, Edit -> Project Settings -> Plugins -> Magic Leap Plugin -> Enable Zero Iteration
[2023.05.27-14.41.48:999][  0]LogStats: UGameplayTagsManager::InitializeManager -  0.000 s
[2023.05.27-14.41.49:294][  0]LogInit: Initializing FReadOnlyCVARCache
[2023.05.27-14.41.49:323][  0]LogAIModule: Creating AISystem for world Untitled
[2023.05.27-14.41.49:328][  0]LogAudio: Display: Initializing Audio Device Manager...
[2023.05.27-14.41.49:339][  0]LogAudio: Display: Loading Default Audio Settings Objects...
[2023.05.27-14.41.49:341][  0]LogAudio: Display: No default SoundConcurrencyObject specified (or failed to load).
[2023.05.27-14.41.49:342][  0]LogAudio: Display: Audio Device Manager Initialized
[2023.05.27-14.41.49:342][  0]LogAudio: Display: Creating Audio Device:                 Id: 1, Scope: Shared, Realtime: True
[2023.05.27-14.41.49:342][  0]LogAudioMixer: Display: Audio Mixer Platform Settings:
[2023.05.27-14.41.49:342][  0]LogAudioMixer: Display: 	Sample Rate:						  48000
[2023.05.27-14.41.49:342][  0]LogAudioMixer: Display: 	Callback Buffer Frame Size Requested: 1024
[2023.05.27-14.41.49:342][  0]LogAudioMixer: Display: 	Callback Buffer Frame Size To Use:	  1024
[2023.05.27-14.41.49:342][  0]LogAudioMixer: Display: 	Number of buffers to queue:			  2
[2023.05.27-14.41.49:342][  0]LogAudioMixer: Display: 	Max Channels (voices):				  32
[2023.05.27-14.41.49:342][  0]LogAudioMixer: Display: 	Number of Async Source Workers:		  0
[2023.05.27-14.41.49:342][  0]LogAudio: Display: AudioDevice MaxSources: 32
[2023.05.27-14.41.49:343][  0]LogAudio: Display: Audio Spatialization Plugin: None (built-in).
[2023.05.27-14.41.49:343][  0]LogAudio: Display: Audio Reverb Plugin: None (built-in).
[2023.05.27-14.41.49:343][  0]LogAudio: Display: Audio Occlusion Plugin: None (built-in).
[2023.05.27-14.41.49:343][  0]LogAudioMixer: Display: Initializing audio mixer.
[2023.05.27-14.41.49:369][  0]LogAudioMixer: Display: 0: FrontLeft
[2023.05.27-14.41.49:369][  0]LogAudioMixer: Display: 1: FrontRight
[2023.05.27-14.41.49:441][  0]LogAudioMixer: Display: Using Audio Device Speakers (Realtek(R) Audio)
[2023.05.27-14.41.49:446][  0]LogAudioMixer: Display: Initializing Sound Submixes...
[2023.05.27-14.41.49:454][  0]LogAudioMixer: Display: Creating Master Submix 'MasterSubmixDefault'
[2023.05.27-14.41.49:454][  0]LogAudioMixer: Display: Creating Master Submix 'MasterReverbSubmixDefault'
[2023.05.27-14.41.49:456][  0]LogAudioMixer: Display: Creating Master Submix 'MasterEQSubmixDefault'
[2023.05.27-14.41.49:457][  0]LogAudioMixer: FMixerPlatformXAudio2::StartAudioStream() called
[2023.05.27-14.41.49:457][  0]LogAudioMixer: Display: Output buffers initialized: Frames=1024, Channels=2, Samples=2048
[2023.05.27-14.41.49:459][  0]LogAudioMixer: Display: Starting AudioMixerPlatformInterface::RunInternal()
[2023.05.27-14.41.49:459][  0]LogAudioMixer: Display: FMixerPlatformXAudio2::SubmitBuffer() called for the first time
[2023.05.27-14.41.49:459][  0]LogInit: FAudioDevice initialized.
[2023.05.27-14.41.49:460][  0]LogAudio: Display: Audio Device (ID: 1) registered with world 'Untitled'.
[2023.05.27-14.41.49:460][  0]LogNetVersion: Set ProjectVersion to 1.0.0.0. Version Checksum will be recalculated on next use.
[2023.05.27-14.41.54:192][  0]LogDerivedDataCache: Saved boot cache 4.73s 95MB C:/Users/pardazsh/AppData/Local/UnrealEngine/4.27/DerivedDataCache/Boot.ddc.
[2023.05.27-14.41.54:193][  0]LogInit: Texture streaming: Enabled
[2023.05.27-14.41.54:229][  0]LogAnalytics: Display: [UEEditor.Rocket.Release] APIServer = https://datarouter.ol.epicgames.com/. AppVersion = 4.27.0-17155196+++UE4+Release-4.27
[2023.05.27-14.41.54:237][  0]LogEngineSessionManager: EngineSessionManager initialized
[2023.05.27-14.41.54:237][  0]LogEditorSessionSummary: Verbose: Initializing EditorSessionSummaryWriter for editor session tracking
[2023.05.27-14.41.54:242][  0]LogEditorSessionSummary: EditorSessionSummaryWriter initialized
[2023.05.27-14.41.54:324][  0]LogInit: Transaction tracking system initialized
[2023.05.27-14.41.54:379][  0]BlueprintLog: New page: Editor Load
[2023.05.27-14.41.54:538][  0]LocalizationService: Localization service is disabled
[2023.05.27-14.41.54:601][  0]TimingProfiler: Initialize
[2023.05.27-14.41.54:601][  0]TimingProfiler: OnSessionChanged
[2023.05.27-14.41.54:602][  0]LoadingProfiler: Initialize
[2023.05.27-14.41.54:602][  0]LoadingProfiler: OnSessionChanged
[2023.05.27-14.41.54:602][  0]NetworkingProfiler: Initialize
[2023.05.27-14.41.54:602][  0]NetworkingProfiler: OnSessionChanged
[2023.05.27-14.41.54:602][  0]MemoryProfiler: Initialize
[2023.05.27-14.41.54:602][  0]MemoryProfiler: OnSessionChanged
[2023.05.27-14.41.54:740][  0]LogVSAccessor: Display: Unable to create Visual Studio setup instance: 80040154
[2023.05.27-14.41.54:742][  0]LogVSAccessor: Display: Unable to create Visual Studio setup instance: 80040154
[2023.05.27-14.41.54:744][  0]LogVSAccessor: Display: Unable to create Visual Studio setup instance: 80040154
[2023.05.27-14.41.55:206][  0]LogCook: Display: CookSettings for Memory: MemoryMaxUsedVirtual 0MiB, MemoryMaxUsedPhysical 16384MiB, MemoryMinFreeVirtual 0MiB, MemoryMinFreePhysical 1024MiB
[2023.05.27-14.41.55:206][  0]LogCook: Display: Mobile HDR setting 1
[2023.05.27-14.41.55:422][  0]LogFileCache: Scanning file cache for directory 'C:/Users/pardazsh/Desktop/project1/project1/Car/Content/' took 0.02s
[2023.05.27-14.41.56:378][  0]LogStreaming: Warning: Failed to read file '../../../Engine/Content/Editor/Slate/Niagara/MenuSeparator.png' error.
[2023.05.27-14.41.56:378][  0]LogSlate: Could not find file for Slate resource: ../../../Engine/Content/Editor/Slate/Niagara/MenuSeparator.png
[2023.05.27-14.41.56:378][  0]LogImageWrapper: Warning: PNG Warning: Duplicate iCCP chunk
[2023.05.27-14.41.56:378][  0]LogStreaming: Warning: Failed to read file '../../../Engine/Content/Editor/Slate/Niagara/Common/Selector.png' error.
[2023.05.27-14.41.56:378][  0]LogSlate: Could not find file for Slate resource: ../../../Engine/Content/Editor/Slate/Niagara/Common/Selector.png
[2023.05.27-14.41.56:378][  0]LogStreaming: Warning: Failed to read file '../../../Engine/Content/Editor/Slate/Niagara/Common/Selection.png' error.
[2023.05.27-14.41.56:378][  0]LogSlate: Could not find file for Slate resource: ../../../Engine/Content/Editor/Slate/Niagara/Common/Selection.png
[2023.05.27-14.41.56:378][  0]LogStreaming: Warning: Failed to read file '../../../Engine/Content/Editor/Slate/Niagara/Common/DropZoneIndicator_Above.png' error.
[2023.05.27-14.41.56:379][  0]LogSlate: Could not find file for Slate resource: ../../../Engine/Content/Editor/Slate/Niagara/Common/DropZoneIndicator_Above.png
[2023.05.27-14.41.56:379][  0]LogStreaming: Warning: Failed to read file '../../../Engine/Content/Editor/Slate/Niagara/Common/DropZoneIndicator_Onto.png' error.
[2023.05.27-14.41.56:379][  0]LogSlate: Could not find file for Slate resource: ../../../Engine/Content/Editor/Slate/Niagara/Common/DropZoneIndicator_Onto.png
[2023.05.27-14.41.56:379][  0]LogStreaming: Warning: Failed to read file '../../../Engine/Content/Editor/Slate/Niagara/Common/DropZoneIndicator_Below.png' error.
[2023.05.27-14.41.56:379][  0]LogSlate: Could not find file for Slate resource: ../../../Engine/Content/Editor/Slate/Niagara/Common/DropZoneIndicator_Below.png
[2023.05.27-14.41.56:379][  0]LogImageWrapper: Warning: PNG Warning: Duplicate iCCP chunk
[2023.05.27-14.41.56:528][  0]LogStreaming: Warning: Failed to read file '../../../Engine/Content/Editor/Slate/Niagara/Common/RoundedSelection_16x.png' error.
[2023.05.27-14.41.56:529][  0]LogSlate: Could not find file for Slate resource: ../../../Engine/Content/Editor/Slate/Niagara/Common/RoundedSelection_16x.png
[2023.05.27-14.41.56:529][  0]LogStreaming: Warning: Failed to read file '../../../Engine/Content/Editor/Slate/Niagara/Common/FlatButton.png' error.
[2023.05.27-14.41.56:529][  0]LogSlate: Could not find file for Slate resource: ../../../Engine/Content/Editor/Slate/Niagara/Common/FlatButton.png
[2023.05.27-14.41.56:546][  0]LogInit: Display: Engine is initialized. Leaving FEngineLoop::Init()
[2023.05.27-14.41.56:554][  0]LogUnrealEdMisc: Loading editor; pre map load, took 31.658
[2023.05.27-14.41.56:554][  0]Cmd: MAP LOAD FILE="C:/Users/pardazsh/Desktop/project1/project1/Car/Content/StarterContent/Maps/Minimal_Default.umap" TEMPLATE=0 SHOWPROGRESS=1 FEATURELEVEL=3
[2023.05.27-14.41.57:155][  0]LightingResults: New page: Lighting Build
[2023.05.27-14.41.57:157][  0]LogWorld: UWorld::CleanupWorld for Untitled, bSessionEnded=true, bCleanupResources=true
[2023.05.27-14.41.57:158][  0]LogSlate: InvalidateAllWidgets triggered.  All widgets were invalidated
[2023.05.27-14.41.57:158][  0]MapCheck: New page: Map Check
[2023.05.27-14.41.57:158][  0]LightingResults: New page: Lighting Build
[2023.05.27-14.41.57:185][  0]LogAudio: Display: Audio Device unregistered from world 'None'.
[2023.05.27-14.41.57:563][  0]LogUObjectHash: Compacting FUObjectHashTables data took   2.29ms
[2023.05.27-14.42.21:220][  0]LogAudio: Display: Audio Device (ID: 1) registered with world 'Minimal_Default'.
[2023.05.27-14.42.21:223][  0]LogAIModule: Creating AISystem for world Minimal_Default
[2023.05.27-14.42.24:561][  0]LogEditorServer: Finished looking for orphan Actors (0.000 secs)
[2023.05.27-14.42.24:601][  0]LogUObjectHash: Compacting FUObjectHashTables data took   1.83ms
[2023.05.27-14.42.24:602][  0]Cmd: MAP CHECKDEP NOCLEARLOG
[2023.05.27-14.42.24:603][  0]MapCheck: Map check complete: ۰ Error(s), ۰ Warning(s), took ۰٫۶۶۴ms to complete.
[2023.05.27-14.42.24:603][  0]LogFileHelpers: Loading map 'Minimal_Default' took 28.049
[2023.05.27-14.42.24:607][  0]LogUnrealEdMisc: Total Editor Startup Time, took 59.710
[2023.05.27-14.42.25:304][  0]LogSlate: Updating window title bar state: overlay mode, drag disabled, window buttons hidden, title bar hidden
[2023.05.27-14.42.25:318][  0]LogSlate: Updating window title bar state: overlay mode, drag disabled, window buttons hidden, title bar hidden
[2023.05.27-14.42.25:332][  0]LogSlate: Updating window title bar state: overlay mode, drag disabled, window buttons hidden, title bar hidden
[2023.05.27-14.42.25:345][  0]LogSlate: Updating window title bar state: overlay mode, drag disabled, window buttons hidden, title bar hidden
[2023.05.27-14.42.25:923][  0]LogNativeClassHierarchy: Verbose: Native class hierarchy populated in 0.0179 seconds. Added 3822 classes and 928 folders.
[2023.05.27-14.42.26:233][  0]LogNativeClassHierarchy: Verbose: Native class hierarchy updated for 'WidgetCarousel' in 0.0009 seconds. Added 0 classes and 0 folders.
[2023.05.27-14.42.26:538][  0]LogPakFile: PakFile PrimaryIndexSize=187
[2023.05.27-14.42.26:538][  0]LogPakFile: PakFile PathHashIndexSize=101
[2023.05.27-14.42.26:538][  0]LogPakFile: PakFile FullDirectoryIndexSize=148
[2023.05.27-14.42.26:574][  0]LogShaderLibrary: Display: ShaderCodeLibraryPakFileMountedCallback: PakFile 'E:/UE4/Unreal Engine v4.27 Compiled/FeaturePacks/FP_FirstPerson.upack' (chunk index -1, root 'root:/') mounted
[2023.05.27-14.42.26:574][  0]LogShaderLibrary: Display: ShaderCodeLibraryPakFileMountedCallback: pending pak file info (ChunkID:-1 Root:root:/ File:E:/UE4/Unreal Engine v4.27 Compiled/FeaturePacks/FP_FirstPerson.upack)
[2023.05.27-14.42.26:574][  0]LogPakFile: OnPakFileMounted2Time == 0.035653
[2023.05.27-14.42.26:615][  0]LogPakFile: PakFile PrimaryIndexSize=189
[2023.05.27-14.42.26:615][  0]LogPakFile: PakFile PathHashIndexSize=101
[2023.05.27-14.42.26:615][  0]LogPakFile: PakFile FullDirectoryIndexSize=152
[2023.05.27-14.42.26:615][  0]LogShaderLibrary: Display: ShaderCodeLibraryPakFileMountedCallback: PakFile 'E:/UE4/Unreal Engine v4.27 Compiled/FeaturePacks/FP_FirstPersonBP.upack' (chunk index -1, root 'root:/') mounted
[2023.05.27-14.42.26:615][  0]LogShaderLibrary: Display: ShaderCodeLibraryPakFileMountedCallback: pending pak file info (ChunkID:-1 Root:root:/ File:E:/UE4/Unreal Engine v4.27 Compiled/FeaturePacks/FP_FirstPersonBP.upack)
[2023.05.27-14.42.26:615][  0]LogPakFile: OnPakFileMounted2Time == 0.000238
[2023.05.27-14.42.26:702][  0]LogPakFile: PakFile PrimaryIndexSize=191
[2023.05.27-14.42.26:702][  0]LogPakFile: PakFile PathHashIndexSize=101
[2023.05.27-14.42.26:702][  0]LogPakFile: PakFile FullDirectoryIndexSize=160
[2023.05.27-14.42.26:702][  0]LogShaderLibrary: Display: ShaderCodeLibraryPakFileMountedCallback: PakFile 'E:/UE4/Unreal Engine v4.27 Compiled/FeaturePacks/MobileStarterContent.upack' (chunk index -1, root 'root:/') mounted
[2023.05.27-14.42.26:702][  0]LogShaderLibrary: Display: ShaderCodeLibraryPakFileMountedCallback: pending pak file info (ChunkID:-1 Root:root:/ File:E:/UE4/Unreal Engine v4.27 Compiled/FeaturePacks/MobileStarterContent.upack)
[2023.05.27-14.42.26:702][  0]LogPakFile: OnPakFileMounted2Time == 0.000177
[2023.05.27-14.42.26:840][  0]LogPakFile: PakFile PrimaryIndexSize=185
[2023.05.27-14.42.26:840][  0]LogPakFile: PakFile PathHashIndexSize=101
[2023.05.27-14.42.26:840][  0]LogPakFile: PakFile FullDirectoryIndexSize=148
[2023.05.27-14.42.26:840][  0]LogShaderLibrary: Display: ShaderCodeLibraryPakFileMountedCallback: PakFile 'E:/UE4/Unreal Engine v4.27 Compiled/FeaturePacks/StarterContent.upack' (chunk index -1, root 'root:/') mounted
[2023.05.27-14.42.26:840][  0]LogShaderLibrary: Display: ShaderCodeLibraryPakFileMountedCallback: pending pak file info (ChunkID:-1 Root:root:/ File:E:/UE4/Unreal Engine v4.27 Compiled/FeaturePacks/StarterContent.upack)
[2023.05.27-14.42.26:840][  0]LogPakFile: OnPakFileMounted2Time == 0.000097
[2023.05.27-14.42.26:938][  0]LogPakFile: PakFile PrimaryIndexSize=190
[2023.05.27-14.42.26:938][  0]LogPakFile: PakFile PathHashIndexSize=101
[2023.05.27-14.42.26:938][  0]LogPakFile: PakFile FullDirectoryIndexSize=154
[2023.05.27-14.42.26:938][  0]LogShaderLibrary: Display: ShaderCodeLibraryPakFileMountedCallback: PakFile 'E:/UE4/Unreal Engine v4.27 Compiled/FeaturePacks/TP_2DSideScroller.upack' (chunk index -1, root 'root:/') mounted
[2023.05.27-14.42.26:938][  0]LogShaderLibrary: Display: ShaderCodeLibraryPakFileMountedCallback: pending pak file info (ChunkID:-1 Root:root:/ File:E:/UE4/Unreal Engine v4.27 Compiled/FeaturePacks/TP_2DSideScroller.upack)
[2023.05.27-14.42.26:938][  0]LogPakFile: OnPakFileMounted2Time == 0.000158
[2023.05.27-14.42.26:952][  0]LogPakFile: PakFile PrimaryIndexSize=192
[2023.05.27-14.42.26:952][  0]LogPakFile: PakFile PathHashIndexSize=101
[2023.05.27-14.42.26:952][  0]LogPakFile: PakFile FullDirectoryIndexSize=158
[2023.05.27-14.42.26:953][  0]LogShaderLibrary: Display: ShaderCodeLibraryPakFileMountedCallback: PakFile 'E:/UE4/Unreal Engine v4.27 Compiled/FeaturePacks/TP_2DSideScrollerBP.upack' (chunk index -1, root 'root:/') mounted
[2023.05.27-14.42.26:953][  0]LogShaderLibrary: Display: ShaderCodeLibraryPakFileMountedCallback: pending pak file info (ChunkID:-1 Root:root:/ File:E:/UE4/Unreal Engine v4.27 Compiled/FeaturePacks/TP_2DSideScrollerBP.upack)
[2023.05.27-14.42.26:953][  0]LogPakFile: OnPakFileMounted2Time == 0.000154
[2023.05.27-14.42.27:061][  0]LogPakFile: PakFile PrimaryIndexSize=182
[2023.05.27-14.42.27:061][  0]LogPakFile: PakFile PathHashIndexSize=101
[2023.05.27-14.42.27:061][  0]LogPakFile: PakFile FullDirectoryIndexSize=138
[2023.05.27-14.42.27:061][  0]LogShaderLibrary: Display: ShaderCodeLibraryPakFileMountedCallback: PakFile 'E:/UE4/Unreal Engine v4.27 Compiled/FeaturePacks/TP_Flying.upack' (chunk index -1, root 'root:/') mounted
[2023.05.27-14.42.27:061][  0]LogShaderLibrary: Display: ShaderCodeLibraryPakFileMountedCallback: pending pak file info (ChunkID:-1 Root:root:/ File:E:/UE4/Unreal Engine v4.27 Compiled/FeaturePacks/TP_Flying.upack)
[2023.05.27-14.42.27:061][  0]LogPakFile: OnPakFileMounted2Time == 0.000156
[2023.05.27-14.42.27:078][  0]LogPakFile: PakFile PrimaryIndexSize=184
[2023.05.27-14.42.27:079][  0]LogPakFile: PakFile PathHashIndexSize=101
[2023.05.27-14.42.27:079][  0]LogPakFile: PakFile FullDirectoryIndexSize=142
[2023.05.27-14.42.27:079][  0]LogShaderLibrary: Display: ShaderCodeLibraryPakFileMountedCallback: PakFile 'E:/UE4/Unreal Engine v4.27 Compiled/FeaturePacks/TP_FlyingBP.upack' (chunk index -1, root 'root:/') mounted
[2023.05.27-14.42.27:079][  0]LogShaderLibrary: Display: ShaderCodeLibraryPakFileMountedCallback: pending pak file info (ChunkID:-1 Root:root:/ File:E:/UE4/Unreal Engine v4.27 Compiled/FeaturePacks/TP_FlyingBP.upack)
[2023.05.27-14.42.27:079][  0]LogPakFile: OnPakFileMounted2Time == 0.000214
[2023.05.27-14.42.27:152][  0]LogPakFile: PakFile PrimaryIndexSize=188
[2023.05.27-14.42.27:152][  0]LogPakFile: PakFile PathHashIndexSize=101
[2023.05.27-14.42.27:152][  0]LogPakFile: PakFile FullDirectoryIndexSize=150
[2023.05.27-14.42.27:152][  0]LogShaderLibrary: Display: ShaderCodeLibraryPakFileMountedCallback: PakFile 'E:/UE4/Unreal Engine v4.27 Compiled/FeaturePacks/TP_HandheldARBP.upack' (chunk index -1, root 'root:/') mounted
[2023.05.27-14.42.27:152][  0]LogShaderLibrary: Display: ShaderCodeLibraryPakFileMountedCallback: pending pak file info (ChunkID:-1 Root:root:/ File:E:/UE4/Unreal Engine v4.27 Compiled/FeaturePacks/TP_HandheldARBP.upack)
[2023.05.27-14.42.27:152][  0]LogPakFile: OnPakFileMounted2Time == 0.000154
[2023.05.27-14.42.27:314][  0]LogPakFile: PakFile PrimaryIndexSize=182
[2023.05.27-14.42.27:314][  0]LogPakFile: PakFile PathHashIndexSize=101
[2023.05.27-14.42.27:314][  0]LogPakFile: PakFile FullDirectoryIndexSize=138
[2023.05.27-14.42.27:315][  0]LogShaderLibrary: Display: ShaderCodeLibraryPakFileMountedCallback: PakFile 'E:/UE4/Unreal Engine v4.27 Compiled/FeaturePacks/TP_Puzzle.upack' (chunk index -1, root 'root:/') mounted
[2023.05.27-14.42.27:315][  0]LogShaderLibrary: Display: ShaderCodeLibraryPakFileMountedCallback: pending pak file info (ChunkID:-1 Root:root:/ File:E:/UE4/Unreal Engine v4.27 Compiled/FeaturePacks/TP_Puzzle.upack)
[2023.05.27-14.42.27:315][  0]LogPakFile: OnPakFileMounted2Time == 0.000172
[2023.05.27-14.42.27:337][  0]LogPakFile: PakFile PrimaryIndexSize=184
[2023.05.27-14.42.27:337][  0]LogPakFile: PakFile PathHashIndexSize=101
[2023.05.27-14.42.27:337][  0]LogPakFile: PakFile FullDirectoryIndexSize=142
[2023.05.27-14.42.27:337][  0]LogShaderLibrary: Display: ShaderCodeLibraryPakFileMountedCallback: PakFile 'E:/UE4/Unreal Engine v4.27 Compiled/FeaturePacks/TP_PuzzleBP.upack' (chunk index -1, root 'root:/') mounted
[2023.05.27-14.42.27:337][  0]LogShaderLibrary: Display: ShaderCodeLibraryPakFileMountedCallback: pending pak file info (ChunkID:-1 Root:root:/ File:E:/UE4/Unreal Engine v4.27 Compiled/FeaturePacks/TP_PuzzleBP.upack)
[2023.05.27-14.42.27:337][  0]LogPakFile: OnPakFileMounted2Time == 0.000074
[2023.05.27-14.42.27:372][  0]LogPakFile: PakFile PrimaryIndexSize=183
[2023.05.27-14.42.27:372][  0]LogPakFile: PakFile PathHashIndexSize=101
[2023.05.27-14.42.27:372][  0]LogPakFile: PakFile FullDirectoryIndexSize=140
[2023.05.27-14.42.27:372][  0]LogShaderLibrary: Display: ShaderCodeLibraryPakFileMountedCallback: PakFile 'E:/UE4/Unreal Engine v4.27 Compiled/FeaturePacks/TP_Rolling.upack' (chunk index -1, root 'root:/') mounted
[2023.05.27-14.42.27:372][  0]LogShaderLibrary: Display: ShaderCodeLibraryPakFileMountedCallback: pending pak file info (ChunkID:-1 Root:root:/ File:E:/UE4/Unreal Engine v4.27 Compiled/FeaturePacks/TP_Rolling.upack)
[2023.05.27-14.42.27:372][  0]LogPakFile: OnPakFileMounted2Time == 0.000094
[2023.05.27-14.42.27:477][  0]LogPakFile: PakFile PrimaryIndexSize=185
[2023.05.27-14.42.27:477][  0]LogPakFile: PakFile PathHashIndexSize=101
[2023.05.27-14.42.27:477][  0]LogPakFile: PakFile FullDirectoryIndexSize=144
[2023.05.27-14.42.27:477][  0]LogShaderLibrary: Display: ShaderCodeLibraryPakFileMountedCallback: PakFile 'E:/UE4/Unreal Engine v4.27 Compiled/FeaturePacks/TP_RollingBP.upack' (chunk index -1, root 'root:/') mounted
[2023.05.27-14.42.27:477][  0]LogShaderLibrary: Display: ShaderCodeLibraryPakFileMountedCallback: pending pak file info (ChunkID:-1 Root:root:/ File:E:/UE4/Unreal Engine v4.27 Compiled/FeaturePacks/TP_RollingBP.upack)
[2023.05.27-14.42.27:477][  0]LogPakFile: OnPakFileMounted2Time == 0.000156
[2023.05.27-14.42.27:605][  0]LogPakFile: PakFile PrimaryIndexSize=188
[2023.05.27-14.42.27:605][  0]LogPakFile: PakFile PathHashIndexSize=101
[2023.05.27-14.42.27:605][  0]LogPakFile: PakFile FullDirectoryIndexSize=150
[2023.05.27-14.42.27:605][  0]LogShaderLibrary: Display: ShaderCodeLibraryPakFileMountedCallback: PakFile 'E:/UE4/Unreal Engine v4.27 Compiled/FeaturePacks/TP_SideScroller.upack' (chunk index -1, root 'root:/') mounted
[2023.05.27-14.42.27:605][  0]LogShaderLibrary: Display: ShaderCodeLibraryPakFileMountedCallback: pending pak file info (ChunkID:-1 Root:root:/ File:E:/UE4/Unreal Engine v4.27 Compiled/FeaturePacks/TP_SideScroller.upack)
[2023.05.27-14.42.27:605][  0]LogPakFile: OnPakFileMounted2Time == 0.000197
[2023.05.27-14.42.27:611][  0]LogPakFile: PakFile PrimaryIndexSize=190
[2023.05.27-14.42.27:611][  0]LogPakFile: PakFile PathHashIndexSize=101
[2023.05.27-14.42.27:611][  0]LogPakFile: PakFile FullDirectoryIndexSize=154
[2023.05.27-14.42.27:611][  0]LogShaderLibrary: Display: ShaderCodeLibraryPakFileMountedCallback: PakFile 'E:/UE4/Unreal Engine v4.27 Compiled/FeaturePacks/TP_SideScrollerBP.upack' (chunk index -1, root 'root:/') mounted
[2023.05.27-14.42.27:611][  0]LogShaderLibrary: Display: ShaderCodeLibraryPakFileMountedCallback: pending pak file info (ChunkID:-1 Root:root:/ File:E:/UE4/Unreal Engine v4.27 Compiled/FeaturePacks/TP_SideScrollerBP.upack)
[2023.05.27-14.42.27:611][  0]LogPakFile: OnPakFileMounted2Time == 0.000154
[2023.05.27-14.42.27:620][  0]LogPakFile: PakFile PrimaryIndexSize=187
[2023.05.27-14.42.27:620][  0]LogPakFile: PakFile PathHashIndexSize=101
[2023.05.27-14.42.27:620][  0]LogPakFile: PakFile FullDirectoryIndexSize=148
[2023.05.27-14.42.27:620][  0]LogShaderLibrary: Display: ShaderCodeLibraryPakFileMountedCallback: PakFile 'E:/UE4/Unreal Engine v4.27 Compiled/FeaturePacks/TP_ThirdPerson.upack' (chunk index -1, root 'root:/') mounted
[2023.05.27-14.42.27:620][  0]LogShaderLibrary: Display: ShaderCodeLibraryPakFileMountedCallback: pending pak file info (ChunkID:-1 Root:root:/ File:E:/UE4/Unreal Engine v4.27 Compiled/FeaturePacks/TP_ThirdPerson.upack)
[2023.05.27-14.42.27:620][  0]LogPakFile: OnPakFileMounted2Time == 0.000172
[2023.05.27-14.42.27:637][  0]LogPakFile: PakFile PrimaryIndexSize=189
[2023.05.27-14.42.27:638][  0]LogPakFile: PakFile PathHashIndexSize=101
[2023.05.27-14.42.27:638][  0]LogPakFile: PakFile FullDirectoryIndexSize=152
[2023.05.27-14.42.27:638][  0]LogShaderLibrary: Display: ShaderCodeLibraryPakFileMountedCallback: PakFile 'E:/UE4/Unreal Engine v4.27 Compiled/FeaturePacks/TP_ThirdPersonBP.upack' (chunk index -1, root 'root:/') mounted
[2023.05.27-14.42.27:638][  0]LogShaderLibrary: Display: ShaderCodeLibraryPakFileMountedCallback: pending pak file info (ChunkID:-1 Root:root:/ File:E:/UE4/Unreal Engine v4.27 Compiled/FeaturePacks/TP_ThirdPersonBP.upack)
[2023.05.27-14.42.27:638][  0]LogPakFile: OnPakFileMounted2Time == 0.000120
[2023.05.27-14.42.27:659][  0]LogPakFile: PakFile PrimaryIndexSize=183
[2023.05.27-14.42.27:659][  0]LogPakFile: PakFile PathHashIndexSize=101
[2023.05.27-14.42.27:659][  0]LogPakFile: PakFile FullDirectoryIndexSize=140
[2023.05.27-14.42.27:659][  0]LogShaderLibrary: Display: ShaderCodeLibraryPakFileMountedCallback: PakFile 'E:/UE4/Unreal Engine v4.27 Compiled/FeaturePacks/TP_TopDown.upack' (chunk index -1, root 'root:/') mounted
[2023.05.27-14.42.27:659][  0]LogShaderLibrary: Display: ShaderCodeLibraryPakFileMountedCallback: pending pak file info (ChunkID:-1 Root:root:/ File:E:/UE4/Unreal Engine v4.27 Compiled/FeaturePacks/TP_TopDown.upack)
[2023.05.27-14.42.27:659][  0]LogPakFile: OnPakFileMounted2Time == 0.000137
[2023.05.27-14.42.27:722][  0]LogPakFile: PakFile PrimaryIndexSize=185
[2023.05.27-14.42.27:722][  0]LogPakFile: PakFile PathHashIndexSize=101
[2023.05.27-14.42.27:722][  0]LogPakFile: PakFile FullDirectoryIndexSize=144
[2023.05.27-14.42.27:722][  0]LogShaderLibrary: Display: ShaderCodeLibraryPakFileMountedCallback: PakFile 'E:/UE4/Unreal Engine v4.27 Compiled/FeaturePacks/TP_TopDownBP.upack' (chunk index -1, root 'root:/') mounted
[2023.05.27-14.42.27:722][  0]LogShaderLibrary: Display: ShaderCodeLibraryPakFileMountedCallback: pending pak file info (ChunkID:-1 Root:root:/ File:E:/UE4/Unreal Engine v4.27 Compiled/FeaturePacks/TP_TopDownBP.upack)
[2023.05.27-14.42.27:722][  0]LogPakFile: OnPakFileMounted2Time == 0.000156
[2023.05.27-14.42.27:744][  0]LogPakFile: PakFile PrimaryIndexSize=185
[2023.05.27-14.42.27:744][  0]LogPakFile: PakFile PathHashIndexSize=101
[2023.05.27-14.42.27:744][  0]LogPakFile: PakFile FullDirectoryIndexSize=144
[2023.05.27-14.42.27:744][  0]LogShaderLibrary: Display: ShaderCodeLibraryPakFileMountedCallback: PakFile 'E:/UE4/Unreal Engine v4.27 Compiled/FeaturePacks/TP_TwinStick.upack' (chunk index -1, root 'root:/') mounted
[2023.05.27-14.42.27:744][  0]LogShaderLibrary: Display: ShaderCodeLibraryPakFileMountedCallback: pending pak file info (ChunkID:-1 Root:root:/ File:E:/UE4/Unreal Engine v4.27 Compiled/FeaturePacks/TP_TwinStick.upack)
[2023.05.27-14.42.27:745][  0]LogPakFile: OnPakFileMounted2Time == 0.000186
[2023.05.27-14.42.27:788][  0]LogPakFile: PakFile PrimaryIndexSize=187
[2023.05.27-14.42.27:789][  0]LogPakFile: PakFile PathHashIndexSize=101
[2023.05.27-14.42.27:789][  0]LogPakFile: PakFile FullDirectoryIndexSize=148
[2023.05.27-14.42.27:789][  0]LogShaderLibrary: Display: ShaderCodeLibraryPakFileMountedCallback: PakFile 'E:/UE4/Unreal Engine v4.27 Compiled/FeaturePacks/TP_TwinStickBP.upack' (chunk index -1, root 'root:/') mounted
[2023.05.27-14.42.27:789][  0]LogShaderLibrary: Display: ShaderCodeLibraryPakFileMountedCallback: pending pak file info (ChunkID:-1 Root:root:/ File:E:/UE4/Unreal Engine v4.27 Compiled/FeaturePacks/TP_TwinStickBP.upack)
[2023.05.27-14.42.27:789][  0]LogPakFile: OnPakFileMounted2Time == 0.000180
[2023.05.27-14.42.27:822][  0]LogPakFile: PakFile PrimaryIndexSize=183
[2023.05.27-14.42.27:822][  0]LogPakFile: PakFile PathHashIndexSize=101
[2023.05.27-14.42.27:822][  0]LogPakFile: PakFile FullDirectoryIndexSize=140
[2023.05.27-14.42.27:822][  0]LogShaderLibrary: Display: ShaderCodeLibraryPakFileMountedCallback: PakFile 'E:/UE4/Unreal Engine v4.27 Compiled/FeaturePacks/TP_Vehicle.upack' (chunk index -1, root 'root:/') mounted
[2023.05.27-14.42.27:822][  0]LogShaderLibrary: Display: ShaderCodeLibraryPakFileMountedCallback: pending pak file info (ChunkID:-1 Root:root:/ File:E:/UE4/Unreal Engine v4.27 Compiled/FeaturePacks/TP_Vehicle.upack)
[2023.05.27-14.42.27:822][  0]LogPakFile: OnPakFileMounted2Time == 0.000200
[2023.05.27-14.42.27:850][  0]LogPakFile: PakFile PrimaryIndexSize=186
[2023.05.27-14.42.27:850][  0]LogPakFile: PakFile PathHashIndexSize=101
[2023.05.27-14.42.27:851][  0]LogPakFile: PakFile FullDirectoryIndexSize=146
[2023.05.27-14.42.27:851][  0]LogShaderLibrary: Display: ShaderCodeLibraryPakFileMountedCallback: PakFile 'E:/UE4/Unreal Engine v4.27 Compiled/FeaturePacks/TP_VehicleAdv.upack' (chunk index -1, root 'root:/') mounted
[2023.05.27-14.42.27:851][  0]LogShaderLibrary: Display: ShaderCodeLibraryPakFileMountedCallback: pending pak file info (ChunkID:-1 Root:root:/ File:E:/UE4/Unreal Engine v4.27 Compiled/FeaturePacks/TP_VehicleAdv.upack)
[2023.05.27-14.42.27:851][  0]LogPakFile: OnPakFileMounted2Time == 0.000186
[2023.05.27-14.42.27:954][  0]LogPakFile: PakFile PrimaryIndexSize=188
[2023.05.27-14.42.27:954][  0]LogPakFile: PakFile PathHashIndexSize=101
[2023.05.27-14.42.27:954][  0]LogPakFile: PakFile FullDirectoryIndexSize=150
[2023.05.27-14.42.27:954][  0]LogShaderLibrary: Display: ShaderCodeLibraryPakFileMountedCallback: PakFile 'E:/UE4/Unreal Engine v4.27 Compiled/FeaturePacks/TP_VehicleAdvBP.upack' (chunk index -1, root 'root:/') mounted
[2023.05.27-14.42.27:954][  0]LogShaderLibrary: Display: ShaderCodeLibraryPakFileMountedCallback: pending pak file info (ChunkID:-1 Root:root:/ File:E:/UE4/Unreal Engine v4.27 Compiled/FeaturePacks/TP_VehicleAdvBP.upack)
[2023.05.27-14.42.27:954][  0]LogPakFile: OnPakFileMounted2Time == 0.000172
[2023.05.27-14.42.28:077][  0]LogPakFile: PakFile PrimaryIndexSize=185
[2023.05.27-14.42.28:077][  0]LogPakFile: PakFile PathHashIndexSize=101
[2023.05.27-14.42.28:077][  0]LogPakFile: PakFile FullDirectoryIndexSize=144
[2023.05.27-14.42.28:077][  0]LogShaderLibrary: Display: ShaderCodeLibraryPakFileMountedCallback: PakFile 'E:/UE4/Unreal Engine v4.27 Compiled/FeaturePacks/TP_VehicleBP.upack' (chunk index -1, root 'root:/') mounted
[2023.05.27-14.42.28:077][  0]LogShaderLibrary: Display: ShaderCodeLibraryPakFileMountedCallback: pending pak file info (ChunkID:-1 Root:root:/ File:E:/UE4/Unreal Engine v4.27 Compiled/FeaturePacks/TP_VehicleBP.upack)
[2023.05.27-14.42.28:077][  0]LogPakFile: OnPakFileMounted2Time == 0.000202
[2023.05.27-14.42.28:096][  0]LogPakFile: PakFile PrimaryIndexSize=192
[2023.05.27-14.42.28:096][  0]LogPakFile: PakFile PathHashIndexSize=101
[2023.05.27-14.42.28:096][  0]LogPakFile: PakFile FullDirectoryIndexSize=158
[2023.05.27-14.42.28:096][  0]LogShaderLibrary: Display: ShaderCodeLibraryPakFileMountedCallback: PakFile 'E:/UE4/Unreal Engine v4.27 Compiled/FeaturePacks/TP_VirtualRealityBP.upack' (chunk index -1, root 'root:/') mounted
[2023.05.27-14.42.28:096][  0]LogShaderLibrary: Display: ShaderCodeLibraryPakFileMountedCallback: pending pak file info (ChunkID:-1 Root:root:/ File:E:/UE4/Unreal Engine v4.27 Compiled/FeaturePacks/TP_VirtualRealityBP.upack)
[2023.05.27-14.42.28:096][  0]LogPakFile: OnPakFileMounted2Time == 0.000154
[2023.05.27-14.42.31:405][  0]LogNativeClassHierarchy: Verbose: Native class hierarchy updated for 'AddContentDialog' in 0.0006 seconds. Added 0 classes and 0 folders.
[2023.05.27-14.42.31:580][  0]LogNativeClassHierarchy: Verbose: Native class hierarchy updated for 'SceneOutliner' in 0.0011 seconds. Added 2 classes and 0 folders.
[2023.05.27-14.42.33:209][  0]LogSlate: Took 0.000794 seconds to synchronously load lazily loaded font '../../../Engine/Content/Slate/Fonts/Roboto-Regular.ttf' (155K)
[2023.05.27-14.42.33:514][  0]LogSlate: Took 0.302873 seconds to synchronously load lazily loaded font '../../../Engine/Content/Editor/Slate/Fonts/FontAwesome.ttf' (139K)
[2023.05.27-14.42.33:534][  0]LogSlate: Took 0.000431 seconds to synchronously load lazily loaded font '../../../Engine/Content/Slate/Fonts/Roboto-Bold.ttf' (160K)
[2023.05.27-14.42.33:564][  0]LogSlate: Took 0.008268 seconds to synchronously load lazily loaded font '../../../Engine/Content/Slate/Fonts/NotoNaskhArabicUI-Regular.ttf' (144K)
[2023.05.27-14.42.34:083][  0]LogRenderer: Reallocating scene render targets to support 824x388 Format 10 NumSamples 1 (Frame:1).
[2023.05.27-14.42.35:332][  0]LogNativeClassHierarchy: Verbose: Native class hierarchy updated for 'HierarchicalLODOutliner' in 0.0006 seconds. Added 0 classes and 0 folders.
[2023.05.27-14.42.35:332][  0]LogLoad: (Engine Initialization) Total time: 70.44 seconds
[2023.05.27-14.42.35:333][  0]LogLoad: (Engine Initialization) Total Blueprint compile time: 0.00 seconds
[2023.05.27-14.42.35:590][  0]LogContentStreaming: Texture pool size now 1000 MB
[2023.05.27-14.42.35:687][  1]LogAssetRegistry: Asset discovery search completed in 58.3529 seconds
[2023.05.27-14.42.35:702][  1]LogCollectionManager: Fixed up redirectors for 0 collections in 0.000007 seconds (updated 0 objects)
[2023.05.27-14.42.35:926][  2]LogSlate: Took 0.022470 seconds to synchronously load lazily loaded font '../../../Engine/Content/Slate/Fonts/Roboto-Light.ttf' (167K)
[2023.05.27-14.43.32:490][363]LogEditorViewport: Clicking on Actor (LMB): BP_Sky_Sphere_C (BP_Sky_Sphere)
