Log file open, 05/26/23 21:29:37
LogWindows: Failed to load 'aqProf.dll' (GetLastError=126)
LogWindows: File 'aqProf.dll' does not exist
LogWindows: Failed to load 'VtuneApi.dll' (GetLastError=126)
LogWindows: File 'VtuneApi.dll' does not exist
LogWindows: Failed to load 'VtuneApi32e.dll' (GetLastError=126)
LogWindows: File 'VtuneApi32e.dll' does not exist
LogConsoleResponse: Display: Failed to find resolution value strings in scalability ini. Falling back to default.
LogConsoleResponse: Display: Failed to find resolution value strings in scalability ini. Falling back to default.
LogInit: Display: Running engine for game: Car
LogPlatformFile: Not using cached read wrapper
LogTaskGraph: Started task graph with 5 named threads and 11 total threads with 3 sets of task threads.
LogStats: Stats thread started at 1.357624
LogICUInternationalization: ICU TimeZone Detection - Raw Offset: -8:00, Platform Override: ''
LogInit: Display: Loading text-based GConfig....
LogPluginManager: Mounting plugin MeshPainting
LogPluginManager: Mounting plugin XGEController
LogPluginManager: Mounting plugin Paper2D
LogPluginManager: Mounting plugin AISupport
LogPluginManager: Mounting plugin EnvironmentQueryEditor
LogPluginManager: Mounting plugin LiveLink
LogPluginManager: Mounting plugin LightPropagationVolume
LogPluginManager: Mounting plugin CameraShakePreviewer
LogPluginManager: Mounting plugin GameplayCameras
LogPluginManager: Mounting plugin OodleData
LogPluginManager: Mounting plugin OodleNetwork
LogPluginManager: Mounting plugin AnimationSharing
LogPluginManager: Mounting plugin CLionSourceCodeAccess
LogPluginManager: Mounting plugin CodeLiteSourceCodeAccess
LogPluginManager: Mounting plugin GitSourceControl
LogPluginManager: Mounting plugin KDevelopSourceCodeAccess
LogPluginManager: Mounting plugin NullSourceCodeAccess
LogPluginManager: Mounting plugin PerforceSourceControl
LogPluginManager: Mounting plugin PixWinPlugin
LogPluginManager: Mounting plugin PlasticSourceControl
LogPluginManager: Mounting plugin PluginUtils
LogPluginManager: Mounting plugin PropertyAccessNode
LogPluginManager: Mounting plugin RiderSourceCodeAccess
LogPluginManager: Mounting plugin SubversionSourceControl
LogPluginManager: Mounting plugin TextureFormatOodle
LogPluginManager: Mounting plugin UObjectPlugin
LogPluginManager: Mounting plugin VisualStudioCodeSourceCodeAccess
LogPluginManager: Mounting plugin VisualStudioSourceCodeAccess
LogPluginManager: Mounting plugin XCodeSourceCodeAccess
LogPluginManager: Mounting plugin AssetManagerEditor
LogPluginManager: Mounting plugin CryptoKeys
LogPluginManager: Mounting plugin CurveEditorTools
LogPluginManager: Mounting plugin DataValidation
LogPluginManager: Mounting plugin FacialAnimation
LogPluginManager: Mounting plugin GameplayTagsEditor
LogPluginManager: Mounting plugin GeometryMode
LogPluginManager: Mounting plugin MacGraphicsSwitching
LogPluginManager: Mounting plugin MaterialAnalyzer
LogPluginManager: Mounting plugin MobileLauncherProfileWizard
LogPluginManager: Mounting plugin PluginBrowser
LogPluginManager: Mounting plugin SpeedTreeImporter
LogPluginManager: Mounting plugin DatasmithContent
LogPluginManager: Mounting plugin VariantManagerContent
LogPluginManager: Mounting plugin AlembicImporter
LogPluginManager: Mounting plugin AutomationUtils
LogPluginManager: Mounting plugin BackChannel
LogPluginManager: Mounting plugin ChaosCloth
LogPluginManager: Mounting plugin ChaosClothEditor
LogPluginManager: Mounting plugin ChaosNiagara
LogPluginManager: Mounting plugin ChaosEditor
LogPluginManager: Mounting plugin ChaosSolverPlugin
LogPluginManager: Mounting plugin CharacterAI
LogPluginManager: Mounting plugin GeometryCache
LogPluginManager: Mounting plugin GeometryProcessing
LogPluginManager: Mounting plugin GeometryCollectionPlugin
LogPluginManager: Mounting plugin MotoSynth
LogPluginManager: Mounting plugin OpenImageDenoise
LogPluginManager: Mounting plugin PlanarCut
LogPluginManager: Mounting plugin PlatformCrypto
LogPluginManager: Mounting plugin ProxyLODPlugin
LogPluginManager: Mounting plugin PythonScriptPlugin
LogPluginManager: Mounting plugin SkeletalReduction
LogPluginManager: Mounting plugin Niagara
LogPluginManager: Mounting plugin LuminPlatformFeatures
LogPluginManager: Mounting plugin MagicLeap
LogPluginManager: Mounting plugin MagicLeapLightEstimation
LogPluginManager: Mounting plugin MagicLeapMedia
LogPluginManager: Mounting plugin MagicLeapPassableWorld
LogPluginManager: Mounting plugin MLSDK
LogPluginManager: Mounting plugin AndroidMedia
LogPluginManager: Mounting plugin AvfMedia
LogPluginManager: Mounting plugin ImgMedia
LogPluginManager: Mounting plugin MediaCompositing
LogPluginManager: Mounting plugin MediaPlayerEditor
LogPluginManager: Mounting plugin WebMMedia
LogPluginManager: Mounting plugin WmfMedia
LogPluginManager: Mounting plugin TcpMessaging
LogPluginManager: Mounting plugin UdpMessaging
LogPluginManager: Mounting plugin ActorSequence
LogPluginManager: Mounting plugin LevelSequenceEditor
LogPluginManager: Mounting plugin MatineeToLevelSequence
LogPluginManager: Mounting plugin TemplateSequence
LogPluginManager: Mounting plugin OnlineSubsystem
LogPluginManager: Mounting plugin OnlineSubsystemNull
LogPluginManager: Mounting plugin OnlineSubsystemUtils
LogPluginManager: Mounting plugin LauncherChunkInstaller
LogPluginManager: Mounting plugin ActorLayerUtilities
LogPluginManager: Mounting plugin AndroidDeviceProfileSelector
LogPluginManager: Mounting plugin AndroidMoviePlayer
LogPluginManager: Mounting plugin AndroidPermission
LogPluginManager: Mounting plugin AppleImageUtils
LogPluginManager: Mounting plugin AppleMoviePlayer
LogPluginManager: Mounting plugin ArchVisCharacter
LogPluginManager: Mounting plugin AssetTags
LogPluginManager: Mounting plugin AudioCapture
LogPluginManager: Mounting plugin AudioSynesthesia
LogPluginManager: Mounting plugin CableComponent
LogPluginManager: Mounting plugin ChunkDownloader
LogPluginManager: Mounting plugin CustomMeshComponent
LogPluginManager: Mounting plugin EditableMesh
LogPluginManager: Mounting plugin ExampleDeviceProfileSelector
LogPluginManager: Mounting plugin GoogleCloudMessaging
LogPluginManager: Mounting plugin GooglePAD
LogPluginManager: Mounting plugin IOSDeviceProfileSelector
LogPluginManager: Mounting plugin LinuxDeviceProfileSelector
LogPluginManager: Mounting plugin LocationServicesBPLibrary
LogPluginManager: Mounting plugin MobilePatchingUtils
LogPluginManager: Mounting plugin OpenXR
LogPluginManager: Mounting plugin OpenXREyeTracker
LogPluginManager: Mounting plugin OpenXRHandTracking
LogPluginManager: Mounting plugin PhysXVehicles
LogPluginManager: Mounting plugin PostSplashScreen
LogPluginManager: Mounting plugin ProceduralMeshComponent
LogPluginManager: Mounting plugin PropertyAccessEditor
LogPluginManager: Mounting plugin RuntimePhysXCooking
LogPluginManager: Mounting plugin SignificanceManager
LogPluginManager: Mounting plugin SoundFields
LogPluginManager: Mounting plugin Synthesis
LogPluginManager: Mounting plugin WebMMoviePlayer
LogPluginManager: Mounting plugin WindowsMoviePlayer
LogPluginManager: Mounting plugin ScreenshotTools
LogPluginManager: Mounting plugin Takes
LogPluginManager: Mounting plugin ContentBrowserAssetDataSource
LogPluginManager: Mounting plugin ContentBrowserClassDataSource
LogPluginManager: Mounting plugin ContentBrowserFileDataSource
LogPluginManager: Mounting plugin OnlineSubsystemGooglePlay
LogPluginManager: Mounting plugin OnlineSubsystemIOS
LogPluginManager: Mounting plugin OculusVR
LogPluginManager: Mounting plugin SteamVR
PixWinPlugin: PIX capture plugin failed to initialize! Check that the process is launched from PIX.
LogLuminAPIImpl: Warning: MLSDK not found.  This likely means the MLSDK environment variable is not set.
LogInit: Using libcurl 7.55.1-DEV
LogInit:  - built for x86_64-pc-win32
LogInit:  - supports SSL with OpenSSL/1.1.1
LogInit:  - supports HTTP deflate (compression) using libz 1.2.8
LogInit:  - other features:
LogInit:      CURL_VERSION_SSL
LogInit:      CURL_VERSION_LIBZ
LogInit:      CURL_VERSION_IPV6
LogInit:      CURL_VERSION_ASYNCHDNS
LogInit:      CURL_VERSION_LARGEFILE
LogInit:      CURL_VERSION_IDN
LogInit:  CurlRequestOptions (configurable via config and command line):
LogInit:  - bVerifyPeer = true  - Libcurl will verify peer certificate
LogInit:  - bUseHttpProxy = false  - Libcurl will NOT use HTTP proxy
LogInit:  - bDontReuseConnections = false  - Libcurl will reuse connections
LogInit:  - MaxHostConnections = 16  - Libcurl will limit the number of connections to a host
LogInit:  - LocalHostAddr = Default
LogInit:  - BufferSize = 65536
LogOnline: OSS: Creating online subsystem instance for: NULL
LogInit: WinSock: version 1.1 (2.2), MaxSocks=32767, MaxUdp=65467
LogOnline: OSS: TryLoadSubsystemAndSetDefault: Loaded subsystem for module [NULL]
LogOculusPluginWrapper: OculusPlugin initialized successfully
LogHMD: Failed initializing OVRPlugin 1.59.0
LogInit: Build: ++UE4+Release-4.27-CL-17155196
LogInit: Engine Version: 4.27.0-17155196+++UE4+Release-4.27
LogInit: Compatible Engine Version: 4.27.0-17155196+++UE4+Release-4.27
LogInit: Net CL: 17155196
LogInit: OS: Windows 10 (Release 2009) (), CPU: AMD A6-9225 RADEON R4, 5 COMPUTE CORES 2C+3G   , GPU: AMD Radeon(TM) R4 Graphics
LogInit: Compiled (64-bit): Aug 13 2021 06:13:13
LogInit: Compiled with Visual C++: 19.24.28315.00
LogInit: Build Configuration: Development
LogInit: Branch Name: ++UE4+Release-4.27
LogInit: Command Line: 
LogInit: Base Directory: E:/UE4/Unreal Engine v4.27 Compiled/Engine/Binaries/Win64/
LogInit: Allocator: TBB
LogInit: Installed Engine Build: 1
LogDevObjectVersion: Number of dev versions registered: 29
LogDevObjectVersion:   Dev-Blueprints (B0D832E4-1F89-4F0D-ACCF-7EB736FD4AA2): 10
LogDevObjectVersion:   Dev-Build (E1C64328-A22C-4D53-A36C-8E866417BD8C): 0
LogDevObjectVersion:   Dev-Core (375EC13C-06E4-48FB-B500-84F0262A717E): 4
LogDevObjectVersion:   Dev-Editor (E4B068ED-F494-42E9-A231-DA0B2E46BB41): 40
LogDevObjectVersion:   Dev-Framework (CFFC743F-43B0-4480-9391-14DF171D2073): 37
LogDevObjectVersion:   Dev-Mobile (B02B49B5-BB20-44E9-A304-32B752E40360): 3
LogDevObjectVersion:   Dev-Networking (A4E4105C-59A1-49B5-A7C5-40C4547EDFEE): 0
LogDevObjectVersion:   Dev-Online (39C831C9-5AE6-47DC-9A44-9C173E1C8E7C): 0
LogDevObjectVersion:   Dev-Physics (78F01B33-EBEA-4F98-B9B4-84EACCB95AA2): 14
LogDevObjectVersion:   Dev-Platform (6631380F-2D4D-43E0-8009-CF276956A95A): 0
LogDevObjectVersion:   Dev-Rendering (12F88B9F-8875-4AFC-A67C-D90C383ABD29): 45
LogDevObjectVersion:   Dev-Sequencer (7B5AE74C-D270-4C10-A958-57980B212A5A): 13
LogDevObjectVersion:   Dev-VR (D7296918-1DD6-4BDD-9DE2-64A83CC13884): 3
LogDevObjectVersion:   Dev-LoadTimes (C2A15278-BFE7-4AFE-6C17-90FF531DF755): 1
LogDevObjectVersion:   Private-Geometry (6EACA3D4-40EC-4CC1-B786-8BED09428FC5): 3
LogDevObjectVersion:   Dev-AnimPhys (29E575DD-E0A3-4627-9D10-D276232CDCEA): 17
LogDevObjectVersion:   Dev-Anim (AF43A65D-7FD3-4947-9873-3E8ED9C1BB05): 15
LogDevObjectVersion:   Dev-ReflectionCapture (6B266CEC-1EC7-4B8F-A30B-E4D90942FC07): 1
LogDevObjectVersion:   Dev-Automation (0DF73D61-A23F-47EA-B727-89E90C41499A): 1
LogDevObjectVersion:   FortniteMain (601D1886-AC64-4F84-AA16-D3DE0DEAC7D6): 47
LogDevObjectVersion:   FortniteRelease (E7086368-6B23-4C58-8439-1B7016265E91): 1
LogDevObjectVersion:   Dev-Enterprise (9DFFBCD6-494F-0158-E221-12823C92A888): 10
LogDevObjectVersion:   Dev-Niagara (F2AED0AC-9AFE-416F-8664-AA7FFA26D6FC): 1
LogDevObjectVersion:   Dev-Destruction (174F1F0B-B4C6-45A5-B13F-2EE8D0FB917D): 10
LogDevObjectVersion:   Dev-Physics-Ext (35F94A83-E258-406C-A318-09F59610247C): 41
LogDevObjectVersion:   Dev-PhysicsMaterial-Chaos (B68FC16E-8B1B-42E2-B453-215C058844FE): 1
LogDevObjectVersion:   Dev-CineCamera (B2E18506-4273-CFC2-A54E-F4BB758BBA07): 1
LogDevObjectVersion:   Dev-VirtualProduction (64F58936-FD1B-42BA-BA96-7289D5D0FA4E): 1
LogDevObjectVersion:   Dev-MediaFramework (6F0ED827-A609-4895-9C91-998D90180EA4): 2
LogInit: Presizing for max 25165824 objects, including 0 objects not considered by GC, pre-allocating 0 bytes for permanent pool.
LogConfig: Applying CVar settings from Section [/Script/Engine.StreamingSettings] File [C:/Users/pardazsh/Desktop/project1/project1/Saved/Config/Windows/Engine.ini]
LogConfig: Setting CVar [[s.MinBulkDataSizeForAsyncLoading:131072]]
LogConfig: Setting CVar [[s.AsyncLoadingThreadEnabled:0]]
LogConfig: Setting CVar [[s.EventDrivenLoaderEnabled:1]]
LogConfig: Setting CVar [[s.WarnIfTimeLimitExceeded:0]]
LogConfig: Setting CVar [[s.TimeLimitExceededMultiplier:1.5]]
LogConfig: Setting CVar [[s.TimeLimitExceededMinTime:0.005]]
LogConfig: Setting CVar [[s.UseBackgroundLevelStreaming:1]]
LogConfig: Setting CVar [[s.PriorityAsyncLoadingExtraTime:15.0]]
LogConfig: Setting CVar [[s.LevelStreamingActorsUpdateTimeLimit:5.0]]
LogConfig: Setting CVar [[s.PriorityLevelStreamingActorsUpdateExtraTime:5.0]]
LogConfig: Setting CVar [[s.LevelStreamingComponentsRegistrationGranularity:10]]
LogConfig: Setting CVar [[s.UnregisterComponentsTimeLimit:1.0]]
LogConfig: Setting CVar [[s.LevelStreamingComponentsUnregistrationGranularity:5]]
LogConfig: Setting CVar [[s.FlushStreamingOnExit:1]]
LogInit: Object subsystem initialized
LogConfig: Setting CVar [[con.DebugEarlyDefault:1]]
LogConfig: Setting CVar [[r.setres:1280x720]]
[2023.05.27-04.29.38:569][  0]LogConfig: Setting CVar [[r.VSync:0]]
[2023.05.27-04.29.38:569][  0]LogConfig: Setting CVar [[r.RHICmdBypass:0]]
[2023.05.27-04.29.38:569][  0]LogConfig: Applying CVar settings from Section [/Script/Engine.RendererSettings] File [C:/Users/pardazsh/Desktop/project1/project1/Saved/Config/Windows/Engine.ini]
[2023.05.27-04.29.38:569][  0]LogConfig: Setting CVar [[r.GPUCrashDebugging:0]]
[2023.05.27-04.29.38:569][  0]LogConfig: Applying CVar settings from Section [/Script/Engine.RendererOverrideSettings] File [C:/Users/pardazsh/Desktop/project1/project1/Saved/Config/Windows/Engine.ini]
[2023.05.27-04.29.38:569][  0]LogConfig: Applying CVar settings from Section [/Script/Engine.StreamingSettings] File [C:/Users/pardazsh/Desktop/project1/project1/Saved/Config/Windows/Engine.ini]
[2023.05.27-04.29.38:569][  0]LogConfig: Setting CVar [[s.MinBulkDataSizeForAsyncLoading:131072]]
[2023.05.27-04.29.38:569][  0]LogConfig: Setting CVar [[s.AsyncLoadingThreadEnabled:0]]
[2023.05.27-04.29.38:569][  0]LogConfig: Setting CVar [[s.EventDrivenLoaderEnabled:1]]
[2023.05.27-04.29.38:569][  0]LogConfig: Setting CVar [[s.WarnIfTimeLimitExceeded:0]]
[2023.05.27-04.29.38:569][  0]LogConfig: Setting CVar [[s.TimeLimitExceededMultiplier:1.5]]
[2023.05.27-04.29.38:569][  0]LogConfig: Setting CVar [[s.TimeLimitExceededMinTime:0.005]]
[2023.05.27-04.29.38:569][  0]LogConfig: Setting CVar [[s.UseBackgroundLevelStreaming:1]]
[2023.05.27-04.29.38:569][  0]LogConfig: Setting CVar [[s.PriorityAsyncLoadingExtraTime:15.0]]
[2023.05.27-04.29.38:569][  0]LogConfig: Setting CVar [[s.LevelStreamingActorsUpdateTimeLimit:5.0]]
[2023.05.27-04.29.38:569][  0]LogConfig: Setting CVar [[s.PriorityLevelStreamingActorsUpdateExtraTime:5.0]]
[2023.05.27-04.29.38:569][  0]LogConfig: Setting CVar [[s.LevelStreamingComponentsRegistrationGranularity:10]]
[2023.05.27-04.29.38:569][  0]LogConfig: Setting CVar [[s.UnregisterComponentsTimeLimit:1.0]]
[2023.05.27-04.29.38:569][  0]LogConfig: Setting CVar [[s.LevelStreamingComponentsUnregistrationGranularity:5]]
[2023.05.27-04.29.38:569][  0]LogConfig: Setting CVar [[s.FlushStreamingOnExit:1]]
[2023.05.27-04.29.38:569][  0]LogConfig: Applying CVar settings from Section [/Script/Engine.GarbageCollectionSettings] File [C:/Users/pardazsh/Desktop/project1/project1/Saved/Config/Windows/Engine.ini]
[2023.05.27-04.29.38:569][  0]LogConfig: Setting CVar [[gc.MaxObjectsNotConsideredByGC:1]]
[2023.05.27-04.29.38:569][  0]LogConfig: Setting CVar [[gc.SizeOfPermanentObjectPool:0]]
[2023.05.27-04.29.38:569][  0]LogConfig: Setting CVar [[gc.FlushStreamingOnGC:0]]
[2023.05.27-04.29.38:569][  0]LogConfig: Setting CVar [[gc.NumRetriesBeforeForcingGC:10]]
[2023.05.27-04.29.38:569][  0]LogConfig: Setting CVar [[gc.AllowParallelGC:1]]
[2023.05.27-04.29.38:569][  0]LogConfig: Setting CVar [[gc.TimeBetweenPurgingPendingKillObjects:61.1]]
[2023.05.27-04.29.38:569][  0]LogConfig: Setting CVar [[gc.MaxObjectsInEditor:25165824]]
[2023.05.27-04.29.38:569][  0]LogConfig: Setting CVar [[gc.IncrementalBeginDestroyEnabled:1]]
[2023.05.27-04.29.38:569][  0]LogConfig: Setting CVar [[gc.CreateGCClusters:1]]
[2023.05.27-04.29.38:569][  0]LogConfig: Setting CVar [[gc.MinGCClusterSize:5]]
[2023.05.27-04.29.38:569][  0]LogConfig: Setting CVar [[gc.ActorClusteringEnabled:0]]
[2023.05.27-04.29.38:569][  0]LogConfig: Setting CVar [[gc.BlueprintClusteringEnabled:0]]
[2023.05.27-04.29.38:569][  0]LogConfig: Setting CVar [[gc.UseDisregardForGCOnDedicatedServers:0]]
[2023.05.27-04.29.38:569][  0]LogConfig: Setting CVar [[gc.MultithreadedDestructionEnabled:1]]
[2023.05.27-04.29.38:569][  0]LogConfig: Applying CVar settings from Section [/Script/Engine.NetworkSettings] File [C:/Users/pardazsh/Desktop/project1/project1/Saved/Config/Windows/Engine.ini]
[2023.05.27-04.29.38:569][  0]LogConfig: Applying CVar settings from Section [/Script/UnrealEd.CookerSettings] File [C:/Users/pardazsh/Desktop/project1/project1/Saved/Config/Windows/Engine.ini]
[2023.05.27-04.29.38:575][  0]LogConfig: Applying CVar settings from Section [ViewDistanceQuality@3] File [C:/Users/pardazsh/Desktop/project1/project1/Saved/Config/Windows/Scalability.ini]
[2023.05.27-04.29.38:575][  0]LogConfig: Setting CVar [[r.SkeletalMeshLODBias:0]]
[2023.05.27-04.29.38:575][  0]LogConfig: Setting CVar [[r.ViewDistanceScale:1.0]]
[2023.05.27-04.29.38:575][  0]LogConfig: Applying CVar settings from Section [AntiAliasingQuality@3] File [C:/Users/pardazsh/Desktop/project1/project1/Saved/Config/Windows/Scalability.ini]
[2023.05.27-04.29.38:575][  0]LogConfig: Setting CVar [[r.PostProcessAAQuality:4]]
[2023.05.27-04.29.38:575][  0]LogConfig: Applying CVar settings from Section [ShadowQuality@3] File [C:/Users/pardazsh/Desktop/project1/project1/Saved/Config/Windows/Scalability.ini]
[2023.05.27-04.29.38:575][  0]LogConfig: Setting CVar [[r.LightFunctionQuality:1]]
[2023.05.27-04.29.38:575][  0]LogConfig: Setting CVar [[r.ShadowQuality:5]]
[2023.05.27-04.29.38:575][  0]LogConfig: Setting CVar [[r.Shadow.CSM.MaxCascades:10]]
[2023.05.27-04.29.38:576][  0]LogConfig: Setting CVar [[r.Shadow.MaxResolution:2048]]
[2023.05.27-04.29.38:576][  0]LogConfig: Setting CVar [[r.Shadow.MaxCSMResolution:2048]]
[2023.05.27-04.29.38:576][  0]LogConfig: Setting CVar [[r.Shadow.RadiusThreshold:0.01]]
[2023.05.27-04.29.38:576][  0]LogConfig: Setting CVar [[r.Shadow.DistanceScale:1.0]]
[2023.05.27-04.29.38:576][  0]LogConfig: Setting CVar [[r.Shadow.CSM.TransitionScale:1.0]]
[2023.05.27-04.29.38:576][  0]LogConfig: Setting CVar [[r.Shadow.PreShadowResolutionFactor:1.0]]
[2023.05.27-04.29.38:576][  0]LogConfig: Setting CVar [[r.DistanceFieldShadowing:1]]
[2023.05.27-04.29.38:576][  0]LogConfig: Setting CVar [[r.DistanceFieldAO:1]]
[2023.05.27-04.29.38:576][  0]LogConfig: Setting CVar [[r.AOQuality:2]]
[2023.05.27-04.29.38:576][  0]LogConfig: Setting CVar [[r.VolumetricFog:1]]
[2023.05.27-04.29.38:576][  0]LogConfig: Setting CVar [[r.VolumetricFog.GridPixelSize:8]]
[2023.05.27-04.29.38:576][  0]LogConfig: Setting CVar [[r.VolumetricFog.GridSizeZ:128]]
[2023.05.27-04.29.38:576][  0]LogConfig: Setting CVar [[r.VolumetricFog.HistoryMissSupersampleCount:4]]
[2023.05.27-04.29.38:576][  0]LogConfig: Setting CVar [[r.LightMaxDrawDistanceScale:1]]
[2023.05.27-04.29.38:576][  0]LogConfig: Setting CVar [[r.CapsuleShadows:1]]
[2023.05.27-04.29.38:576][  0]LogConfig: Applying CVar settings from Section [PostProcessQuality@3] File [C:/Users/pardazsh/Desktop/project1/project1/Saved/Config/Windows/Scalability.ini]
[2023.05.27-04.29.38:576][  0]LogConfig: Setting CVar [[r.MotionBlurQuality:4]]
[2023.05.27-04.29.38:576][  0]LogConfig: Setting CVar [[r.AmbientOcclusionMipLevelFactor:0.4]]
[2023.05.27-04.29.38:576][  0]LogConfig: Setting CVar [[r.AmbientOcclusionMaxQuality:100]]
[2023.05.27-04.29.38:576][  0]LogConfig: Setting CVar [[r.AmbientOcclusionLevels:-1]]
[2023.05.27-04.29.38:576][  0]LogConfig: Setting CVar [[r.AmbientOcclusionRadiusScale:1.0]]
[2023.05.27-04.29.38:576][  0]LogConfig: Setting CVar [[r.DepthOfFieldQuality:2]]
[2023.05.27-04.29.38:576][  0]LogConfig: Setting CVar [[r.RenderTargetPoolMin:400]]
[2023.05.27-04.29.38:576][  0]LogConfig: Setting CVar [[r.LensFlareQuality:2]]
[2023.05.27-04.29.38:576][  0]LogConfig: Setting CVar [[r.SceneColorFringeQuality:1]]
[2023.05.27-04.29.38:576][  0]LogConfig: Setting CVar [[r.EyeAdaptationQuality:2]]
[2023.05.27-04.29.38:576][  0]LogConfig: Setting CVar [[r.BloomQuality:5]]
[2023.05.27-04.29.38:576][  0]LogConfig: Setting CVar [[r.FastBlurThreshold:100]]
[2023.05.27-04.29.38:576][  0]LogConfig: Setting CVar [[r.Upscale.Quality:3]]
[2023.05.27-04.29.38:576][  0]LogConfig: Setting CVar [[r.Tonemapper.GrainQuantization:1]]
[2023.05.27-04.29.38:576][  0]LogConfig: Setting CVar [[r.LightShaftQuality:1]]
[2023.05.27-04.29.38:576][  0]LogConfig: Setting CVar [[r.Filter.SizeScale:1]]
[2023.05.27-04.29.38:576][  0]LogConfig: Setting CVar [[r.Tonemapper.Quality:5]]
[2023.05.27-04.29.38:576][  0]LogConfig: Setting CVar [[r.DOF.Gather.AccumulatorQuality:1        ; higher gathering accumulator quality]]
[2023.05.27-04.29.38:576][  0]LogConfig: Setting CVar [[r.DOF.Gather.PostfilterMethod:1          ; Median3x3 postfilering method]]
[2023.05.27-04.29.38:576][  0]LogConfig: Setting CVar [[r.DOF.Gather.EnableBokehSettings:0       ; no bokeh simulation when gathering]]
[2023.05.27-04.29.38:576][  0]LogConfig: Setting CVar [[r.DOF.Gather.RingCount:4                 ; medium number of samples when gathering]]
[2023.05.27-04.29.38:576][  0]LogConfig: Setting CVar [[r.DOF.Scatter.ForegroundCompositing:1    ; additive foreground scattering]]
[2023.05.27-04.29.38:576][  0]LogConfig: Setting CVar [[r.DOF.Scatter.BackgroundCompositing:2    ; additive background scattering]]
[2023.05.27-04.29.38:576][  0]LogConfig: Setting CVar [[r.DOF.Scatter.EnableBokehSettings:1      ; bokeh simulation when scattering]]
[2023.05.27-04.29.38:576][  0]LogConfig: Setting CVar [[r.DOF.Scatter.MaxSpriteRatio:0.1         ; only a maximum of 10% of scattered bokeh]]
[2023.05.27-04.29.38:576][  0]LogConfig: Setting CVar [[r.DOF.Recombine.Quality:1                ; cheap slight out of focus]]
[2023.05.27-04.29.38:576][  0]LogConfig: Setting CVar [[r.DOF.Recombine.EnableBokehSettings:0    ; no bokeh simulation on slight out of focus]]
[2023.05.27-04.29.38:576][  0]LogConfig: Setting CVar [[r.DOF.TemporalAAQuality:1                ; more stable temporal accumulation]]
[2023.05.27-04.29.38:576][  0]LogConfig: Setting CVar [[r.DOF.Kernel.MaxForegroundRadius:0.025]]
[2023.05.27-04.29.38:577][  0]LogConfig: Setting CVar [[r.DOF.Kernel.MaxBackgroundRadius:0.025]]
[2023.05.27-04.29.38:577][  0]LogConfig: Applying CVar settings from Section [TextureQuality@3] File [C:/Users/pardazsh/Desktop/project1/project1/Saved/Config/Windows/Scalability.ini]
[2023.05.27-04.29.38:577][  0]LogConfig: Setting CVar [[r.Streaming.MipBias:0]]
[2023.05.27-04.29.38:577][  0]LogConfig: Setting CVar [[r.Streaming.AmortizeCPUToGPUCopy:0]]
[2023.05.27-04.29.38:577][  0]LogConfig: Setting CVar [[r.Streaming.MaxNumTexturesToStreamPerFrame:0]]
[2023.05.27-04.29.38:577][  0]LogConfig: Setting CVar [[r.Streaming.Boost:1]]
[2023.05.27-04.29.38:577][  0]LogConfig: Setting CVar [[r.MaxAnisotropy:8]]
[2023.05.27-04.29.38:577][  0]LogConfig: Setting CVar [[r.VT.MaxAnisotropy:8]]
[2023.05.27-04.29.38:577][  0]LogConfig: Setting CVar [[r.Streaming.LimitPoolSizeToVRAM:0]]
[2023.05.27-04.29.38:577][  0]LogConfig: Setting CVar [[r.Streaming.PoolSize:1000]]
[2023.05.27-04.29.38:577][  0]LogConfig: Setting CVar [[r.Streaming.MaxEffectiveScreenSize:0]]
[2023.05.27-04.29.38:577][  0]LogConfig: Applying CVar settings from Section [EffectsQuality@3] File [C:/Users/pardazsh/Desktop/project1/project1/Saved/Config/Windows/Scalability.ini]
[2023.05.27-04.29.38:577][  0]LogConfig: Setting CVar [[r.TranslucencyLightingVolumeDim:64]]
[2023.05.27-04.29.38:577][  0]LogConfig: Setting CVar [[r.RefractionQuality:2]]
[2023.05.27-04.29.38:577][  0]LogConfig: Setting CVar [[r.SSR.Quality:3]]
[2023.05.27-04.29.38:577][  0]LogConfig: Setting CVar [[r.SSR.HalfResSceneColor:0]]
[2023.05.27-04.29.38:577][  0]LogConfig: Setting CVar [[r.SceneColorFormat:4]]
[2023.05.27-04.29.38:577][  0]LogConfig: Setting CVar [[r.DetailMode:2]]
[2023.05.27-04.29.38:577][  0]LogConfig: Setting CVar [[r.TranslucencyVolumeBlur:1]]
[2023.05.27-04.29.38:577][  0]LogConfig: Setting CVar [[r.MaterialQualityLevel:1 ; High quality]]
[2023.05.27-04.29.38:577][  0]LogConfig: Setting CVar [[r.AnisotropicMaterials:1]]
[2023.05.27-04.29.38:577][  0]LogConfig: Setting CVar [[r.SSS.Scale:1]]
[2023.05.27-04.29.38:577][  0]LogConfig: Setting CVar [[r.SSS.SampleSet:2]]
[2023.05.27-04.29.38:577][  0]LogConfig: Setting CVar [[r.SSS.Quality:1]]
[2023.05.27-04.29.38:577][  0]LogConfig: Setting CVar [[r.SSS.HalfRes:0]]
[2023.05.27-04.29.38:577][  0]LogConfig: Setting CVar [[r.SSGI.Quality:3]]
[2023.05.27-04.29.38:577][  0]LogConfig: Setting CVar [[r.EmitterSpawnRateScale:1.0]]
[2023.05.27-04.29.38:577][  0]LogConfig: Setting CVar [[r.ParticleLightQuality:2]]
[2023.05.27-04.29.38:577][  0]LogConfig: Setting CVar [[r.SkyAtmosphere.AerialPerspectiveLUT.FastApplyOnOpaque:1 ; Always have FastSkyLUT 1 in this case to avoid wrong sky]]
[2023.05.27-04.29.38:577][  0]LogConfig: Setting CVar [[r.SkyAtmosphere.AerialPerspectiveLUT.SampleCountMaxPerSlice:4]]
[2023.05.27-04.29.38:577][  0]LogConfig: Setting CVar [[r.SkyAtmosphere.AerialPerspectiveLUT.DepthResolution:16.0]]
[2023.05.27-04.29.38:577][  0]LogConfig: Setting CVar [[r.SkyAtmosphere.FastSkyLUT:1]]
[2023.05.27-04.29.38:577][  0]LogConfig: Setting CVar [[r.SkyAtmosphere.FastSkyLUT.SampleCountMin:4.0]]
[2023.05.27-04.29.38:577][  0]LogConfig: Setting CVar [[r.SkyAtmosphere.FastSkyLUT.SampleCountMax:128.0]]
[2023.05.27-04.29.38:577][  0]LogConfig: Setting CVar [[r.SkyAtmosphere.SampleCountMin:4.0]]
[2023.05.27-04.29.38:577][  0]LogConfig: Setting CVar [[r.SkyAtmosphere.SampleCountMax:128.0]]
[2023.05.27-04.29.38:577][  0]LogConfig: Setting CVar [[r.SkyAtmosphere.TransmittanceLUT.UseSmallFormat:0]]
[2023.05.27-04.29.38:577][  0]LogConfig: Setting CVar [[r.SkyAtmosphere.TransmittanceLUT.SampleCount:10.0]]
[2023.05.27-04.29.38:577][  0]LogConfig: Setting CVar [[r.SkyAtmosphere.MultiScatteringLUT.SampleCount:15.0]]
[2023.05.27-04.29.38:577][  0]LogConfig: Setting CVar [[r.SkyLight.RealTimeReflectionCapture:1]]
[2023.05.27-04.29.38:577][  0]LogConfig: Applying CVar settings from Section [FoliageQuality@3] File [C:/Users/pardazsh/Desktop/project1/project1/Saved/Config/Windows/Scalability.ini]
[2023.05.27-04.29.38:577][  0]LogConfig: Setting CVar [[foliage.DensityScale:1.0]]
[2023.05.27-04.29.38:577][  0]LogConfig: Setting CVar [[grass.DensityScale:1.0]]
[2023.05.27-04.29.38:577][  0]LogConfig: Applying CVar settings from Section [ShadingQuality@3] File [C:/Users/pardazsh/Desktop/project1/project1/Saved/Config/Windows/Scalability.ini]
[2023.05.27-04.29.38:577][  0]LogConfig: Setting CVar [[r.HairStrands.SkyLighting.IntegrationType:2]]
[2023.05.27-04.29.38:578][  0]LogConfig: Setting CVar [[r.HairStrands.SkyAO.SampleCount:4]]
[2023.05.27-04.29.38:578][  0]LogConfig: Setting CVar [[r.HairStrands.Visibility.MSAA.SamplePerPixel:4]]
[2023.05.27-04.29.38:578][  0]LogInit: Selected Device Profile: [Windows]
[2023.05.27-04.29.38:578][  0]LogInit: Applying CVar settings loaded from the selected device profile: [Windows]
[2023.05.27-04.29.38:578][  0]LogHAL: Display: Platform has ~ 8 GB [8018751488 / 8589934592 / 8], which maps to Default [LargestMinGB=32, LargerMinGB=12, DefaultMinGB=8, SmallerMinGB=6, SmallestMinGB=0)
[2023.05.27-04.29.38:578][  0]LogInit: Going up to parent DeviceProfile []
[2023.05.27-04.29.38:578][  0]LogConfig: Applying CVar settings from Section [ViewDistanceQuality@3] File [C:/Users/pardazsh/Desktop/project1/project1/Saved/Config/Windows/Scalability.ini]
[2023.05.27-04.29.38:578][  0]LogConfig: Setting CVar [[r.SkeletalMeshLODBias:0]]
[2023.05.27-04.29.38:578][  0]LogConfig: Setting CVar [[r.ViewDistanceScale:1.0]]
[2023.05.27-04.29.38:578][  0]LogConfig: Applying CVar settings from Section [AntiAliasingQuality@3] File [C:/Users/pardazsh/Desktop/project1/project1/Saved/Config/Windows/Scalability.ini]
[2023.05.27-04.29.38:578][  0]LogConfig: Setting CVar [[r.PostProcessAAQuality:4]]
[2023.05.27-04.29.38:578][  0]LogConfig: Applying CVar settings from Section [ShadowQuality@3] File [C:/Users/pardazsh/Desktop/project1/project1/Saved/Config/Windows/Scalability.ini]
[2023.05.27-04.29.38:578][  0]LogConfig: Setting CVar [[r.LightFunctionQuality:1]]
[2023.05.27-04.29.38:578][  0]LogConfig: Setting CVar [[r.ShadowQuality:5]]
[2023.05.27-04.29.38:578][  0]LogConfig: Setting CVar [[r.Shadow.CSM.MaxCascades:10]]
[2023.05.27-04.29.38:578][  0]LogConfig: Setting CVar [[r.Shadow.MaxResolution:2048]]
[2023.05.27-04.29.38:578][  0]LogConfig: Setting CVar [[r.Shadow.MaxCSMResolution:2048]]
[2023.05.27-04.29.38:578][  0]LogConfig: Setting CVar [[r.Shadow.RadiusThreshold:0.01]]
[2023.05.27-04.29.38:578][  0]LogConfig: Setting CVar [[r.Shadow.DistanceScale:1.0]]
[2023.05.27-04.29.38:578][  0]LogConfig: Setting CVar [[r.Shadow.CSM.TransitionScale:1.0]]
[2023.05.27-04.29.38:578][  0]LogConfig: Setting CVar [[r.Shadow.PreShadowResolutionFactor:1.0]]
[2023.05.27-04.29.38:578][  0]LogConfig: Setting CVar [[r.DistanceFieldShadowing:1]]
[2023.05.27-04.29.38:578][  0]LogConfig: Setting CVar [[r.DistanceFieldAO:1]]
[2023.05.27-04.29.38:578][  0]LogConfig: Setting CVar [[r.AOQuality:2]]
[2023.05.27-04.29.38:578][  0]LogConfig: Setting CVar [[r.VolumetricFog:1]]
[2023.05.27-04.29.38:578][  0]LogConfig: Setting CVar [[r.VolumetricFog.GridPixelSize:8]]
[2023.05.27-04.29.38:578][  0]LogConfig: Setting CVar [[r.VolumetricFog.GridSizeZ:128]]
[2023.05.27-04.29.38:578][  0]LogConfig: Setting CVar [[r.VolumetricFog.HistoryMissSupersampleCount:4]]
[2023.05.27-04.29.38:578][  0]LogConfig: Setting CVar [[r.LightMaxDrawDistanceScale:1]]
[2023.05.27-04.29.38:578][  0]LogConfig: Setting CVar [[r.CapsuleShadows:1]]
[2023.05.27-04.29.38:578][  0]LogConfig: Applying CVar settings from Section [PostProcessQuality@3] File [C:/Users/pardazsh/Desktop/project1/project1/Saved/Config/Windows/Scalability.ini]
[2023.05.27-04.29.38:578][  0]LogConfig: Setting CVar [[r.MotionBlurQuality:4]]
[2023.05.27-04.29.38:578][  0]LogConfig: Setting CVar [[r.AmbientOcclusionMipLevelFactor:0.4]]
[2023.05.27-04.29.38:578][  0]LogConfig: Setting CVar [[r.AmbientOcclusionMaxQuality:100]]
[2023.05.27-04.29.38:578][  0]LogConfig: Setting CVar [[r.AmbientOcclusionLevels:-1]]
[2023.05.27-04.29.38:578][  0]LogConfig: Setting CVar [[r.AmbientOcclusionRadiusScale:1.0]]
[2023.05.27-04.29.38:578][  0]LogConfig: Setting CVar [[r.DepthOfFieldQuality:2]]
[2023.05.27-04.29.38:578][  0]LogConfig: Setting CVar [[r.RenderTargetPoolMin:400]]
[2023.05.27-04.29.38:578][  0]LogConfig: Setting CVar [[r.LensFlareQuality:2]]
[2023.05.27-04.29.38:578][  0]LogConfig: Setting CVar [[r.SceneColorFringeQuality:1]]
[2023.05.27-04.29.38:579][  0]LogConfig: Setting CVar [[r.EyeAdaptationQuality:2]]
[2023.05.27-04.29.38:579][  0]LogConfig: Setting CVar [[r.BloomQuality:5]]
[2023.05.27-04.29.38:579][  0]LogConfig: Setting CVar [[r.FastBlurThreshold:100]]
[2023.05.27-04.29.38:579][  0]LogConfig: Setting CVar [[r.Upscale.Quality:3]]
[2023.05.27-04.29.38:579][  0]LogConfig: Setting CVar [[r.Tonemapper.GrainQuantization:1]]
[2023.05.27-04.29.38:579][  0]LogConfig: Setting CVar [[r.LightShaftQuality:1]]
[2023.05.27-04.29.38:579][  0]LogConfig: Setting CVar [[r.Filter.SizeScale:1]]
[2023.05.27-04.29.38:579][  0]LogConfig: Setting CVar [[r.Tonemapper.Quality:5]]
[2023.05.27-04.29.38:579][  0]LogConfig: Setting CVar [[r.DOF.Gather.AccumulatorQuality:1        ; higher gathering accumulator quality]]
[2023.05.27-04.29.38:579][  0]LogConfig: Setting CVar [[r.DOF.Gather.PostfilterMethod:1          ; Median3x3 postfilering method]]
[2023.05.27-04.29.38:579][  0]LogConfig: Setting CVar [[r.DOF.Gather.EnableBokehSettings:0       ; no bokeh simulation when gathering]]
[2023.05.27-04.29.38:579][  0]LogConfig: Setting CVar [[r.DOF.Gather.RingCount:4                 ; medium number of samples when gathering]]
[2023.05.27-04.29.38:579][  0]LogConfig: Setting CVar [[r.DOF.Scatter.ForegroundCompositing:1    ; additive foreground scattering]]
[2023.05.27-04.29.38:579][  0]LogConfig: Setting CVar [[r.DOF.Scatter.BackgroundCompositing:2    ; additive background scattering]]
[2023.05.27-04.29.38:579][  0]LogConfig: Setting CVar [[r.DOF.Scatter.EnableBokehSettings:1      ; bokeh simulation when scattering]]
[2023.05.27-04.29.38:579][  0]LogConfig: Setting CVar [[r.DOF.Scatter.MaxSpriteRatio:0.1         ; only a maximum of 10% of scattered bokeh]]
[2023.05.27-04.29.38:579][  0]LogConfig: Setting CVar [[r.DOF.Recombine.Quality:1                ; cheap slight out of focus]]
[2023.05.27-04.29.38:579][  0]LogConfig: Setting CVar [[r.DOF.Recombine.EnableBokehSettings:0    ; no bokeh simulation on slight out of focus]]
[2023.05.27-04.29.38:579][  0]LogConfig: Setting CVar [[r.DOF.TemporalAAQuality:1                ; more stable temporal accumulation]]
[2023.05.27-04.29.38:579][  0]LogConfig: Setting CVar [[r.DOF.Kernel.MaxForegroundRadius:0.025]]
[2023.05.27-04.29.38:579][  0]LogConfig: Setting CVar [[r.DOF.Kernel.MaxBackgroundRadius:0.025]]
[2023.05.27-04.29.38:579][  0]LogConfig: Applying CVar settings from Section [TextureQuality@3] File [C:/Users/pardazsh/Desktop/project1/project1/Saved/Config/Windows/Scalability.ini]
[2023.05.27-04.29.38:579][  0]LogConfig: Setting CVar [[r.Streaming.MipBias:0]]
[2023.05.27-04.29.38:579][  0]LogConfig: Setting CVar [[r.Streaming.AmortizeCPUToGPUCopy:0]]
[2023.05.27-04.29.38:579][  0]LogConfig: Setting CVar [[r.Streaming.MaxNumTexturesToStreamPerFrame:0]]
[2023.05.27-04.29.38:579][  0]LogConfig: Setting CVar [[r.Streaming.Boost:1]]
[2023.05.27-04.29.38:579][  0]LogConfig: Setting CVar [[r.MaxAnisotropy:8]]
[2023.05.27-04.29.38:579][  0]LogConfig: Setting CVar [[r.VT.MaxAnisotropy:8]]
[2023.05.27-04.29.38:579][  0]LogConfig: Setting CVar [[r.Streaming.LimitPoolSizeToVRAM:0]]
[2023.05.27-04.29.38:579][  0]LogConfig: Setting CVar [[r.Streaming.PoolSize:1000]]
[2023.05.27-04.29.38:579][  0]LogConfig: Setting CVar [[r.Streaming.MaxEffectiveScreenSize:0]]
[2023.05.27-04.29.38:579][  0]LogConfig: Applying CVar settings from Section [EffectsQuality@3] File [C:/Users/pardazsh/Desktop/project1/project1/Saved/Config/Windows/Scalability.ini]
[2023.05.27-04.29.38:579][  0]LogConfig: Setting CVar [[r.TranslucencyLightingVolumeDim:64]]
[2023.05.27-04.29.38:579][  0]LogConfig: Setting CVar [[r.RefractionQuality:2]]
[2023.05.27-04.29.38:579][  0]LogConfig: Setting CVar [[r.SSR.Quality:3]]
[2023.05.27-04.29.38:579][  0]LogConfig: Setting CVar [[r.SSR.HalfResSceneColor:0]]
[2023.05.27-04.29.38:579][  0]LogConfig: Setting CVar [[r.SceneColorFormat:4]]
[2023.05.27-04.29.38:579][  0]LogConfig: Setting CVar [[r.DetailMode:2]]
[2023.05.27-04.29.38:579][  0]LogConfig: Setting CVar [[r.TranslucencyVolumeBlur:1]]
[2023.05.27-04.29.38:579][  0]LogConfig: Setting CVar [[r.MaterialQualityLevel:1 ; High quality]]
[2023.05.27-04.29.38:579][  0]LogConfig: Setting CVar [[r.AnisotropicMaterials:1]]
[2023.05.27-04.29.38:579][  0]LogConfig: Setting CVar [[r.SSS.Scale:1]]
[2023.05.27-04.29.38:579][  0]LogConfig: Setting CVar [[r.SSS.SampleSet:2]]
[2023.05.27-04.29.38:579][  0]LogConfig: Setting CVar [[r.SSS.Quality:1]]
[2023.05.27-04.29.38:579][  0]LogConfig: Setting CVar [[r.SSS.HalfRes:0]]
[2023.05.27-04.29.38:579][  0]LogConfig: Setting CVar [[r.SSGI.Quality:3]]
[2023.05.27-04.29.38:580][  0]LogConfig: Setting CVar [[r.EmitterSpawnRateScale:1.0]]
[2023.05.27-04.29.38:580][  0]LogConfig: Setting CVar [[r.ParticleLightQuality:2]]
[2023.05.27-04.29.38:580][  0]LogConfig: Setting CVar [[r.SkyAtmosphere.AerialPerspectiveLUT.FastApplyOnOpaque:1 ; Always have FastSkyLUT 1 in this case to avoid wrong sky]]
[2023.05.27-04.29.38:580][  0]LogConfig: Setting CVar [[r.SkyAtmosphere.AerialPerspectiveLUT.SampleCountMaxPerSlice:4]]
[2023.05.27-04.29.38:580][  0]LogConfig: Setting CVar [[r.SkyAtmosphere.AerialPerspectiveLUT.DepthResolution:16.0]]
[2023.05.27-04.29.38:580][  0]LogConfig: Setting CVar [[r.SkyAtmosphere.FastSkyLUT:1]]
[2023.05.27-04.29.38:580][  0]LogConfig: Setting CVar [[r.SkyAtmosphere.FastSkyLUT.SampleCountMin:4.0]]
[2023.05.27-04.29.38:580][  0]LogConfig: Setting CVar [[r.SkyAtmosphere.FastSkyLUT.SampleCountMax:128.0]]
[2023.05.27-04.29.38:580][  0]LogConfig: Setting CVar [[r.SkyAtmosphere.SampleCountMin:4.0]]
[2023.05.27-04.29.38:580][  0]LogConfig: Setting CVar [[r.SkyAtmosphere.SampleCountMax:128.0]]
[2023.05.27-04.29.38:580][  0]LogConfig: Setting CVar [[r.SkyAtmosphere.TransmittanceLUT.UseSmallFormat:0]]
[2023.05.27-04.29.38:580][  0]LogConfig: Setting CVar [[r.SkyAtmosphere.TransmittanceLUT.SampleCount:10.0]]
[2023.05.27-04.29.38:580][  0]LogConfig: Setting CVar [[r.SkyAtmosphere.MultiScatteringLUT.SampleCount:15.0]]
[2023.05.27-04.29.38:580][  0]LogConfig: Setting CVar [[r.SkyLight.RealTimeReflectionCapture:1]]
[2023.05.27-04.29.38:580][  0]LogConfig: Applying CVar settings from Section [FoliageQuality@3] File [C:/Users/pardazsh/Desktop/project1/project1/Saved/Config/Windows/Scalability.ini]
[2023.05.27-04.29.38:580][  0]LogConfig: Setting CVar [[foliage.DensityScale:1.0]]
[2023.05.27-04.29.38:580][  0]LogConfig: Setting CVar [[grass.DensityScale:1.0]]
[2023.05.27-04.29.38:580][  0]LogConfig: Applying CVar settings from Section [ShadingQuality@3] File [C:/Users/pardazsh/Desktop/project1/project1/Saved/Config/Windows/Scalability.ini]
[2023.05.27-04.29.38:580][  0]LogConfig: Setting CVar [[r.HairStrands.SkyLighting.IntegrationType:2]]
[2023.05.27-04.29.38:580][  0]LogConfig: Setting CVar [[r.HairStrands.SkyAO.SampleCount:4]]
[2023.05.27-04.29.38:580][  0]LogConfig: Setting CVar [[r.HairStrands.Visibility.MSAA.SamplePerPixel:4]]
[2023.05.27-04.29.38:580][  0]LogConfig: Applying CVar settings from Section [Startup] File [../../../Engine/Config/ConsoleVariables.ini]
[2023.05.27-04.29.38:580][  0]LogConfig: Setting CVar [[net.UseAdaptiveNetUpdateFrequency:0]]
[2023.05.27-04.29.38:580][  0]LogConfig: Setting CVar [[p.chaos.AllowCreatePhysxBodies:1]]
[2023.05.27-04.29.38:580][  0]LogConfig: Setting CVar [[fx.SkipVectorVMBackendOptimizations:1]]
[2023.05.27-04.29.38:581][  0]LogConfig: Applying CVar settings from Section [ConsoleVariables] File [C:/Users/pardazsh/Desktop/project1/project1/Saved/Config/Windows/Engine.ini]
[2023.05.27-04.29.38:581][  0]LogConfig: Applying CVar settings from Section [ConsoleVariables] File [C:/Users/pardazsh/Desktop/project1/project1/Saved/Config/Windows/Editor.ini]
[2023.05.27-04.29.38:581][  0]LogInit: Computer: DESKTOP-6OOUU3I
[2023.05.27-04.29.38:581][  0]LogInit: User: pardazsh
[2023.05.27-04.29.38:581][  0]LogInit: CPU Page size=4096, Cores=2
[2023.05.27-04.29.38:581][  0]LogInit: High frequency timer resolution =10.000000 MHz
[2023.05.27-04.29.38:581][  0]LogMemory: Memory total: Physical=7.5GB (8GB approx)
[2023.05.27-04.29.38:581][  0]LogMemory: Platform Memory Stats for Windows
[2023.05.27-04.29.38:581][  0]LogMemory: Process Physical Memory: 142.39 MB used, 142.39 MB peak
[2023.05.27-04.29.38:581][  0]LogMemory: Process Virtual Memory: 120.45 MB used, 120.45 MB peak
[2023.05.27-04.29.38:581][  0]LogMemory: Physical Memory: 3293.17 MB used,  4354.11 MB free, 7647.28 MB total
[2023.05.27-04.29.38:581][  0]LogMemory: Virtual Memory: 134212048.00 MB used,  5682.71 MB free, 134217728.00 MB total
[2023.05.27-04.29.38:591][  0]LogWindows: WindowsPlatformFeatures enabled
[2023.05.27-04.29.38:639][  0]LogInit: Physics initialised using underlying interface: PhysX
[2023.05.27-04.29.38:642][  0]LogDirectoryWatcher: Display: Failed initialise directory notification handle for 'C:/Users/pardazsh/Desktop/project1/project1/Content/', and we were unable to create a new request. GetLastError code [2]
[2023.05.27-04.29.38:642][  0]LogDirectoryWatcher: Warning: Failed to begin reading directory changes for C:/Users/pardazsh/Desktop/project1/project1/Content/. Error: The operation completed successfully. (0x00000000)
[2023.05.27-04.29.38:642][  0]LogInit: Using OS detected language (en-US).
[2023.05.27-04.29.38:642][  0]LogInit: Using OS detected locale (fa-IR).
[2023.05.27-04.29.38:649][  0]LogTextLocalizationManager: No specific localization for 'en-US' exists, so the 'en' localization will be used.
[2023.05.27-04.29.39:050][  0]LogInit: Setting process to per monitor DPI aware
[2023.05.27-04.29.39:073][  0]LogWindowsTextInputMethodSystem: Display: IME system deactivated.
[2023.05.27-04.29.39:105][  0]LogSlate: New Slate User Created.  User Index 0, Is Virtual User: 0
[2023.05.27-04.29.39:105][  0]LogSlate: Slate User Registered.  User Index 0, Is Virtual User: 0
[2023.05.27-04.29.43:639][  0]LogD3D11RHI: Loaded GFSDK_Aftermath_Lib.x64.dll
[2023.05.27-04.29.43:650][  0]LogHMD: Failed to initialize OpenVR with code 110
[2023.05.27-04.29.43:650][  0]LogD3D11RHI: D3D11 min allowed feature level: 11_0
[2023.05.27-04.29.43:650][  0]LogD3D11RHI: D3D11 max allowed feature level: 11_0
[2023.05.27-04.29.43:650][  0]LogD3D11RHI: D3D11 adapters:
[2023.05.27-04.29.44:602][  0]LogD3D11RHI:    0. 'AMD Radeon(TM) R4 Graphics' (Feature Level 11_0)
[2023.05.27-04.29.44:602][  0]LogD3D11RHI:       504/0/3823 MB DedicatedVideo/DedicatedSystem/SharedSystem, Outputs:1, VendorId:0x1002
[2023.05.27-04.29.44:609][  0]LogD3D11RHI:    1. 'Microsoft Basic Render Driver' (Feature Level 11_0)
[2023.05.27-04.29.44:610][  0]LogD3D11RHI:       0/0/3823 MB DedicatedVideo/DedicatedSystem/SharedSystem, Outputs:0, VendorId:0x1414
[2023.05.27-04.29.44:610][  0]LogD3D11RHI: Chosen D3D11 Adapter: 0
[2023.05.27-04.29.44:621][  0]LogD3D11RHI: Creating new Direct3DDevice
[2023.05.27-04.29.44:621][  0]LogD3D11RHI:     GPU DeviceId: 0x98e4 (for the marketing name, search the web for "GPU Device Id")
[2023.05.27-04.29.44:621][  0]LogWindows: EnumDisplayDevices:
[2023.05.27-04.29.44:622][  0]LogWindows:    0. 'AMD Radeon(TM) R4 Graphics' (P:1 D:1)
[2023.05.27-04.29.44:623][  0]LogWindows:    1. 'AMD Radeon(TM) R4 Graphics' (P:0 D:0)
[2023.05.27-04.29.44:623][  0]LogWindows:    2. 'AMD Radeon(TM) R4 Graphics' (P:0 D:0)
[2023.05.27-04.29.44:624][  0]LogWindows:    3. 'AMD Radeon(TM) R4 Graphics' (P:0 D:0)
[2023.05.27-04.29.44:625][  0]LogWindows: DebugString: FoundDriverCount:4 
[2023.05.27-04.29.44:625][  0]LogD3D11RHI:     Adapter Name: AMD Radeon(TM) R4 Graphics
[2023.05.27-04.29.44:625][  0]LogD3D11RHI:   Driver Version: Adrenalin 19.20.36.08 (internal:26.20.12036.8001, unified:26.20.12036.8001)
[2023.05.27-04.29.44:625][  0]LogD3D11RHI:      Driver Date: 3-30-2020
[2023.05.27-04.29.44:625][  0]LogRHI: Texture pool is 2726 MB (70% of 3895 MB)
[2023.05.27-04.29.44:680][  0]LogD3D11RHI: Created device via AGS, feature level 11_0, supported extensions ffffbf.
[2023.05.27-04.29.44:680][  0]LogD3D11RHI: RHI does not have support for 64 bit atomics
[2023.05.27-04.29.44:680][  0]LogD3D11RHI: Async texture creation enabled
[2023.05.27-04.29.44:680][  0]LogD3D11RHI: Array index from any shader is supported
[2023.05.27-04.29.44:704][  0]LogD3D11RHI: GPU Timing Frequency: 100.000000 (Debug: 2 1)
[2023.05.27-04.29.45:454][  0]LogTargetPlatformManager: Display: Loaded TargetPlatform 'AllDesktop'
[2023.05.27-04.29.45:507][  0]LogTargetPlatformManager: Display: Loaded TargetPlatform 'Android'
[2023.05.27-04.29.45:507][  0]LogTargetPlatformManager: Display: Loaded TargetPlatform 'Android_ASTC'
[2023.05.27-04.29.45:507][  0]LogTargetPlatformManager: Display: Loaded TargetPlatform 'Android_DXT'
[2023.05.27-04.29.45:507][  0]LogTargetPlatformManager: Display: Loaded TargetPlatform 'Android_ETC2'
[2023.05.27-04.29.45:507][  0]LogTargetPlatformManager: Display: Loaded TargetPlatform 'AndroidClient'
[2023.05.27-04.29.45:507][  0]LogTargetPlatformManager: Display: Loaded TargetPlatform 'Android_ASTCClient'
[2023.05.27-04.29.45:507][  0]LogTargetPlatformManager: Display: Loaded TargetPlatform 'Android_DXTClient'
[2023.05.27-04.29.45:507][  0]LogTargetPlatformManager: Display: Loaded TargetPlatform 'Android_ETC2Client'
[2023.05.27-04.29.45:507][  0]LogTargetPlatformManager: Display: Loaded TargetPlatform 'Android_Multi'
[2023.05.27-04.29.45:507][  0]LogTargetPlatformManager: Display: Loaded TargetPlatform 'Android_MultiClient'
[2023.05.27-04.29.45:548][  0]LogTargetPlatformManager: Display: Loaded TargetPlatform 'IOSClient'
[2023.05.27-04.29.45:548][  0]LogTargetPlatformManager: Display: Loaded TargetPlatform 'IOS'
[2023.05.27-04.29.45:569][  0]LogTargetPlatformManager: Display: Loaded TargetPlatform 'Linux'
[2023.05.27-04.29.45:580][  0]LogTargetPlatformManager: Display: Loaded TargetPlatform 'LinuxNoEditor'
[2023.05.27-04.29.45:590][  0]LogTargetPlatformManager: Display: Loaded TargetPlatform 'LinuxClient'
[2023.05.27-04.29.45:600][  0]LogTargetPlatformManager: Display: Loaded TargetPlatform 'LinuxServer'
[2023.05.27-04.29.45:621][  0]LogTargetPlatformManager: Display: Loaded TargetPlatform 'LinuxAArch64NoEditor'
[2023.05.27-04.29.45:631][  0]LogTargetPlatformManager: Display: Loaded TargetPlatform 'LinuxAArch64Client'
[2023.05.27-04.29.45:641][  0]LogTargetPlatformManager: Display: Loaded TargetPlatform 'LinuxAArch64Server'
[2023.05.27-04.29.45:700][  0]LogTargetPlatformManager: Display: Loaded TargetPlatform 'Lumin'
[2023.05.27-04.29.45:700][  0]LogTargetPlatformManager: Display: Loaded TargetPlatform 'LuminClient'
[2023.05.27-04.29.45:720][  0]LogTargetPlatformManager: Display: Loaded TargetPlatform 'MacNoEditor'
[2023.05.27-04.29.45:730][  0]LogTargetPlatformManager: Display: Loaded TargetPlatform 'Mac'
[2023.05.27-04.29.45:739][  0]LogTargetPlatformManager: Display: Loaded TargetPlatform 'MacClient'
[2023.05.27-04.29.45:749][  0]LogTargetPlatformManager: Display: Loaded TargetPlatform 'MacServer'
[2023.05.27-04.29.45:774][  0]LogTargetPlatformManager: Display: Loaded TargetPlatform 'TVOSClient'
[2023.05.27-04.29.45:774][  0]LogTargetPlatformManager: Display: Loaded TargetPlatform 'TVOS'
[2023.05.27-04.29.45:794][  0]LogTargetPlatformManager: Display: Loaded TargetPlatform 'WindowsNoEditor'
[2023.05.27-04.29.45:805][  0]LogTargetPlatformManager: Display: Loaded TargetPlatform 'Windows'
[2023.05.27-04.29.45:815][  0]LogTargetPlatformManager: Display: Loaded TargetPlatform 'WindowsClient'
[2023.05.27-04.29.45:825][  0]LogTargetPlatformManager: Display: Loaded TargetPlatform 'WindowsServer'
[2023.05.27-04.29.45:826][  0]LogTargetPlatformManager: Display: Building Assets For Windows
[2023.05.27-04.29.45:843][  0]LogAudioDebug: Display: Lib vorbis DLL was dynamically loaded.
[2023.05.27-04.29.45:916][  0]LogTextureFormatOodle: Display: Oodle Texture 2.9.0 init RDO Off
[2023.05.27-04.29.45:990][  0]LogRendererCore: Ray tracing is disabled. Reason: r.RayTracing=0.
[2023.05.27-04.29.45:991][  0]LogShaderCompilers: Guid format shader working directory is 6 characters bigger than the processId version (C:/Users/pardazsh/Desktop/project1/project1/Intermediate/Shaders/WorkingDirectory/7748/).
[2023.05.27-04.29.45:991][  0]LogShaderCompilers: Cleaned the shader compiler working directory 'C:/Users/pardazsh/AppData/Local/Temp/UnrealShaderWorkingDir/EE1E46D147ACC01FBDF5EB9A2006F2D6/'.
[2023.05.27-04.29.45:991][  0]LogXGEController: Cannot use XGE Controller as Incredibuild is not installed on this machine.
[2023.05.27-04.29.45:992][  0]LogShaderCompilers: Cannot use XGE Shader Compiler as Incredibuild is not installed on this machine.
[2023.05.27-04.29.45:992][  0]LogShaderCompilers: Display: Using Local Shader Compiler.
[2023.05.27-04.29.48:123][  0]LogDerivedDataCache: Display: Max Cache Size: 512 MB
[2023.05.27-04.29.48:273][  0]LogDerivedDataCache: Loaded boot cache 0.15s 95MB C:/Users/pardazsh/AppData/Local/UnrealEngine/4.27/DerivedDataCache/Boot.ddc.
[2023.05.27-04.29.48:273][  0]LogDerivedDataCache: Display: Loaded Boot cache: C:/Users/pardazsh/AppData/Local/UnrealEngine/4.27/DerivedDataCache/Boot.ddc
[2023.05.27-04.29.48:273][  0]LogDerivedDataCache: FDerivedDataBackendGraph:  Pak pak cache file C:/Users/pardazsh/Desktop/project1/project1/DerivedDataCache/DDC.ddp not found, will not use a pak cache.
[2023.05.27-04.29.48:273][  0]LogDerivedDataCache: Unable to find inner node Pak for hierarchical cache Hierarchy.
[2023.05.27-04.29.48:273][  0]LogDerivedDataCache: FDerivedDataBackendGraph:  CompressedPak pak cache file C:/Users/pardazsh/Desktop/project1/project1/DerivedDataCache/Compressed.ddp not found, will not use a pak cache.
[2023.05.27-04.29.48:273][  0]LogDerivedDataCache: Unable to find inner node CompressedPak for hierarchical cache Hierarchy.
[2023.05.27-04.29.48:304][  0]LogDerivedDataCache: Display: Pak cache opened for reading ../../../Engine/DerivedDataCache/Compressed.ddp.
[2023.05.27-04.29.48:304][  0]LogDerivedDataCache: FDerivedDataBackendGraph:  EnterprisePak pak cache file ../../../Enterprise/DerivedDataCache/Compressed.ddp not found, will not use a pak cache.
[2023.05.27-04.29.48:305][  0]LogDerivedDataCache: Unable to find inner node EnterprisePak for hierarchical cache Hierarchy.
[2023.05.27-04.29.49:007][  0]LogDerivedDataCache: Speed tests for C:/Users/pardazsh/AppData/Local/UnrealEngine/Common/DerivedDataCache took 0.70 seconds
[2023.05.27-04.29.49:007][  0]LogDerivedDataCache: Display: Performance to C:/Users/pardazsh/AppData/Local/UnrealEngine/Common/DerivedDataCache: Latency=0.09ms. RandomReadSpeed=479.39MBs, RandomWriteSpeed=1.33MBs. Assigned SpeedClass 'Local'
[2023.05.27-04.29.49:009][  0]LogDerivedDataCache: Using Local data cache path C:/Users/pardazsh/AppData/Local/UnrealEngine/Common/DerivedDataCache: Writable
[2023.05.27-04.29.49:009][  0]LogDerivedDataCache: Shared data cache path not found in *engine.ini, will not use an Shared cache.
[2023.05.27-04.29.49:009][  0]LogDerivedDataCache: Unable to find inner node Shared for hierarchical cache Hierarchy.
[2023.05.27-04.29.49:137][  0]LogSlate: Using FreeType 2.10.0
[2023.05.27-04.29.49:138][  0]LogSlate: SlateFontServices - WITH_FREETYPE: 1, WITH_HARFBUZZ: 1
[2023.05.27-04.29.49:211][  0]LogAssetRegistry: FAssetRegistry took 0.0059 seconds to start up
[2023.05.27-04.29.49:834][  0]LogInit: Selected Device Profile: [Windows]
[2023.05.27-04.29.49:835][  0]LogInit: Active device profile: [0000024901D30D00][000002497D62EA80 49] Windows
[2023.05.27-04.29.49:835][  0]LogInit: Profiles: [0000024901D30D00][000002497D62EA80 49] Windows, [0000024901CF6300][000002497D632BC0 49] WindowsNoEditor, [0000024901D31C00][000002497D63AD40 49] WindowsServer, [0000024901CF7100][000002497B0E8EC0 49] WindowsClient, [0000024901D32900][000002497B0ED040 49] IOS, [0000024901CF5A00][000002497B0F11C0 49] iPadAir, [0000024901D33E00][000002497B0F5340 49] iPadAir2, [0000024901CA5000][0000024902001600 49] IPadPro, [0000024901CA5100][000002497B0F9640 49] iPadAir3, [0000024901CF4C00][00000249020057C0 49] iPadAir4, [0000024901CA5D00][0000024902009940 49] iPadMini2, [0000024901CF7300][000002490200DAC0 49] iPadMini3, [0000024901CA7800][00000249020100C0 49] iPadMini4, [0000024901CF5000][0000024902014240 49] iPadMini5, [0000024901CACA00][000002490201C500 49] iPhone6, [0000024901CACB00][0000024902018540 49] iPodTouch6, [0000024901D32D00][0000024902024800 49] iPhone7, [0000024901D32E00][0000024902020840 49] iPodTouch7, [0000024901CA6300][000002497D636980 49] iPhone5S, [0000024901D31000][0000024902028AC0 49] iPhone6Plus, [0000024901CAC100][000002490202CC00 49] iPhone6S, [0000024901CA4300][0000024902030D40 49] iPhone6SPlus, [0000024901CAE900][0000024902038EC0 49] iPhone7Plus, [0000024901CA6100][000002490203D040 49] iPhoneSE, [0000024901CAE700][00000249020411C0 49] iPhone8, [0000024901CA4700][0000024902045340 49] iPhone8Plus, [0000024901CAF200][00000249020494C0 49] iPhoneX, [0000024901D31500][000002490204D640 49] iPhoneXS, [0000024901CAEC00][00000249020517C0 49] iPhoneXSMax, [0000024901D31A00][0000024902055940 49] iPhoneXR, [0000024901CAC600][0000024902059AC0 49] iPhone11, [0000024901D32A00][000002490205C0C0 49] iPhone11Pro, [0000024901CADB00][0000024902060240 49] iPhone11ProMax, [0000024901D30F00][00000249020643C0 49] iPhoneSE2, [0000024901CAFB00][0000024902068540 49] iPhone12Mini, [0000024901D32300][000002490206C6C0 49] iPhone12, [0000024901CACC00][0000024902070840 49] iPhone12Pro, [0000024901D33F00][00000249020749C0 49] iPhone12ProMax, [0000024901CAD600][0000024902078B40 49] iPadPro105, [0000024901D30900][0000024902034C80 49] iPadPro129, [0000024901CAFE00][000002490207CDC0 49] iPadPro97, [0000024901D33700][0000024902080F00 49] iPadPro2_129, [0000024901CAED00][0000024902089080 49] iPad5, [0000024901D32100][000002490208D200 49] iPad6, [0000024901CAD200][0000024902091380 49] iPad7, [0000024901D31100][0000024902095500 49] iPad8, [0000024901CAC400][0000024902099680 49] iPadPro11, [0000024901D30700][000002490209D800 49] iPadPro2_11, [0000024901CAD700][00000249020A1980 49] iPadPro3_129, [0000024901D33800][00000249020A5B00 49] iPadPro4_129, [0000024901CAF300][00000249020A8100 49] AppleTV, [0000024901D32600][00000249020AC280 49] AppleTV4K, [0000024901CAEB00][00000249020B0400 49] TVOS, [0000024901D30A00][00000249020B4580 49] Mac, [0000024901CAD400][00000249020B8700 49] MacClient, [0000024901D31D00][00000249020BC880 49] MacNoEditor, [0000024901CAF600][00000249020C0A00 49] MacServer, [0000024901D31200][00000249020C4B80 49] Linux, [0000024901CADD00][00000249020C8D00 49] LinuxAArch64, [0000024901D32B00][0000024902084E40 49] LinuxNoEditor, [0000024901CAE400][00000249020CCF80 49] LinuxAArch64NoEditor, [0000024901D30600][00000249020D10C0 49] LinuxClient, [0000024901CAF800][00000249020D9240 49] LinuxAArch64Client, [0000024901D32700][00000249020DD3C0 49] LinuxServer, [0000024901CAEA00][00000249020E1540 49] LinuxAArch64Server, [0000024901D33400][00000249020E56C0 49] Android, [0000024901CAF400][00000249020E9840 49] Android_Low, [0000024901D31600][00000249020ED9C0 49] Android_Mid, [0000024901CAF900][00000249020F1B40 49] Android_High, [0000024901D33D00][00000249020F4140 49] Android_Default, [0000024901CAE600][00000249020F82C0 49] Android_Adreno4xx, [0000024901D30E00][00000249020FC440 49] Android_Adreno5xx_Low, [0000024901CAD000][00000249021005C0 49] Android_Adreno5xx, [0000024901D31300][0000024902104740 49] Android_Adreno6xx, [0000024901CF4500][00000249021088C0 49] Android_Adreno6xx_Vulkan, [0000024901CA6000][000002490210CA40 49] Android_Mali_T6xx, [0000024901CF4600][0000024902110BC0 49] Android_Mali_T7xx, [0000024901CA4100][0000024902114D40 49] Android_Mali_T8xx, [0000024901CF4100][0000024902118EC0 49] Android_Mali_G71, [0000024901CA7300][00000249020D5000 49] Android_Mali_G72, [0000024901CF5500][000002490211D140 49] Android_Mali_G72_Vulkan, [0000024901CA5700][0000024902121280 49] Android_Mali_G76, [0000024901CF7800][00000249021253C0 49] Android_Mali_G76_Vulkan, [0000024901CA6900][000002490212D540 49] Android_Mali_G77, [0000024901CF7C00][00000249021316C0 49] Android_Mali_G77_Vulkan, [0000024901CA5500][0000024902135840 49] Android_Mali_G78, [0000024901CF6200][00000249021399C0 49] Android_Mali_G78_Vulkan, [0000024901CA4400][000002490213DB40 49] Android_Mali_G710, [0000024901CF4300][0000024902140140 49] Android_Mali_G710_Vulkan, [0000024901CA4200][00000249021442C0 49] Android_Vulkan_SM5, [0000024901CF4700][0000024902148440 49] Android_PowerVR_G6xxx, [0000024901CA6400][000002490214C5C0 49] Android_PowerVR_GT7xxx, [0000024901CF6800][0000024902150740 49] Android_PowerVR_GE8xxx, [0000024901CA5400][00000249021548C0 49] Android_PowerVR_GM9xxx, [0000024901CF4200][0000024902158A40 49] Android_PowerVR_GM9xxx_Vulkan, [0000024901CA6600][000002490215CBC0 49] Android_TegraK1, [0000024901CF7A00][0000024902160D40 49] Android_Unknown_Vulkan, [0000024901CA7B00][0000024902164EC0 49] Lumin, [0000024901CF7F00][0000024902169040 49] Lumin_Desktop, [0000024901CA4B00][0000024902129180 49] HoloLens, 
[2023.05.27-04.29.50:133][  0]LogMeshReduction: Using QuadricMeshReduction for automatic static mesh reduction
[2023.05.27-04.29.50:133][  0]LogMeshReduction: Using SimplygonMeshReduction for automatic skeletal mesh reduction
[2023.05.27-04.29.50:133][  0]LogMeshReduction: Using ProxyLODMeshReduction for automatic mesh merging
[2023.05.27-04.29.50:133][  0]LogMeshReduction: No distributed automatic mesh merging module available
[2023.05.27-04.29.50:133][  0]LogMeshMerging: No distributed automatic mesh merging module available
[2023.05.27-04.29.50:176][  0]LogNetVersion: Car 1.0.0, NetCL: 17155196, EngineNetVer: 17, GameNetVer: 0 (Checksum: 4288448776)
[2023.05.27-04.29.51:459][  0]LogTexture: Default maximum texture size for cubemaps generated from long-lat sources has been changed from 512 to unlimited. In order to preserve old behaiour for '/Engine/MapTemplates/Sky/DaylightAmbientCubemap.DaylightAmbientCubemap', its maximum texture size has been explicitly set to 512.
[2023.05.27-04.29.51:577][  0]LogHMD: PokeAHoleMaterial loaded successfully
[2023.05.27-04.29.51:589][  0]LogUObjectArray: 17178 objects as part of root set at end of initial load.
[2023.05.27-04.29.51:589][  0]LogUObjectAllocator: 4301856 out of 0 bytes used by permanent object pool.
[2023.05.27-04.29.51:589][  0]LogUObjectArray: CloseDisregardForGC: 0/0 objects in disregard for GC pool
[2023.05.27-04.29.52:187][  0]LogPython: Using Python 3.7.7
[2023.05.27-04.29.53:519][  0]LogNiagaraDebuggerClient: Niagara Debugger Client Initialized | Session: 466597C843963C935AE872BAB3E54B7E | Instance: 709A62A444BA8CB1E68BD38787FF590C (DESKTOP-6OOUU3I-7748).
[2023.05.27-04.29.53:560][  0]LogStreaming: Warning: Failed to read file '../../../Engine/Content/Editor/Slate/Niagara/MenuSeparator.png' error.
[2023.05.27-04.29.53:560][  0]LogSlate: Could not find file for Slate resource: ../../../Engine/Content/Editor/Slate/Niagara/MenuSeparator.png
[2023.05.27-04.29.53:872][  0]LogImageWrapper: Warning: PNG Warning: Duplicate iCCP chunk
[2023.05.27-04.29.53:872][  0]LogImageWrapper: Warning: PNG Warning: Duplicate iCCP chunk
[2023.05.27-04.29.53:872][  0]LogStreaming: Warning: Failed to read file '../../../Engine/Content/Editor/Slate/Niagara/Common/Selector.png' error.
[2023.05.27-04.29.53:872][  0]LogSlate: Could not find file for Slate resource: ../../../Engine/Content/Editor/Slate/Niagara/Common/Selector.png
[2023.05.27-04.29.53:872][  0]LogStreaming: Warning: Failed to read file '../../../Engine/Content/Editor/Slate/Niagara/Common/Selection.png' error.
[2023.05.27-04.29.53:872][  0]LogSlate: Could not find file for Slate resource: ../../../Engine/Content/Editor/Slate/Niagara/Common/Selection.png
[2023.05.27-04.29.53:872][  0]LogStreaming: Warning: Failed to read file '../../../Engine/Content/Editor/Slate/Niagara/Common/DropZoneIndicator_Above.png' error.
[2023.05.27-04.29.53:872][  0]LogSlate: Could not find file for Slate resource: ../../../Engine/Content/Editor/Slate/Niagara/Common/DropZoneIndicator_Above.png
[2023.05.27-04.29.53:872][  0]LogStreaming: Warning: Failed to read file '../../../Engine/Content/Editor/Slate/Niagara/Common/DropZoneIndicator_Onto.png' error.
[2023.05.27-04.29.53:872][  0]LogSlate: Could not find file for Slate resource: ../../../Engine/Content/Editor/Slate/Niagara/Common/DropZoneIndicator_Onto.png
[2023.05.27-04.29.53:872][  0]LogStreaming: Warning: Failed to read file '../../../Engine/Content/Editor/Slate/Niagara/Common/DropZoneIndicator_Below.png' error.
[2023.05.27-04.29.53:872][  0]LogSlate: Could not find file for Slate resource: ../../../Engine/Content/Editor/Slate/Niagara/Common/DropZoneIndicator_Below.png
[2023.05.27-04.29.53:872][  0]LogStreaming: Warning: Failed to read file '../../../Engine/Content/Editor/Slate/Niagara/Common/RoundedSelection_16x.png' error.
[2023.05.27-04.29.53:872][  0]LogSlate: Could not find file for Slate resource: ../../../Engine/Content/Editor/Slate/Niagara/Common/RoundedSelection_16x.png
[2023.05.27-04.29.53:872][  0]LogStreaming: Warning: Failed to read file '../../../Engine/Content/Editor/Slate/Niagara/Common/FlatButton.png' error.
[2023.05.27-04.29.53:872][  0]LogSlate: Could not find file for Slate resource: ../../../Engine/Content/Editor/Slate/Niagara/Common/FlatButton.png
[2023.05.27-04.29.53:872][  0]LogTcpMessaging: Initializing TcpMessaging bridge
[2023.05.27-04.29.54:341][  0]LogUdpMessaging: Initializing bridge on interface 0.0.0.0:0 to multicast group 230.0.0.1:6666.
[2023.05.27-04.29.54:814][  0]SourceControl: Source control is disabled
[2023.05.27-04.29.54:814][  0]SourceControl: Source control is disabled
[2023.05.27-04.29.54:824][  0]SourceControl: Source control is disabled
[2023.05.27-04.29.54:833][  0]SourceControl: Source control is disabled
[2023.05.27-04.29.54:860][  0]SourceControl: Source control is disabled
[2023.05.27-04.29.54:877][  0]LogUProjectInfo: Found projects:
[2023.05.27-04.29.54:940][  0]LogVSAccessor: Display: Unable to create Visual Studio setup instance: 80040154
[2023.05.27-04.29.54:943][  0]LogVSAccessor: Display: Unable to create Visual Studio setup instance: 80040154
[2023.05.27-04.29.54:945][  0]LogVSAccessor: Display: Unable to create Visual Studio setup instance: 80040154
[2023.05.27-04.29.55:516][  0]LogOpenImageDenoise: OIDN starting up
[2023.05.27-04.29.55:642][  0]LogAndroidPermission: UAndroidPermissionCallbackProxy::GetInstance
[2023.05.27-04.29.55:696][  0]LogAudioCaptureCore: Display: No Audio Capture implementations found. Audio input will be silent.
[2023.05.27-04.29.55:696][  0]LogAudioCaptureCore: Display: No Audio Capture implementations found. Audio input will be silent.
[2023.05.27-04.29.56:009][  0]LogCollectionManager: Loaded 0 collections in 0.001716 seconds
[2023.05.27-04.29.56:067][  0]LogFileCache: Scanning file cache for directory 'C:/Users/pardazsh/Desktop/project1/project1/Saved/Collections/' took 0.00s
[2023.05.27-04.29.56:067][  0]LogFileCache: Scanning file cache for directory 'C:/Users/pardazsh/Desktop/project1/project1/Content/Developers/pardazsh/Collections/' took 0.00s
[2023.05.27-04.29.56:067][  0]LogFileCache: Scanning file cache for directory 'C:/Users/pardazsh/Desktop/project1/project1/Content/Collections/' took 0.00s
[2023.05.27-04.29.56:067][  0]LogOcInput: OculusInput pre-init called
[2023.05.27-04.29.56:763][  0]LogStreaming: Warning: Failed to read file '../../../Engine/Content/Editor/Slate/Niagara/MenuSeparator.png' error.
[2023.05.27-04.29.56:763][  0]LogSlate: Could not find file for Slate resource: ../../../Engine/Content/Editor/Slate/Niagara/MenuSeparator.png
[2023.05.27-04.29.56:763][  0]LogImageWrapper: Warning: PNG Warning: Duplicate iCCP chunk
[2023.05.27-04.29.56:763][  0]LogStreaming: Warning: Failed to read file '../../../Engine/Content/Editor/Slate/Niagara/Common/Selector.png' error.
[2023.05.27-04.29.56:763][  0]LogImageWrapper: Warning: PNG Warning: Duplicate iCCP chunk
[2023.05.27-04.29.56:764][  0]LogSlate: Could not find file for Slate resource: ../../../Engine/Content/Editor/Slate/Niagara/Common/Selector.png
[2023.05.27-04.29.56:764][  0]LogStreaming: Warning: Failed to read file '../../../Engine/Content/Editor/Slate/Niagara/Common/DropZoneIndicator_Above.png' error.
[2023.05.27-04.29.56:764][  0]LogSlate: Could not find file for Slate resource: ../../../Engine/Content/Editor/Slate/Niagara/Common/DropZoneIndicator_Above.png
[2023.05.27-04.29.56:764][  0]LogStreaming: Warning: Failed to read file '../../../Engine/Content/Editor/Slate/Niagara/Common/Selection.png' error.
[2023.05.27-04.29.56:764][  0]LogSlate: Could not find file for Slate resource: ../../../Engine/Content/Editor/Slate/Niagara/Common/Selection.png
[2023.05.27-04.29.56:764][  0]LogStreaming: Warning: Failed to read file '../../../Engine/Content/Editor/Slate/Niagara/Common/DropZoneIndicator_Onto.png' error.
[2023.05.27-04.29.56:764][  0]LogStreaming: Warning: Failed to read file '../../../Engine/Content/Editor/Slate/Niagara/Common/DropZoneIndicator_Below.png' error.
[2023.05.27-04.29.56:764][  0]LogSlate: Could not find file for Slate resource: ../../../Engine/Content/Editor/Slate/Niagara/Common/DropZoneIndicator_Below.png
[2023.05.27-04.29.56:764][  0]LogSlate: Could not find file for Slate resource: ../../../Engine/Content/Editor/Slate/Niagara/Common/DropZoneIndicator_Onto.png
[2023.05.27-04.29.56:845][  0]LogStreaming: Warning: Failed to read file '../../../Engine/Content/Editor/Slate/Niagara/Common/RoundedSelection_16x.png' error.
[2023.05.27-04.29.56:845][  0]LogSlate: Could not find file for Slate resource: ../../../Engine/Content/Editor/Slate/Niagara/Common/RoundedSelection_16x.png
[2023.05.27-04.29.56:845][  0]LogStreaming: Warning: Failed to read file '../../../Engine/Content/Editor/Slate/Niagara/Common/FlatButton.png' error.
[2023.05.27-04.29.56:845][  0]LogSlate: Could not find file for Slate resource: ../../../Engine/Content/Editor/Slate/Niagara/Common/FlatButton.png
[2023.05.27-04.29.57:120][  0]LogEngine: Initializing Engine...
[2023.05.27-04.29.57:128][  0]LogHMD: Failed to enumerate extensions. Please check that you have a valid OpenXR runtime installed.
[2023.05.27-04.29.57:129][  0]LogHMD: Failed to initialize OpenVR with code 110
[2023.05.27-04.29.57:129][  0]LogMagicLeap: Warning: VR disabled because ZI is not enabled.  To enable, in the editor, Edit -> Project Settings -> Plugins -> Magic Leap Plugin -> Enable Zero Iteration
[2023.05.27-04.29.57:132][  0]LogStats: UGameplayTagsManager::InitializeManager -  0.001 s
[2023.05.27-04.29.57:511][  0]LogInit: Initializing FReadOnlyCVARCache
[2023.05.27-04.29.57:538][  0]LogAIModule: Creating AISystem for world Untitled
[2023.05.27-04.29.57:548][  0]LogAudio: Display: Initializing Audio Device Manager...
[2023.05.27-04.29.57:560][  0]LogAudio: Display: Loading Default Audio Settings Objects...
[2023.05.27-04.29.57:562][  0]LogAudio: Display: No default SoundConcurrencyObject specified (or failed to load).
[2023.05.27-04.29.57:563][  0]LogAudio: Display: Audio Device Manager Initialized
[2023.05.27-04.29.57:563][  0]LogAudio: Display: Creating Audio Device:                 Id: 1, Scope: Shared, Realtime: True
[2023.05.27-04.29.57:563][  0]LogAudioMixer: Display: Audio Mixer Platform Settings:
[2023.05.27-04.29.57:563][  0]LogAudioMixer: Display: 	Sample Rate:						  48000
[2023.05.27-04.29.57:563][  0]LogAudioMixer: Display: 	Callback Buffer Frame Size Requested: 1024
[2023.05.27-04.29.57:563][  0]LogAudioMixer: Display: 	Callback Buffer Frame Size To Use:	  1024
[2023.05.27-04.29.57:563][  0]LogAudioMixer: Display: 	Number of buffers to queue:			  2
[2023.05.27-04.29.57:563][  0]LogAudioMixer: Display: 	Max Channels (voices):				  32
[2023.05.27-04.29.57:563][  0]LogAudioMixer: Display: 	Number of Async Source Workers:		  0
[2023.05.27-04.29.57:564][  0]LogAudio: Display: AudioDevice MaxSources: 32
[2023.05.27-04.29.57:564][  0]LogAudio: Display: Audio Spatialization Plugin: None (built-in).
[2023.05.27-04.29.57:565][  0]LogAudio: Display: Audio Reverb Plugin: None (built-in).
[2023.05.27-04.29.57:565][  0]LogAudio: Display: Audio Occlusion Plugin: None (built-in).
[2023.05.27-04.29.57:565][  0]LogAudioMixer: Display: Initializing audio mixer.
[2023.05.27-04.29.57:586][  0]LogAudioMixer: Display: 0: FrontLeft
[2023.05.27-04.29.57:586][  0]LogAudioMixer: Display: 1: FrontRight
[2023.05.27-04.29.57:655][  0]LogAudioMixer: Display: Using Audio Device Speakers (Realtek(R) Audio)
[2023.05.27-04.29.57:660][  0]LogAudioMixer: Display: Initializing Sound Submixes...
[2023.05.27-04.29.57:666][  0]LogAudioMixer: Display: Creating Master Submix 'MasterSubmixDefault'
[2023.05.27-04.29.57:666][  0]LogAudioMixer: Display: Creating Master Submix 'MasterReverbSubmixDefault'
[2023.05.27-04.29.57:668][  0]LogAudioMixer: Display: Creating Master Submix 'MasterEQSubmixDefault'
[2023.05.27-04.29.57:669][  0]LogAudioMixer: FMixerPlatformXAudio2::StartAudioStream() called
[2023.05.27-04.29.57:669][  0]LogAudioMixer: Display: Output buffers initialized: Frames=1024, Channels=2, Samples=2048
[2023.05.27-04.29.57:682][  0]LogInit: FAudioDevice initialized.
[2023.05.27-04.29.57:683][  0]LogAudio: Display: Audio Device (ID: 1) registered with world 'Untitled'.
[2023.05.27-04.29.57:683][  0]LogNetVersion: Set ProjectVersion to 1.0.0.0. Version Checksum will be recalculated on next use.
[2023.05.27-04.30.00:485][  0]LogAudioMixer: Display: Starting AudioMixerPlatformInterface::RunInternal()
[2023.05.27-04.30.00:485][  0]LogAudioMixer: Display: FMixerPlatformXAudio2::SubmitBuffer() called for the first time
[2023.05.27-04.30.00:485][  0]LogDerivedDataCache: Saved boot cache 2.80s 95MB C:/Users/pardazsh/AppData/Local/UnrealEngine/4.27/DerivedDataCache/Boot.ddc.
[2023.05.27-04.30.00:486][  0]LogInit: Texture streaming: Enabled
[2023.05.27-04.30.00:517][  0]LogAnalytics: Display: [UEEditor.Rocket.Release] APIServer = https://datarouter.ol.epicgames.com/. AppVersion = 4.27.0-17155196+++UE4+Release-4.27
[2023.05.27-04.30.00:530][  0]LogEngineSessionManager: EngineSessionManager initialized
[2023.05.27-04.30.00:530][  0]LogEditorSessionSummary: Verbose: Initializing EditorSessionSummaryWriter for editor session tracking
[2023.05.27-04.30.00:536][  0]LogEditorSessionSummary: EditorSessionSummaryWriter initialized
[2023.05.27-04.30.00:586][  0]LogInit: Transaction tracking system initialized
[2023.05.27-04.30.00:644][  0]BlueprintLog: New page: Editor Load
[2023.05.27-04.30.00:810][  0]LocalizationService: Localization service is disabled
[2023.05.27-04.30.00:873][  0]TimingProfiler: Initialize
[2023.05.27-04.30.00:874][  0]TimingProfiler: OnSessionChanged
[2023.05.27-04.30.00:874][  0]LoadingProfiler: Initialize
[2023.05.27-04.30.00:874][  0]LoadingProfiler: OnSessionChanged
[2023.05.27-04.30.00:874][  0]NetworkingProfiler: Initialize
[2023.05.27-04.30.00:875][  0]NetworkingProfiler: OnSessionChanged
[2023.05.27-04.30.00:875][  0]MemoryProfiler: Initialize
[2023.05.27-04.30.00:875][  0]MemoryProfiler: OnSessionChanged
[2023.05.27-04.30.01:043][  0]LogVSAccessor: Display: Unable to create Visual Studio setup instance: 80040154
[2023.05.27-04.30.01:046][  0]LogVSAccessor: Display: Unable to create Visual Studio setup instance: 80040154
[2023.05.27-04.30.01:047][  0]LogVSAccessor: Display: Unable to create Visual Studio setup instance: 80040154
[2023.05.27-04.30.02:127][  0]LogCook: Display: CookSettings for Memory: MemoryMaxUsedVirtual 0MiB, MemoryMaxUsedPhysical 16384MiB, MemoryMinFreeVirtual 0MiB, MemoryMinFreePhysical 1024MiB
[2023.05.27-04.30.02:127][  0]LogCook: Display: Mobile HDR setting 1
[2023.05.27-04.30.02:588][  0]LogFileCache: Scanning file cache for directory 'C:/Users/pardazsh/Desktop/project1/project1/Content/' took 0.00s
[2023.05.27-04.30.03:317][  0]LogStreaming: Warning: Failed to read file '../../../Engine/Content/Editor/Slate/Niagara/MenuSeparator.png' error.
[2023.05.27-04.30.03:317][  0]LogSlate: Could not find file for Slate resource: ../../../Engine/Content/Editor/Slate/Niagara/MenuSeparator.png
[2023.05.27-04.30.03:317][  0]LogStreaming: Warning: Failed to read file '../../../Engine/Content/Editor/Slate/Niagara/Common/Selector.png' error.
[2023.05.27-04.30.03:317][  0]LogSlate: Could not find file for Slate resource: ../../../Engine/Content/Editor/Slate/Niagara/Common/Selector.png
[2023.05.27-04.30.03:317][  0]LogStreaming: Warning: Failed to read file '../../../Engine/Content/Editor/Slate/Niagara/Common/Selection.png' error.
[2023.05.27-04.30.03:317][  0]LogSlate: Could not find file for Slate resource: ../../../Engine/Content/Editor/Slate/Niagara/Common/Selection.png
[2023.05.27-04.30.03:317][  0]LogStreaming: Warning: Failed to read file '../../../Engine/Content/Editor/Slate/Niagara/Common/DropZoneIndicator_Above.png' error.
[2023.05.27-04.30.03:317][  0]LogSlate: Could not find file for Slate resource: ../../../Engine/Content/Editor/Slate/Niagara/Common/DropZoneIndicator_Above.png
[2023.05.27-04.30.03:317][  0]LogStreaming: Warning: Failed to read file '../../../Engine/Content/Editor/Slate/Niagara/Common/DropZoneIndicator_Onto.png' error.
[2023.05.27-04.30.03:317][  0]LogSlate: Could not find file for Slate resource: ../../../Engine/Content/Editor/Slate/Niagara/Common/DropZoneIndicator_Onto.png
[2023.05.27-04.30.03:317][  0]LogStreaming: Warning: Failed to read file '../../../Engine/Content/Editor/Slate/Niagara/Common/DropZoneIndicator_Below.png' error.
[2023.05.27-04.30.03:317][  0]LogSlate: Could not find file for Slate resource: ../../../Engine/Content/Editor/Slate/Niagara/Common/DropZoneIndicator_Below.png
[2023.05.27-04.30.03:317][  0]LogStreaming: Warning: Failed to read file '../../../Engine/Content/Editor/Slate/Niagara/Common/RoundedSelection_16x.png' error.
[2023.05.27-04.30.03:317][  0]LogSlate: Could not find file for Slate resource: ../../../Engine/Content/Editor/Slate/Niagara/Common/RoundedSelection_16x.png
[2023.05.27-04.30.03:317][  0]LogStreaming: Warning: Failed to read file '../../../Engine/Content/Editor/Slate/Niagara/Common/FlatButton.png' error.
[2023.05.27-04.30.03:317][  0]LogSlate: Could not find file for Slate resource: ../../../Engine/Content/Editor/Slate/Niagara/Common/FlatButton.png
[2023.05.27-04.30.03:317][  0]LogImageWrapper: Warning: PNG Warning: Duplicate iCCP chunk
[2023.05.27-04.30.03:317][  0]LogImageWrapper: Warning: PNG Warning: Duplicate iCCP chunk
[2023.05.27-04.30.03:335][  0]LogInit: Display: Engine is initialized. Leaving FEngineLoop::Init()
[2023.05.27-04.30.03:344][  0]SourceControl: Source control is disabled
[2023.05.27-04.30.03:344][  0]LogUnrealEdMisc: Loading editor; pre map load, took 29.120
[2023.05.27-04.30.03:345][  0]Cmd: MAP LOAD FILE="../../../Engine/Content/Maps/Templates/Template_Default.umap" TEMPLATE=1 SHOWPROGRESS=1 FEATURELEVEL=3
[2023.05.27-04.30.03:346][  0]LightingResults: New page: Lighting Build
[2023.05.27-04.30.03:349][  0]LogWorld: UWorld::CleanupWorld for Untitled, bSessionEnded=true, bCleanupResources=true
[2023.05.27-04.30.03:349][  0]LogSlate: InvalidateAllWidgets triggered.  All widgets were invalidated
[2023.05.27-04.30.03:349][  0]MapCheck: New page: Map Check
[2023.05.27-04.30.03:349][  0]LightingResults: New page: Lighting Build
[2023.05.27-04.30.12:123][  0]LogAudio: Display: Audio Device unregistered from world 'None'.
[2023.05.27-04.30.12:183][  0]LogUObjectHash: Compacting FUObjectHashTables data took   1.82ms
[2023.05.27-04.30.12:505][  0]LogTexture: Display: Building textures: DeprecatedTextureEB9CBE3C423008B5E8E130901E171C89 (BGRA8, 128X128)
[2023.05.27-04.30.12:568][  0]LogAudio: Display: Audio Device (ID: 1) registered with world 'Untitled_1'.
[2023.05.27-04.30.12:570][  0]LogAIModule: Creating AISystem for world Untitled_1
[2023.05.27-04.30.12:586][  0]LogEditorServer: Finished looking for orphan Actors (0.000 secs)
[2023.05.27-04.30.18:167][  0]LogUObjectHash: Compacting FUObjectHashTables data took   3.71ms
[2023.05.27-04.30.18:167][  0]Cmd: MAP CHECKDEP NOCLEARLOG
[2023.05.27-04.30.18:168][  0]MapCheck: Map check complete: ۰ Error(s), ۰ Warning(s), took ۰٫۶۷۴ms to complete.
[2023.05.27-04.30.18:168][  0]LogFileHelpers: Loading map 'Template_Default' took 14.824
[2023.05.27-04.30.18:174][  0]LogUnrealEdMisc: Total Editor Startup Time, took 43.950
[2023.05.27-04.30.18:339][  0]LogSlate: Updating window title bar state: overlay mode, drag disabled, window buttons hidden, title bar hidden
[2023.05.27-04.30.18:351][  0]LogSlate: Updating window title bar state: overlay mode, drag disabled, window buttons hidden, title bar hidden
[2023.05.27-04.30.18:365][  0]LogSlate: Updating window title bar state: overlay mode, drag disabled, window buttons hidden, title bar hidden
[2023.05.27-04.30.18:378][  0]LogSlate: Updating window title bar state: overlay mode, drag disabled, window buttons hidden, title bar hidden
[2023.05.27-04.30.18:406][  0]LogNativeClassHierarchy: Verbose: Native class hierarchy populated in 0.0193 seconds. Added 3822 classes and 928 folders.
[2023.05.27-04.30.18:410][  0]LogNativeClassHierarchy: Verbose: Native class hierarchy updated for 'WidgetCarousel' in 0.0005 seconds. Added 0 classes and 0 folders.
[2023.05.27-04.30.18:413][  0]LogPakFile: PakFile PrimaryIndexSize=187
[2023.05.27-04.30.18:413][  0]LogPakFile: PakFile PathHashIndexSize=101
[2023.05.27-04.30.18:413][  0]LogPakFile: PakFile FullDirectoryIndexSize=148
[2023.05.27-04.30.18:413][  0]LogShaderLibrary: Display: ShaderCodeLibraryPakFileMountedCallback: PakFile 'E:/UE4/Unreal Engine v4.27 Compiled/FeaturePacks/FP_FirstPerson.upack' (chunk index -1, root 'root:/') mounted
[2023.05.27-04.30.18:413][  0]LogShaderLibrary: Display: ShaderCodeLibraryPakFileMountedCallback: pending pak file info (ChunkID:-1 Root:root:/ File:E:/UE4/Unreal Engine v4.27 Compiled/FeaturePacks/FP_FirstPerson.upack)
[2023.05.27-04.30.18:413][  0]LogPakFile: OnPakFileMounted2Time == 0.000111
[2023.05.27-04.30.18:414][  0]LogPakFile: PakFile PrimaryIndexSize=189
[2023.05.27-04.30.18:414][  0]LogPakFile: PakFile PathHashIndexSize=101
[2023.05.27-04.30.18:414][  0]LogPakFile: PakFile FullDirectoryIndexSize=152
[2023.05.27-04.30.18:414][  0]LogShaderLibrary: Display: ShaderCodeLibraryPakFileMountedCallback: PakFile 'E:/UE4/Unreal Engine v4.27 Compiled/FeaturePacks/FP_FirstPersonBP.upack' (chunk index -1, root 'root:/') mounted
[2023.05.27-04.30.18:414][  0]LogShaderLibrary: Display: ShaderCodeLibraryPakFileMountedCallback: pending pak file info (ChunkID:-1 Root:root:/ File:E:/UE4/Unreal Engine v4.27 Compiled/FeaturePacks/FP_FirstPersonBP.upack)
[2023.05.27-04.30.18:415][  0]LogPakFile: OnPakFileMounted2Time == 0.000104
[2023.05.27-04.30.18:416][  0]LogPakFile: PakFile PrimaryIndexSize=191
[2023.05.27-04.30.18:416][  0]LogPakFile: PakFile PathHashIndexSize=101
[2023.05.27-04.30.18:416][  0]LogPakFile: PakFile FullDirectoryIndexSize=160
[2023.05.27-04.30.18:416][  0]LogShaderLibrary: Display: ShaderCodeLibraryPakFileMountedCallback: PakFile 'E:/UE4/Unreal Engine v4.27 Compiled/FeaturePacks/MobileStarterContent.upack' (chunk index -1, root 'root:/') mounted
[2023.05.27-04.30.18:416][  0]LogShaderLibrary: Display: ShaderCodeLibraryPakFileMountedCallback: pending pak file info (ChunkID:-1 Root:root:/ File:E:/UE4/Unreal Engine v4.27 Compiled/FeaturePacks/MobileStarterContent.upack)
[2023.05.27-04.30.18:416][  0]LogPakFile: OnPakFileMounted2Time == 0.000089
[2023.05.27-04.30.18:418][  0]LogPakFile: PakFile PrimaryIndexSize=185
[2023.05.27-04.30.18:418][  0]LogPakFile: PakFile PathHashIndexSize=101
[2023.05.27-04.30.18:418][  0]LogPakFile: PakFile FullDirectoryIndexSize=148
[2023.05.27-04.30.18:418][  0]LogShaderLibrary: Display: ShaderCodeLibraryPakFileMountedCallback: PakFile 'E:/UE4/Unreal Engine v4.27 Compiled/FeaturePacks/StarterContent.upack' (chunk index -1, root 'root:/') mounted
[2023.05.27-04.30.18:418][  0]LogShaderLibrary: Display: ShaderCodeLibraryPakFileMountedCallback: pending pak file info (ChunkID:-1 Root:root:/ File:E:/UE4/Unreal Engine v4.27 Compiled/FeaturePacks/StarterContent.upack)
[2023.05.27-04.30.18:418][  0]LogPakFile: OnPakFileMounted2Time == 0.000091
[2023.05.27-04.30.18:420][  0]LogPakFile: PakFile PrimaryIndexSize=190
[2023.05.27-04.30.18:420][  0]LogPakFile: PakFile PathHashIndexSize=101
[2023.05.27-04.30.18:420][  0]LogPakFile: PakFile FullDirectoryIndexSize=154
[2023.05.27-04.30.18:420][  0]LogShaderLibrary: Display: ShaderCodeLibraryPakFileMountedCallback: PakFile 'E:/UE4/Unreal Engine v4.27 Compiled/FeaturePacks/TP_2DSideScroller.upack' (chunk index -1, root 'root:/') mounted
[2023.05.27-04.30.18:420][  0]LogShaderLibrary: Display: ShaderCodeLibraryPakFileMountedCallback: pending pak file info (ChunkID:-1 Root:root:/ File:E:/UE4/Unreal Engine v4.27 Compiled/FeaturePacks/TP_2DSideScroller.upack)
[2023.05.27-04.30.18:420][  0]LogPakFile: OnPakFileMounted2Time == 0.000089
[2023.05.27-04.30.18:421][  0]LogPakFile: PakFile PrimaryIndexSize=192
[2023.05.27-04.30.18:421][  0]LogPakFile: PakFile PathHashIndexSize=101
[2023.05.27-04.30.18:421][  0]LogPakFile: PakFile FullDirectoryIndexSize=158
[2023.05.27-04.30.18:421][  0]LogShaderLibrary: Display: ShaderCodeLibraryPakFileMountedCallback: PakFile 'E:/UE4/Unreal Engine v4.27 Compiled/FeaturePacks/TP_2DSideScrollerBP.upack' (chunk index -1, root 'root:/') mounted
[2023.05.27-04.30.18:421][  0]LogShaderLibrary: Display: ShaderCodeLibraryPakFileMountedCallback: pending pak file info (ChunkID:-1 Root:root:/ File:E:/UE4/Unreal Engine v4.27 Compiled/FeaturePacks/TP_2DSideScrollerBP.upack)
[2023.05.27-04.30.18:421][  0]LogPakFile: OnPakFileMounted2Time == 0.000072
[2023.05.27-04.30.18:422][  0]LogPakFile: PakFile PrimaryIndexSize=182
[2023.05.27-04.30.18:422][  0]LogPakFile: PakFile PathHashIndexSize=101
[2023.05.27-04.30.18:422][  0]LogPakFile: PakFile FullDirectoryIndexSize=138
[2023.05.27-04.30.18:422][  0]LogShaderLibrary: Display: ShaderCodeLibraryPakFileMountedCallback: PakFile 'E:/UE4/Unreal Engine v4.27 Compiled/FeaturePacks/TP_Flying.upack' (chunk index -1, root 'root:/') mounted
[2023.05.27-04.30.18:423][  0]LogShaderLibrary: Display: ShaderCodeLibraryPakFileMountedCallback: pending pak file info (ChunkID:-1 Root:root:/ File:E:/UE4/Unreal Engine v4.27 Compiled/FeaturePacks/TP_Flying.upack)
[2023.05.27-04.30.18:423][  0]LogPakFile: OnPakFileMounted2Time == 0.000085
[2023.05.27-04.30.18:424][  0]LogPakFile: PakFile PrimaryIndexSize=184
[2023.05.27-04.30.18:424][  0]LogPakFile: PakFile PathHashIndexSize=101
[2023.05.27-04.30.18:424][  0]LogPakFile: PakFile FullDirectoryIndexSize=142
[2023.05.27-04.30.18:424][  0]LogShaderLibrary: Display: ShaderCodeLibraryPakFileMountedCallback: PakFile 'E:/UE4/Unreal Engine v4.27 Compiled/FeaturePacks/TP_FlyingBP.upack' (chunk index -1, root 'root:/') mounted
[2023.05.27-04.30.18:424][  0]LogShaderLibrary: Display: ShaderCodeLibraryPakFileMountedCallback: pending pak file info (ChunkID:-1 Root:root:/ File:E:/UE4/Unreal Engine v4.27 Compiled/FeaturePacks/TP_FlyingBP.upack)
[2023.05.27-04.30.18:424][  0]LogPakFile: OnPakFileMounted2Time == 0.000119
[2023.05.27-04.30.18:425][  0]LogPakFile: PakFile PrimaryIndexSize=188
[2023.05.27-04.30.18:425][  0]LogPakFile: PakFile PathHashIndexSize=101
[2023.05.27-04.30.18:425][  0]LogPakFile: PakFile FullDirectoryIndexSize=150
[2023.05.27-04.30.18:425][  0]LogShaderLibrary: Display: ShaderCodeLibraryPakFileMountedCallback: PakFile 'E:/UE4/Unreal Engine v4.27 Compiled/FeaturePacks/TP_HandheldARBP.upack' (chunk index -1, root 'root:/') mounted
[2023.05.27-04.30.18:425][  0]LogShaderLibrary: Display: ShaderCodeLibraryPakFileMountedCallback: pending pak file info (ChunkID:-1 Root:root:/ File:E:/UE4/Unreal Engine v4.27 Compiled/FeaturePacks/TP_HandheldARBP.upack)
[2023.05.27-04.30.18:425][  0]LogPakFile: OnPakFileMounted2Time == 0.000076
[2023.05.27-04.30.18:427][  0]LogPakFile: PakFile PrimaryIndexSize=182
[2023.05.27-04.30.18:427][  0]LogPakFile: PakFile PathHashIndexSize=101
[2023.05.27-04.30.18:427][  0]LogPakFile: PakFile FullDirectoryIndexSize=138
[2023.05.27-04.30.18:427][  0]LogShaderLibrary: Display: ShaderCodeLibraryPakFileMountedCallback: PakFile 'E:/UE4/Unreal Engine v4.27 Compiled/FeaturePacks/TP_Puzzle.upack' (chunk index -1, root 'root:/') mounted
[2023.05.27-04.30.18:427][  0]LogShaderLibrary: Display: ShaderCodeLibraryPakFileMountedCallback: pending pak file info (ChunkID:-1 Root:root:/ File:E:/UE4/Unreal Engine v4.27 Compiled/FeaturePacks/TP_Puzzle.upack)
[2023.05.27-04.30.18:427][  0]LogPakFile: OnPakFileMounted2Time == 0.000074
[2023.05.27-04.30.18:428][  0]LogPakFile: PakFile PrimaryIndexSize=184
[2023.05.27-04.30.18:428][  0]LogPakFile: PakFile PathHashIndexSize=101
[2023.05.27-04.30.18:428][  0]LogPakFile: PakFile FullDirectoryIndexSize=142
[2023.05.27-04.30.18:428][  0]LogShaderLibrary: Display: ShaderCodeLibraryPakFileMountedCallback: PakFile 'E:/UE4/Unreal Engine v4.27 Compiled/FeaturePacks/TP_PuzzleBP.upack' (chunk index -1, root 'root:/') mounted
[2023.05.27-04.30.18:428][  0]LogShaderLibrary: Display: ShaderCodeLibraryPakFileMountedCallback: pending pak file info (ChunkID:-1 Root:root:/ File:E:/UE4/Unreal Engine v4.27 Compiled/FeaturePacks/TP_PuzzleBP.upack)
[2023.05.27-04.30.18:429][  0]LogPakFile: OnPakFileMounted2Time == 0.000074
[2023.05.27-04.30.18:430][  0]LogPakFile: PakFile PrimaryIndexSize=183
[2023.05.27-04.30.18:430][  0]LogPakFile: PakFile PathHashIndexSize=101
[2023.05.27-04.30.18:430][  0]LogPakFile: PakFile FullDirectoryIndexSize=140
[2023.05.27-04.30.18:430][  0]LogShaderLibrary: Display: ShaderCodeLibraryPakFileMountedCallback: PakFile 'E:/UE4/Unreal Engine v4.27 Compiled/FeaturePacks/TP_Rolling.upack' (chunk index -1, root 'root:/') mounted
[2023.05.27-04.30.18:430][  0]LogShaderLibrary: Display: ShaderCodeLibraryPakFileMountedCallback: pending pak file info (ChunkID:-1 Root:root:/ File:E:/UE4/Unreal Engine v4.27 Compiled/FeaturePacks/TP_Rolling.upack)
[2023.05.27-04.30.18:430][  0]LogPakFile: OnPakFileMounted2Time == 0.000073
[2023.05.27-04.30.18:431][  0]LogPakFile: PakFile PrimaryIndexSize=185
[2023.05.27-04.30.18:431][  0]LogPakFile: PakFile PathHashIndexSize=101
[2023.05.27-04.30.18:431][  0]LogPakFile: PakFile FullDirectoryIndexSize=144
[2023.05.27-04.30.18:431][  0]LogShaderLibrary: Display: ShaderCodeLibraryPakFileMountedCallback: PakFile 'E:/UE4/Unreal Engine v4.27 Compiled/FeaturePacks/TP_RollingBP.upack' (chunk index -1, root 'root:/') mounted
[2023.05.27-04.30.18:431][  0]LogShaderLibrary: Display: ShaderCodeLibraryPakFileMountedCallback: pending pak file info (ChunkID:-1 Root:root:/ File:E:/UE4/Unreal Engine v4.27 Compiled/FeaturePacks/TP_RollingBP.upack)
[2023.05.27-04.30.18:431][  0]LogPakFile: OnPakFileMounted2Time == 0.000084
[2023.05.27-04.30.18:432][  0]LogPakFile: PakFile PrimaryIndexSize=188
[2023.05.27-04.30.18:432][  0]LogPakFile: PakFile PathHashIndexSize=101
[2023.05.27-04.30.18:432][  0]LogPakFile: PakFile FullDirectoryIndexSize=150
[2023.05.27-04.30.18:432][  0]LogShaderLibrary: Display: ShaderCodeLibraryPakFileMountedCallback: PakFile 'E:/UE4/Unreal Engine v4.27 Compiled/FeaturePacks/TP_SideScroller.upack' (chunk index -1, root 'root:/') mounted
[2023.05.27-04.30.18:433][  0]LogShaderLibrary: Display: ShaderCodeLibraryPakFileMountedCallback: pending pak file info (ChunkID:-1 Root:root:/ File:E:/UE4/Unreal Engine v4.27 Compiled/FeaturePacks/TP_SideScroller.upack)
[2023.05.27-04.30.18:433][  0]LogPakFile: OnPakFileMounted2Time == 0.000115
[2023.05.27-04.30.18:434][  0]LogPakFile: PakFile PrimaryIndexSize=190
[2023.05.27-04.30.18:434][  0]LogPakFile: PakFile PathHashIndexSize=101
[2023.05.27-04.30.18:434][  0]LogPakFile: PakFile FullDirectoryIndexSize=154
[2023.05.27-04.30.18:434][  0]LogShaderLibrary: Display: ShaderCodeLibraryPakFileMountedCallback: PakFile 'E:/UE4/Unreal Engine v4.27 Compiled/FeaturePacks/TP_SideScrollerBP.upack' (chunk index -1, root 'root:/') mounted
[2023.05.27-04.30.18:434][  0]LogShaderLibrary: Display: ShaderCodeLibraryPakFileMountedCallback: pending pak file info (ChunkID:-1 Root:root:/ File:E:/UE4/Unreal Engine v4.27 Compiled/FeaturePacks/TP_SideScrollerBP.upack)
[2023.05.27-04.30.18:434][  0]LogPakFile: OnPakFileMounted2Time == 0.000119
[2023.05.27-04.30.18:436][  0]LogPakFile: PakFile PrimaryIndexSize=187
[2023.05.27-04.30.18:437][  0]LogPakFile: PakFile PathHashIndexSize=101
[2023.05.27-04.30.18:437][  0]LogPakFile: PakFile FullDirectoryIndexSize=148
[2023.05.27-04.30.18:437][  0]LogShaderLibrary: Display: ShaderCodeLibraryPakFileMountedCallback: PakFile 'E:/UE4/Unreal Engine v4.27 Compiled/FeaturePacks/TP_ThirdPerson.upack' (chunk index -1, root 'root:/') mounted
[2023.05.27-04.30.18:437][  0]LogShaderLibrary: Display: ShaderCodeLibraryPakFileMountedCallback: pending pak file info (ChunkID:-1 Root:root:/ File:E:/UE4/Unreal Engine v4.27 Compiled/FeaturePacks/TP_ThirdPerson.upack)
[2023.05.27-04.30.18:437][  0]LogPakFile: OnPakFileMounted2Time == 0.000074
[2023.05.27-04.30.18:438][  0]LogPakFile: PakFile PrimaryIndexSize=189
[2023.05.27-04.30.18:438][  0]LogPakFile: PakFile PathHashIndexSize=101
[2023.05.27-04.30.18:438][  0]LogPakFile: PakFile FullDirectoryIndexSize=152
[2023.05.27-04.30.18:438][  0]LogShaderLibrary: Display: ShaderCodeLibraryPakFileMountedCallback: PakFile 'E:/UE4/Unreal Engine v4.27 Compiled/FeaturePacks/TP_ThirdPersonBP.upack' (chunk index -1, root 'root:/') mounted
[2023.05.27-04.30.18:438][  0]LogShaderLibrary: Display: ShaderCodeLibraryPakFileMountedCallback: pending pak file info (ChunkID:-1 Root:root:/ File:E:/UE4/Unreal Engine v4.27 Compiled/FeaturePacks/TP_ThirdPersonBP.upack)
[2023.05.27-04.30.18:438][  0]LogPakFile: OnPakFileMounted2Time == 0.000074
[2023.05.27-04.30.18:439][  0]LogPakFile: PakFile PrimaryIndexSize=183
[2023.05.27-04.30.18:439][  0]LogPakFile: PakFile PathHashIndexSize=101
[2023.05.27-04.30.18:439][  0]LogPakFile: PakFile FullDirectoryIndexSize=140
[2023.05.27-04.30.18:439][  0]LogShaderLibrary: Display: ShaderCodeLibraryPakFileMountedCallback: PakFile 'E:/UE4/Unreal Engine v4.27 Compiled/FeaturePacks/TP_TopDown.upack' (chunk index -1, root 'root:/') mounted
[2023.05.27-04.30.18:439][  0]LogShaderLibrary: Display: ShaderCodeLibraryPakFileMountedCallback: pending pak file info (ChunkID:-1 Root:root:/ File:E:/UE4/Unreal Engine v4.27 Compiled/FeaturePacks/TP_TopDown.upack)
[2023.05.27-04.30.18:439][  0]LogPakFile: OnPakFileMounted2Time == 0.000085
[2023.05.27-04.30.18:441][  0]LogPakFile: PakFile PrimaryIndexSize=185
[2023.05.27-04.30.18:441][  0]LogPakFile: PakFile PathHashIndexSize=101
[2023.05.27-04.30.18:441][  0]LogPakFile: PakFile FullDirectoryIndexSize=144
[2023.05.27-04.30.18:441][  0]LogShaderLibrary: Display: ShaderCodeLibraryPakFileMountedCallback: PakFile 'E:/UE4/Unreal Engine v4.27 Compiled/FeaturePacks/TP_TopDownBP.upack' (chunk index -1, root 'root:/') mounted
[2023.05.27-04.30.18:441][  0]LogShaderLibrary: Display: ShaderCodeLibraryPakFileMountedCallback: pending pak file info (ChunkID:-1 Root:root:/ File:E:/UE4/Unreal Engine v4.27 Compiled/FeaturePacks/TP_TopDownBP.upack)
[2023.05.27-04.30.18:441][  0]LogPakFile: OnPakFileMounted2Time == 0.000089
[2023.05.27-04.30.18:442][  0]LogPakFile: PakFile PrimaryIndexSize=185
[2023.05.27-04.30.18:442][  0]LogPakFile: PakFile PathHashIndexSize=101
[2023.05.27-04.30.18:442][  0]LogPakFile: PakFile FullDirectoryIndexSize=144
[2023.05.27-04.30.18:442][  0]LogShaderLibrary: Display: ShaderCodeLibraryPakFileMountedCallback: PakFile 'E:/UE4/Unreal Engine v4.27 Compiled/FeaturePacks/TP_TwinStick.upack' (chunk index -1, root 'root:/') mounted
[2023.05.27-04.30.18:442][  0]LogShaderLibrary: Display: ShaderCodeLibraryPakFileMountedCallback: pending pak file info (ChunkID:-1 Root:root:/ File:E:/UE4/Unreal Engine v4.27 Compiled/FeaturePacks/TP_TwinStick.upack)
[2023.05.27-04.30.18:442][  0]LogPakFile: OnPakFileMounted2Time == 0.000071
[2023.05.27-04.30.18:443][  0]LogPakFile: PakFile PrimaryIndexSize=187
[2023.05.27-04.30.18:443][  0]LogPakFile: PakFile PathHashIndexSize=101
[2023.05.27-04.30.18:443][  0]LogPakFile: PakFile FullDirectoryIndexSize=148
[2023.05.27-04.30.18:443][  0]LogShaderLibrary: Display: ShaderCodeLibraryPakFileMountedCallback: PakFile 'E:/UE4/Unreal Engine v4.27 Compiled/FeaturePacks/TP_TwinStickBP.upack' (chunk index -1, root 'root:/') mounted
[2023.05.27-04.30.18:443][  0]LogShaderLibrary: Display: ShaderCodeLibraryPakFileMountedCallback: pending pak file info (ChunkID:-1 Root:root:/ File:E:/UE4/Unreal Engine v4.27 Compiled/FeaturePacks/TP_TwinStickBP.upack)
[2023.05.27-04.30.18:443][  0]LogPakFile: OnPakFileMounted2Time == 0.000073
[2023.05.27-04.30.18:445][  0]LogPakFile: PakFile PrimaryIndexSize=183
[2023.05.27-04.30.18:445][  0]LogPakFile: PakFile PathHashIndexSize=101
[2023.05.27-04.30.18:445][  0]LogPakFile: PakFile FullDirectoryIndexSize=140
[2023.05.27-04.30.18:445][  0]LogShaderLibrary: Display: ShaderCodeLibraryPakFileMountedCallback: PakFile 'E:/UE4/Unreal Engine v4.27 Compiled/FeaturePacks/TP_Vehicle.upack' (chunk index -1, root 'root:/') mounted
[2023.05.27-04.30.18:445][  0]LogShaderLibrary: Display: ShaderCodeLibraryPakFileMountedCallback: pending pak file info (ChunkID:-1 Root:root:/ File:E:/UE4/Unreal Engine v4.27 Compiled/FeaturePacks/TP_Vehicle.upack)
[2023.05.27-04.30.18:445][  0]LogPakFile: OnPakFileMounted2Time == 0.000076
[2023.05.27-04.30.18:446][  0]LogPakFile: PakFile PrimaryIndexSize=186
[2023.05.27-04.30.18:446][  0]LogPakFile: PakFile PathHashIndexSize=101
[2023.05.27-04.30.18:446][  0]LogPakFile: PakFile FullDirectoryIndexSize=146
[2023.05.27-04.30.18:446][  0]LogShaderLibrary: Display: ShaderCodeLibraryPakFileMountedCallback: PakFile 'E:/UE4/Unreal Engine v4.27 Compiled/FeaturePacks/TP_VehicleAdv.upack' (chunk index -1, root 'root:/') mounted
[2023.05.27-04.30.18:446][  0]LogShaderLibrary: Display: ShaderCodeLibraryPakFileMountedCallback: pending pak file info (ChunkID:-1 Root:root:/ File:E:/UE4/Unreal Engine v4.27 Compiled/FeaturePacks/TP_VehicleAdv.upack)
[2023.05.27-04.30.18:446][  0]LogPakFile: OnPakFileMounted2Time == 0.000076
[2023.05.27-04.30.18:448][  0]LogPakFile: PakFile PrimaryIndexSize=188
[2023.05.27-04.30.18:448][  0]LogPakFile: PakFile PathHashIndexSize=101
[2023.05.27-04.30.18:448][  0]LogPakFile: PakFile FullDirectoryIndexSize=150
[2023.05.27-04.30.18:448][  0]LogShaderLibrary: Display: ShaderCodeLibraryPakFileMountedCallback: PakFile 'E:/UE4/Unreal Engine v4.27 Compiled/FeaturePacks/TP_VehicleAdvBP.upack' (chunk index -1, root 'root:/') mounted
[2023.05.27-04.30.18:448][  0]LogShaderLibrary: Display: ShaderCodeLibraryPakFileMountedCallback: pending pak file info (ChunkID:-1 Root:root:/ File:E:/UE4/Unreal Engine v4.27 Compiled/FeaturePacks/TP_VehicleAdvBP.upack)
[2023.05.27-04.30.18:448][  0]LogPakFile: OnPakFileMounted2Time == 0.000086
[2023.05.27-04.30.18:449][  0]LogPakFile: PakFile PrimaryIndexSize=185
[2023.05.27-04.30.18:449][  0]LogPakFile: PakFile PathHashIndexSize=101
[2023.05.27-04.30.18:449][  0]LogPakFile: PakFile FullDirectoryIndexSize=144
[2023.05.27-04.30.18:450][  0]LogShaderLibrary: Display: ShaderCodeLibraryPakFileMountedCallback: PakFile 'E:/UE4/Unreal Engine v4.27 Compiled/FeaturePacks/TP_VehicleBP.upack' (chunk index -1, root 'root:/') mounted
[2023.05.27-04.30.18:450][  0]LogShaderLibrary: Display: ShaderCodeLibraryPakFileMountedCallback: pending pak file info (ChunkID:-1 Root:root:/ File:E:/UE4/Unreal Engine v4.27 Compiled/FeaturePacks/TP_VehicleBP.upack)
[2023.05.27-04.30.18:450][  0]LogPakFile: OnPakFileMounted2Time == 0.000107
[2023.05.27-04.30.18:451][  0]LogPakFile: PakFile PrimaryIndexSize=192
[2023.05.27-04.30.18:451][  0]LogPakFile: PakFile PathHashIndexSize=101
[2023.05.27-04.30.18:451][  0]LogPakFile: PakFile FullDirectoryIndexSize=158
[2023.05.27-04.30.18:451][  0]LogShaderLibrary: Display: ShaderCodeLibraryPakFileMountedCallback: PakFile 'E:/UE4/Unreal Engine v4.27 Compiled/FeaturePacks/TP_VirtualRealityBP.upack' (chunk index -1, root 'root:/') mounted
[2023.05.27-04.30.18:451][  0]LogShaderLibrary: Display: ShaderCodeLibraryPakFileMountedCallback: pending pak file info (ChunkID:-1 Root:root:/ File:E:/UE4/Unreal Engine v4.27 Compiled/FeaturePacks/TP_VirtualRealityBP.upack)
[2023.05.27-04.30.18:451][  0]LogPakFile: OnPakFileMounted2Time == 0.000076
[2023.05.27-04.30.18:547][  0]LogNativeClassHierarchy: Verbose: Native class hierarchy updated for 'AddContentDialog' in 0.0005 seconds. Added 0 classes and 0 folders.
[2023.05.27-04.30.18:549][  0]LogNativeClassHierarchy: Verbose: Native class hierarchy updated for 'SceneOutliner' in 0.0005 seconds. Added 2 classes and 0 folders.
[2023.05.27-04.30.18:606][  0]LogSlate: Took 0.000976 seconds to synchronously load lazily loaded font '../../../Engine/Content/Slate/Fonts/Roboto-Regular.ttf' (155K)
[2023.05.27-04.30.18:607][  0]LogSlate: Took 0.000348 seconds to synchronously load lazily loaded font '../../../Engine/Content/Editor/Slate/Fonts/FontAwesome.ttf' (139K)
[2023.05.27-04.30.18:610][  0]LogSlate: Took 0.000379 seconds to synchronously load lazily loaded font '../../../Engine/Content/Slate/Fonts/Roboto-Bold.ttf' (160K)
[2023.05.27-04.30.18:617][  0]LogSlate: Took 0.000410 seconds to synchronously load lazily loaded font '../../../Engine/Content/Slate/Fonts/NotoNaskhArabicUI-Regular.ttf' (144K)
[2023.05.27-04.30.18:827][  0]LogRenderer: Reallocating scene render targets to support 900x388 Format 10 NumSamples 1 (Frame:1).
[2023.05.27-04.30.19:091][  0]LogNativeClassHierarchy: Verbose: Native class hierarchy updated for 'HierarchicalLODOutliner' in 0.0006 seconds. Added 0 classes and 0 folders.
[2023.05.27-04.30.19:091][  0]LogLoad: (Engine Initialization) Total time: 44.87 seconds
[2023.05.27-04.30.19:091][  0]LogLoad: (Engine Initialization) Total Blueprint compile time: 0.00 seconds
[2023.05.27-04.30.19:273][  0]LogContentStreaming: Texture pool size now 1000 MB
[2023.05.27-04.30.25:333][ 66]LogUObjectHash: Compacting FUObjectHashTables data took   2.75ms
[2023.05.27-04.30.25:373][ 66]LogSlate: Window 'Car - Unreal Editor' being destroyed
[2023.05.27-04.30.25:604][ 67]Cmd: QUIT_EDITOR
[2023.05.27-04.30.25:604][ 67]LogCore: Engine exit requested (reason: UUnrealEdEngine::CloseEditor())
[2023.05.27-04.30.25:612][ 67]LogCore: Engine exit requested (reason: EngineExit() was called; note: exit was already requested)
[2023.05.27-04.30.25:616][ 67]LogAudio: Display: Beginning Audio Device Manager Shutdown (Module: AudioMixerXAudio2)...
[2023.05.27-04.30.25:616][ 67]LogAudio: Display: Destroying 1 Remaining Audio Device(s)...
[2023.05.27-04.30.25:616][ 67]LogAudio: Display: Audio Device unregistered from world 'Untitled_1'.
[2023.05.27-04.30.25:616][ 67]LogAudioMixer: FMixerPlatformXAudio2::StopAudioStream() called
[2023.05.27-04.30.25:618][ 67]LogAudioMixer: FMixerPlatformXAudio2::StopAudioStream() called
[2023.05.27-04.30.25:644][ 67]LogAudio: Display: Audio Device Manager Shutdown
[2023.05.27-04.30.25:644][ 67]LogWindowsTextInputMethodSystem: Display: IME system deactivated.
[2023.05.27-04.30.25:661][ 67]LogExit: Preparing to exit.
[2023.05.27-04.30.47:230][ 67]LogUObjectHash: Compacting FUObjectHashTables data took   1.97ms
[2023.05.27-04.30.47:685][ 67]LogDemo: Cleaned up 0 splitscreen connections with owner deletion
[2023.05.27-04.30.47:731][ 67]LogWorld: UWorld::CleanupWorld for None, bSessionEnded=true, bCleanupResources=true
[2023.05.27-04.30.47:731][ 67]LogExit: Editor shut down
[2023.05.27-04.30.47:732][ 67]LogExit: Transaction tracking system shut down
